Calling target program-options parser
[18:55:36.107] [bmv2] [D] [thread 9378] Set default default entry for table 'tbl_drop': MyIngress.drop - 
[18:55:36.107] [bmv2] [D] [thread 9378] Set default default entry for table 'MyIngress.mac_exact': NoAction - 
[18:55:36.107] [bmv2] [D] [thread 9378] Set default default entry for table 'tbl_expedited_forwarding': MyIngress.expedited_forwarding - 
[18:55:36.108] [bmv2] [D] [thread 9378] Set default default entry for table 'tbl_voice_admit': MyIngress.voice_admit - 
[18:55:36.108] [bmv2] [D] [thread 9378] Set default default entry for table 'MyIngress.ipv4_lpm': NoAction - 
Adding interface s3-eth1 as port 1
[18:55:36.115] [bmv2] [D] [thread 9378] Adding interface s3-eth1 as port 1
Adding interface s3-eth2 as port 2
[18:55:36.127] [bmv2] [D] [thread 9378] Adding interface s3-eth2 as port 2
Adding interface s3-eth3 as port 3
[18:55:36.130] [bmv2] [D] [thread 9378] Adding interface s3-eth3 as port 3
Server listening on 0.0.0.0:50053
[18:55:36.138] [bmv2] [I] [thread 9378] Starting Thrift server on port 9092
[18:55:36.147] [bmv2] [I] [thread 9378] Thrift server was started
[18:55:37.748] [bmv2] [D] [thread 9388] [0.0] [cxt 0] Processing packet received on port 1
[18:55:37.748] [bmv2] [D] [thread 9388] [0.0] [cxt 0] Parser 'parser': start
[18:55:37.748] [bmv2] [D] [thread 9388] [0.0] [cxt 0] Parser 'parser' entering state 'start'
[18:55:37.748] [bmv2] [D] [thread 9388] [0.0] [cxt 0] Extracting header 'ethernet'
[18:55:37.748] [bmv2] [D] [thread 9388] [0.0] [cxt 0] Parser state 'start': key is 86dd
[18:55:37.749] [bmv2] [T] [thread 9388] [0.0] [cxt 0] Bytes parsed: 14
[18:55:37.749] [bmv2] [D] [thread 9388] [0.0] [cxt 0] Parser 'parser': end
[18:55:37.749] [bmv2] [D] [thread 9388] [0.0] [cxt 0] Pipeline 'ingress': start
[18:55:37.749] [bmv2] [T] [thread 9388] [0.0] [cxt 0] qos.p4(237) Condition "hdr.vlan.isValid()" (node_2) is false
[18:55:37.749] [bmv2] [T] [thread 9388] [0.0] [cxt 0] Applying table 'MyIngress.mac_exact'
[18:55:37.749] [bmv2] [D] [thread 9388] [0.0] [cxt 0] Looking up key:
* hdr.ethernet.dstAddr: 333300000002

[18:55:37.749] [bmv2] [D] [thread 9388] [0.0] [cxt 0] Table 'MyIngress.mac_exact': miss
[18:55:37.749] [bmv2] [D] [thread 9388] [0.0] [cxt 0] Action entry is NoAction - 
[18:55:37.749] [bmv2] [T] [thread 9388] [0.0] [cxt 0] Action NoAction
[18:55:37.749] [bmv2] [T] [thread 9388] [0.0] [cxt 0] qos.p4(243) Condition "hdr.ipv4.isValid()" (node_5) is false
[18:55:37.749] [bmv2] [D] [thread 9388] [0.0] [cxt 0] Pipeline 'ingress': end
[18:55:37.749] [bmv2] [D] [thread 9388] [0.0] [cxt 0] Egress port is 0
[18:55:37.751] [bmv2] [D] [thread 9389] [0.0] [cxt 0] Pipeline 'egress': start
[18:55:37.751] [bmv2] [D] [thread 9389] [0.0] [cxt 0] Pipeline 'egress': end
[18:55:37.751] [bmv2] [D] [thread 9389] [0.0] [cxt 0] Deparser 'deparser': start
[18:55:37.751] [bmv2] [T] [thread 9389] [0.0] [cxt 0] Skipping checksum 'cksum' update because condition not met
[18:55:37.751] [bmv2] [D] [thread 9389] [0.0] [cxt 0] Deparsing header 'ethernet'
[18:55:37.751] [bmv2] [D] [thread 9389] [0.0] [cxt 0] Deparser 'deparser': end
[18:55:37.751] [bmv2] [D] [thread 9393] [0.0] [cxt 0] Transmitting packet of size 70 out of port 0
[18:55:38.065] [bmv2] [W] [thread 9434] [P4Runtime] p4::tmp::P4DeviceConfig is deprecated
[18:55:38.078] [bmv2] [D] [thread 9434] Set default default entry for table 'tbl_drop': MyIngress.drop - 
[18:55:38.082] [bmv2] [D] [thread 9434] Set default default entry for table 'MyIngress.mac_exact': NoAction - 
[18:55:38.082] [bmv2] [D] [thread 9434] Set default default entry for table 'tbl_expedited_forwarding': MyIngress.expedited_forwarding - 
[18:55:38.082] [bmv2] [D] [thread 9434] Set default default entry for table 'tbl_voice_admit': MyIngress.voice_admit - 
[18:55:38.082] [bmv2] [D] [thread 9434] Set default default entry for table 'MyIngress.ipv4_lpm': NoAction - 
[18:55:38.086] [bmv2] [D] [thread 9434] simple_switch target has been notified of a config swap
[18:55:38.093] [bmv2] [D] [thread 9435] Entry 0 added to table 'MyIngress.ipv4_lpm'
[18:55:38.094] [bmv2] [D] [thread 9435] Dumping entry 0
Match key:
* hdr.ipv4.dstAddr    : LPM       0a000303/32
Action entry: MyIngress.ipv4_forward - 80000000303,1,

[18:55:38.100] [bmv2] [D] [thread 9434] Entry 1 added to table 'MyIngress.ipv4_lpm'
[18:55:38.100] [bmv2] [D] [thread 9434] Dumping entry 1
Match key:
* hdr.ipv4.dstAddr    : LPM       0a000100/24
Action entry: MyIngress.ipv4_forward - 80000000100,2,

[18:55:38.105] [bmv2] [D] [thread 9435] Entry 2 added to table 'MyIngress.ipv4_lpm'
[18:55:38.105] [bmv2] [D] [thread 9435] Dumping entry 2
Match key:
* hdr.ipv4.dstAddr    : LPM       0a000200/24
Action entry: MyIngress.ipv4_forward - 80000000200,3,

[18:55:38.518] [bmv2] [D] [thread 9388] [1.0] [cxt 0] Processing packet received on port 2
[18:55:38.518] [bmv2] [D] [thread 9388] [1.0] [cxt 0] Parser 'parser': start
[18:55:38.518] [bmv2] [D] [thread 9388] [1.0] [cxt 0] Parser 'parser' entering state 'start'
[18:55:38.518] [bmv2] [D] [thread 9388] [1.0] [cxt 0] Extracting header 'ethernet'
[18:55:38.519] [bmv2] [D] [thread 9388] [1.0] [cxt 0] Parser state 'start': key is 86dd
[18:55:38.519] [bmv2] [T] [thread 9388] [1.0] [cxt 0] Bytes parsed: 14
[18:55:38.519] [bmv2] [D] [thread 9388] [1.0] [cxt 0] Parser 'parser': end
[18:55:38.519] [bmv2] [D] [thread 9388] [1.0] [cxt 0] Pipeline 'ingress': start
[18:55:38.519] [bmv2] [T] [thread 9388] [1.0] [cxt 0] qos.p4(237) Condition "hdr.vlan.isValid()" (node_2) is false
[18:55:38.519] [bmv2] [T] [thread 9388] [1.0] [cxt 0] Applying table 'MyIngress.mac_exact'
[18:55:38.519] [bmv2] [D] [thread 9388] [1.0] [cxt 0] Looking up key:
* hdr.ethernet.dstAddr: 333300000002

[18:55:38.519] [bmv2] [D] [thread 9388] [1.0] [cxt 0] Table 'MyIngress.mac_exact': miss
[18:55:38.519] [bmv2] [D] [thread 9388] [1.0] [cxt 0] Action entry is NoAction - 
[18:55:38.519] [bmv2] [T] [thread 9388] [1.0] [cxt 0] Action NoAction
[18:55:38.519] [bmv2] [T] [thread 9388] [1.0] [cxt 0] qos.p4(243) Condition "hdr.ipv4.isValid()" (node_5) is false
[18:55:38.519] [bmv2] [D] [thread 9388] [1.0] [cxt 0] Pipeline 'ingress': end
[18:55:38.519] [bmv2] [D] [thread 9388] [1.0] [cxt 0] Egress port is 0
[18:55:38.520] [bmv2] [D] [thread 9389] [1.0] [cxt 0] Pipeline 'egress': start
[18:55:38.520] [bmv2] [D] [thread 9389] [1.0] [cxt 0] Pipeline 'egress': end
[18:55:38.520] [bmv2] [D] [thread 9389] [1.0] [cxt 0] Deparser 'deparser': start
[18:55:38.520] [bmv2] [T] [thread 9389] [1.0] [cxt 0] Skipping checksum 'cksum' update because condition not met
[18:55:38.520] [bmv2] [D] [thread 9389] [1.0] [cxt 0] Deparsing header 'ethernet'
[18:55:38.520] [bmv2] [D] [thread 9389] [1.0] [cxt 0] Deparser 'deparser': end
[18:55:38.520] [bmv2] [D] [thread 9393] [1.0] [cxt 0] Transmitting packet of size 70 out of port 0
[18:55:39.026] [bmv2] [D] [thread 9388] [2.0] [cxt 0] Processing packet received on port 2
[18:55:39.026] [bmv2] [D] [thread 9388] [2.0] [cxt 0] Parser 'parser': start
[18:55:39.026] [bmv2] [D] [thread 9388] [2.0] [cxt 0] Parser 'parser' entering state 'start'
[18:55:39.026] [bmv2] [D] [thread 9388] [2.0] [cxt 0] Extracting header 'ethernet'
[18:55:39.027] [bmv2] [D] [thread 9388] [2.0] [cxt 0] Parser state 'start': key is 86dd
[18:55:39.027] [bmv2] [T] [thread 9388] [2.0] [cxt 0] Bytes parsed: 14
[18:55:39.027] [bmv2] [D] [thread 9388] [2.0] [cxt 0] Parser 'parser': end
[18:55:39.027] [bmv2] [D] [thread 9388] [2.0] [cxt 0] Pipeline 'ingress': start
[18:55:39.027] [bmv2] [T] [thread 9388] [2.0] [cxt 0] qos.p4(237) Condition "hdr.vlan.isValid()" (node_2) is false
[18:55:39.027] [bmv2] [T] [thread 9388] [2.0] [cxt 0] Applying table 'MyIngress.mac_exact'
[18:55:39.027] [bmv2] [D] [thread 9388] [2.0] [cxt 0] Looking up key:
* hdr.ethernet.dstAddr: 333300000002

[18:55:39.030] [bmv2] [D] [thread 9388] [2.0] [cxt 0] Table 'MyIngress.mac_exact': miss
[18:55:39.030] [bmv2] [D] [thread 9388] [2.0] [cxt 0] Action entry is NoAction - 
[18:55:39.030] [bmv2] [T] [thread 9388] [2.0] [cxt 0] Action NoAction
[18:55:39.030] [bmv2] [T] [thread 9388] [2.0] [cxt 0] qos.p4(243) Condition "hdr.ipv4.isValid()" (node_5) is false
[18:55:39.030] [bmv2] [D] [thread 9388] [2.0] [cxt 0] Pipeline 'ingress': end
[18:55:39.031] [bmv2] [D] [thread 9388] [2.0] [cxt 0] Egress port is 0
[18:55:39.031] [bmv2] [D] [thread 9389] [2.0] [cxt 0] Pipeline 'egress': start
[18:55:39.031] [bmv2] [D] [thread 9389] [2.0] [cxt 0] Pipeline 'egress': end
[18:55:39.031] [bmv2] [D] [thread 9389] [2.0] [cxt 0] Deparser 'deparser': start
[18:55:39.031] [bmv2] [T] [thread 9389] [2.0] [cxt 0] Skipping checksum 'cksum' update because condition not met
[18:55:39.031] [bmv2] [D] [thread 9389] [2.0] [cxt 0] Deparsing header 'ethernet'
[18:55:39.031] [bmv2] [D] [thread 9389] [2.0] [cxt 0] Deparser 'deparser': end
[18:55:39.031] [bmv2] [D] [thread 9393] [2.0] [cxt 0] Transmitting packet of size 70 out of port 0
[18:55:39.282] [bmv2] [D] [thread 9388] [3.0] [cxt 0] Processing packet received on port 3
[18:55:39.282] [bmv2] [D] [thread 9388] [3.0] [cxt 0] Parser 'parser': start
[18:55:39.282] [bmv2] [D] [thread 9388] [3.0] [cxt 0] Parser 'parser' entering state 'start'
[18:55:39.282] [bmv2] [D] [thread 9388] [3.0] [cxt 0] Extracting header 'ethernet'
[18:55:39.282] [bmv2] [D] [thread 9388] [3.0] [cxt 0] Parser state 'start': key is 86dd
[18:55:39.283] [bmv2] [T] [thread 9388] [3.0] [cxt 0] Bytes parsed: 14
[18:55:39.283] [bmv2] [D] [thread 9388] [3.0] [cxt 0] Parser 'parser': end
[18:55:39.283] [bmv2] [D] [thread 9388] [3.0] [cxt 0] Pipeline 'ingress': start
[18:55:39.283] [bmv2] [T] [thread 9388] [3.0] [cxt 0] qos.p4(237) Condition "hdr.vlan.isValid()" (node_2) is false
[18:55:39.283] [bmv2] [T] [thread 9388] [3.0] [cxt 0] Applying table 'MyIngress.mac_exact'
[18:55:39.283] [bmv2] [D] [thread 9388] [3.0] [cxt 0] Looking up key:
* hdr.ethernet.dstAddr: 333300000002

[18:55:39.283] [bmv2] [D] [thread 9388] [3.0] [cxt 0] Table 'MyIngress.mac_exact': miss
[18:55:39.283] [bmv2] [D] [thread 9388] [3.0] [cxt 0] Action entry is NoAction - 
[18:55:39.283] [bmv2] [T] [thread 9388] [3.0] [cxt 0] Action NoAction
[18:55:39.283] [bmv2] [T] [thread 9388] [3.0] [cxt 0] qos.p4(243) Condition "hdr.ipv4.isValid()" (node_5) is false
[18:55:39.283] [bmv2] [D] [thread 9388] [3.0] [cxt 0] Pipeline 'ingress': end
[18:55:39.283] [bmv2] [D] [thread 9388] [3.0] [cxt 0] Egress port is 0
[18:55:39.283] [bmv2] [D] [thread 9389] [3.0] [cxt 0] Pipeline 'egress': start
[18:55:39.283] [bmv2] [D] [thread 9389] [3.0] [cxt 0] Pipeline 'egress': end
[18:55:39.283] [bmv2] [D] [thread 9389] [3.0] [cxt 0] Deparser 'deparser': start
[18:55:39.283] [bmv2] [T] [thread 9389] [3.0] [cxt 0] Skipping checksum 'cksum' update because condition not met
[18:55:39.283] [bmv2] [D] [thread 9389] [3.0] [cxt 0] Deparsing header 'ethernet'
[18:55:39.283] [bmv2] [D] [thread 9389] [3.0] [cxt 0] Deparser 'deparser': end
[18:55:39.283] [bmv2] [D] [thread 9393] [3.0] [cxt 0] Transmitting packet of size 70 out of port 0
[18:55:39.543] [bmv2] [D] [thread 9388] [4.0] [cxt 0] Processing packet received on port 3
[18:55:39.543] [bmv2] [D] [thread 9388] [4.0] [cxt 0] Parser 'parser': start
[18:55:39.543] [bmv2] [D] [thread 9388] [4.0] [cxt 0] Parser 'parser' entering state 'start'
[18:55:39.543] [bmv2] [D] [thread 9388] [4.0] [cxt 0] Extracting header 'ethernet'
[18:55:39.543] [bmv2] [D] [thread 9388] [4.0] [cxt 0] Parser state 'start': key is 86dd
[18:55:39.544] [bmv2] [T] [thread 9388] [4.0] [cxt 0] Bytes parsed: 14
[18:55:39.544] [bmv2] [D] [thread 9388] [4.0] [cxt 0] Parser 'parser': end
[18:55:39.544] [bmv2] [D] [thread 9388] [4.0] [cxt 0] Pipeline 'ingress': start
[18:55:39.544] [bmv2] [T] [thread 9388] [4.0] [cxt 0] qos.p4(237) Condition "hdr.vlan.isValid()" (node_2) is false
[18:55:39.544] [bmv2] [T] [thread 9388] [4.0] [cxt 0] Applying table 'MyIngress.mac_exact'
[18:55:39.544] [bmv2] [D] [thread 9388] [4.0] [cxt 0] Looking up key:
* hdr.ethernet.dstAddr: 333300000002

[18:55:39.544] [bmv2] [D] [thread 9388] [4.0] [cxt 0] Table 'MyIngress.mac_exact': miss
[18:55:39.544] [bmv2] [D] [thread 9388] [4.0] [cxt 0] Action entry is NoAction - 
[18:55:39.544] [bmv2] [T] [thread 9388] [4.0] [cxt 0] Action NoAction
[18:55:39.544] [bmv2] [T] [thread 9388] [4.0] [cxt 0] qos.p4(243) Condition "hdr.ipv4.isValid()" (node_5) is false
[18:55:39.545] [bmv2] [D] [thread 9388] [4.0] [cxt 0] Pipeline 'ingress': end
[18:55:39.545] [bmv2] [D] [thread 9388] [4.0] [cxt 0] Egress port is 0
[18:55:39.545] [bmv2] [D] [thread 9389] [4.0] [cxt 0] Pipeline 'egress': start
[18:55:39.545] [bmv2] [D] [thread 9389] [4.0] [cxt 0] Pipeline 'egress': end
[18:55:39.545] [bmv2] [D] [thread 9389] [4.0] [cxt 0] Deparser 'deparser': start
[18:55:39.545] [bmv2] [T] [thread 9389] [4.0] [cxt 0] Skipping checksum 'cksum' update because condition not met
[18:55:39.545] [bmv2] [D] [thread 9389] [4.0] [cxt 0] Deparsing header 'ethernet'
[18:55:39.545] [bmv2] [D] [thread 9389] [4.0] [cxt 0] Deparser 'deparser': end
[18:55:39.545] [bmv2] [D] [thread 9393] [4.0] [cxt 0] Transmitting packet of size 70 out of port 0
[18:55:45.426] [bmv2] [D] [thread 9388] [5.0] [cxt 0] Processing packet received on port 1
[18:55:45.427] [bmv2] [D] [thread 9388] [5.0] [cxt 0] Parser 'parser': start
[18:55:45.427] [bmv2] [D] [thread 9388] [5.0] [cxt 0] Parser 'parser' entering state 'start'
[18:55:45.427] [bmv2] [D] [thread 9388] [5.0] [cxt 0] Extracting header 'ethernet'
[18:55:45.428] [bmv2] [D] [thread 9388] [5.0] [cxt 0] Parser state 'start': key is 86dd
[18:55:45.428] [bmv2] [T] [thread 9388] [5.0] [cxt 0] Bytes parsed: 14
[18:55:45.428] [bmv2] [D] [thread 9388] [5.0] [cxt 0] Parser 'parser': end
[18:55:45.428] [bmv2] [D] [thread 9388] [5.0] [cxt 0] Pipeline 'ingress': start
[18:55:45.429] [bmv2] [T] [thread 9388] [5.0] [cxt 0] qos.p4(237) Condition "hdr.vlan.isValid()" (node_2) is false
[18:55:45.429] [bmv2] [T] [thread 9388] [5.0] [cxt 0] Applying table 'MyIngress.mac_exact'
[18:55:45.429] [bmv2] [D] [thread 9388] [5.0] [cxt 0] Looking up key:
* hdr.ethernet.dstAddr: 333300000002

[18:55:45.429] [bmv2] [D] [thread 9388] [5.0] [cxt 0] Table 'MyIngress.mac_exact': miss
[18:55:45.429] [bmv2] [D] [thread 9388] [5.0] [cxt 0] Action entry is NoAction - 
[18:55:45.429] [bmv2] [T] [thread 9388] [5.0] [cxt 0] Action NoAction
[18:55:45.429] [bmv2] [T] [thread 9388] [5.0] [cxt 0] qos.p4(243) Condition "hdr.ipv4.isValid()" (node_5) is false
[18:55:45.430] [bmv2] [D] [thread 9388] [5.0] [cxt 0] Pipeline 'ingress': end
[18:55:45.431] [bmv2] [D] [thread 9388] [5.0] [cxt 0] Egress port is 0
[18:55:45.432] [bmv2] [D] [thread 9389] [5.0] [cxt 0] Pipeline 'egress': start
[18:55:45.432] [bmv2] [D] [thread 9389] [5.0] [cxt 0] Pipeline 'egress': end
[18:55:45.432] [bmv2] [D] [thread 9389] [5.0] [cxt 0] Deparser 'deparser': start
[18:55:45.432] [bmv2] [T] [thread 9389] [5.0] [cxt 0] Skipping checksum 'cksum' update because condition not met
[18:55:45.432] [bmv2] [D] [thread 9389] [5.0] [cxt 0] Deparsing header 'ethernet'
[18:55:45.432] [bmv2] [D] [thread 9389] [5.0] [cxt 0] Deparser 'deparser': end
[18:55:45.432] [bmv2] [D] [thread 9393] [5.0] [cxt 0] Transmitting packet of size 70 out of port 0
[18:55:46.194] [bmv2] [D] [thread 9388] [6.0] [cxt 0] Processing packet received on port 2
[18:55:46.200] [bmv2] [D] [thread 9388] [6.0] [cxt 0] Parser 'parser': start
[18:55:46.200] [bmv2] [D] [thread 9388] [6.0] [cxt 0] Parser 'parser' entering state 'start'
[18:55:46.200] [bmv2] [D] [thread 9388] [6.0] [cxt 0] Extracting header 'ethernet'
[18:55:46.200] [bmv2] [D] [thread 9388] [6.0] [cxt 0] Parser state 'start': key is 86dd
[18:55:46.200] [bmv2] [T] [thread 9388] [6.0] [cxt 0] Bytes parsed: 14
[18:55:46.200] [bmv2] [D] [thread 9388] [6.0] [cxt 0] Parser 'parser': end
[18:55:46.200] [bmv2] [D] [thread 9388] [6.0] [cxt 0] Pipeline 'ingress': start
[18:55:46.200] [bmv2] [T] [thread 9388] [6.0] [cxt 0] qos.p4(237) Condition "hdr.vlan.isValid()" (node_2) is false
[18:55:46.200] [bmv2] [T] [thread 9388] [6.0] [cxt 0] Applying table 'MyIngress.mac_exact'
[18:55:46.200] [bmv2] [D] [thread 9388] [6.0] [cxt 0] Looking up key:
* hdr.ethernet.dstAddr: 333300000002

[18:55:46.200] [bmv2] [D] [thread 9388] [6.0] [cxt 0] Table 'MyIngress.mac_exact': miss
[18:55:46.200] [bmv2] [D] [thread 9388] [6.0] [cxt 0] Action entry is NoAction - 
[18:55:46.201] [bmv2] [T] [thread 9388] [6.0] [cxt 0] Action NoAction
[18:55:46.201] [bmv2] [T] [thread 9388] [6.0] [cxt 0] qos.p4(243) Condition "hdr.ipv4.isValid()" (node_5) is false
[18:55:46.201] [bmv2] [D] [thread 9388] [6.0] [cxt 0] Pipeline 'ingress': end
[18:55:46.201] [bmv2] [D] [thread 9388] [6.0] [cxt 0] Egress port is 0
[18:55:46.202] [bmv2] [D] [thread 9389] [6.0] [cxt 0] Pipeline 'egress': start
[18:55:46.202] [bmv2] [D] [thread 9389] [6.0] [cxt 0] Pipeline 'egress': end
[18:55:46.202] [bmv2] [D] [thread 9389] [6.0] [cxt 0] Deparser 'deparser': start
[18:55:46.202] [bmv2] [T] [thread 9389] [6.0] [cxt 0] Skipping checksum 'cksum' update because condition not met
[18:55:46.202] [bmv2] [D] [thread 9389] [6.0] [cxt 0] Deparsing header 'ethernet'
[18:55:46.202] [bmv2] [D] [thread 9389] [6.0] [cxt 0] Deparser 'deparser': end
[18:55:46.202] [bmv2] [D] [thread 9393] [6.0] [cxt 0] Transmitting packet of size 70 out of port 0
[18:55:47.220] [bmv2] [D] [thread 9388] [7.0] [cxt 0] Processing packet received on port 2
[18:55:47.220] [bmv2] [D] [thread 9388] [7.0] [cxt 0] Parser 'parser': start
[18:55:47.220] [bmv2] [D] [thread 9388] [7.0] [cxt 0] Parser 'parser' entering state 'start'
[18:55:47.220] [bmv2] [D] [thread 9388] [7.0] [cxt 0] Extracting header 'ethernet'
[18:55:47.220] [bmv2] [D] [thread 9388] [7.0] [cxt 0] Parser state 'start': key is 86dd
[18:55:47.220] [bmv2] [T] [thread 9388] [7.0] [cxt 0] Bytes parsed: 14
[18:55:47.220] [bmv2] [D] [thread 9388] [7.0] [cxt 0] Parser 'parser': end
[18:55:47.220] [bmv2] [D] [thread 9388] [7.0] [cxt 0] Pipeline 'ingress': start
[18:55:47.220] [bmv2] [T] [thread 9388] [7.0] [cxt 0] qos.p4(237) Condition "hdr.vlan.isValid()" (node_2) is false
[18:55:47.220] [bmv2] [T] [thread 9388] [7.0] [cxt 0] Applying table 'MyIngress.mac_exact'
[18:55:47.221] [bmv2] [D] [thread 9388] [7.0] [cxt 0] Looking up key:
* hdr.ethernet.dstAddr: 333300000002

[18:55:47.221] [bmv2] [D] [thread 9388] [7.0] [cxt 0] Table 'MyIngress.mac_exact': miss
[18:55:47.221] [bmv2] [D] [thread 9388] [7.0] [cxt 0] Action entry is NoAction - 
[18:55:47.221] [bmv2] [T] [thread 9388] [7.0] [cxt 0] Action NoAction
[18:55:47.221] [bmv2] [T] [thread 9388] [7.0] [cxt 0] qos.p4(243) Condition "hdr.ipv4.isValid()" (node_5) is false
[18:55:47.221] [bmv2] [D] [thread 9388] [7.0] [cxt 0] Pipeline 'ingress': end
[18:55:47.221] [bmv2] [D] [thread 9388] [7.0] [cxt 0] Egress port is 0
[18:55:47.221] [bmv2] [D] [thread 9388] [8.0] [cxt 0] Processing packet received on port 3
[18:55:47.221] [bmv2] [D] [thread 9388] [8.0] [cxt 0] Parser 'parser': start
[18:55:47.221] [bmv2] [D] [thread 9388] [8.0] [cxt 0] Parser 'parser' entering state 'start'
[18:55:47.221] [bmv2] [D] [thread 9388] [8.0] [cxt 0] Extracting header 'ethernet'
[18:55:47.221] [bmv2] [D] [thread 9388] [8.0] [cxt 0] Parser state 'start': key is 86dd
[18:55:47.221] [bmv2] [T] [thread 9388] [8.0] [cxt 0] Bytes parsed: 14
[18:55:47.221] [bmv2] [D] [thread 9388] [8.0] [cxt 0] Parser 'parser': end
[18:55:47.221] [bmv2] [D] [thread 9388] [8.0] [cxt 0] Pipeline 'ingress': start
[18:55:47.221] [bmv2] [T] [thread 9388] [8.0] [cxt 0] qos.p4(237) Condition "hdr.vlan.isValid()" (node_2) is false
[18:55:47.221] [bmv2] [T] [thread 9388] [8.0] [cxt 0] Applying table 'MyIngress.mac_exact'
[18:55:47.221] [bmv2] [D] [thread 9388] [8.0] [cxt 0] Looking up key:
* hdr.ethernet.dstAddr: 333300000002

[18:55:47.221] [bmv2] [D] [thread 9388] [8.0] [cxt 0] Table 'MyIngress.mac_exact': miss
[18:55:47.221] [bmv2] [D] [thread 9388] [8.0] [cxt 0] Action entry is NoAction - 
[18:55:47.221] [bmv2] [T] [thread 9388] [8.0] [cxt 0] Action NoAction
[18:55:47.221] [bmv2] [T] [thread 9388] [8.0] [cxt 0] qos.p4(243) Condition "hdr.ipv4.isValid()" (node_5) is false
[18:55:47.221] [bmv2] [D] [thread 9388] [8.0] [cxt 0] Pipeline 'ingress': end
[18:55:47.221] [bmv2] [D] [thread 9388] [8.0] [cxt 0] Egress port is 0
[18:55:47.221] [bmv2] [D] [thread 9389] [7.0] [cxt 0] Pipeline 'egress': start
[18:55:47.221] [bmv2] [D] [thread 9389] [7.0] [cxt 0] Pipeline 'egress': end
[18:55:47.221] [bmv2] [D] [thread 9389] [7.0] [cxt 0] Deparser 'deparser': start
[18:55:47.221] [bmv2] [T] [thread 9389] [7.0] [cxt 0] Skipping checksum 'cksum' update because condition not met
[18:55:47.222] [bmv2] [D] [thread 9389] [7.0] [cxt 0] Deparsing header 'ethernet'
[18:55:47.222] [bmv2] [D] [thread 9389] [7.0] [cxt 0] Deparser 'deparser': end
[18:55:47.222] [bmv2] [D] [thread 9389] [8.0] [cxt 0] Pipeline 'egress': start
[18:55:47.222] [bmv2] [D] [thread 9389] [8.0] [cxt 0] Pipeline 'egress': end
[18:55:47.222] [bmv2] [D] [thread 9389] [8.0] [cxt 0] Deparser 'deparser': start
[18:55:47.222] [bmv2] [T] [thread 9389] [8.0] [cxt 0] Skipping checksum 'cksum' update because condition not met
[18:55:47.222] [bmv2] [D] [thread 9389] [8.0] [cxt 0] Deparsing header 'ethernet'
[18:55:47.222] [bmv2] [D] [thread 9389] [8.0] [cxt 0] Deparser 'deparser': end
[18:55:47.222] [bmv2] [D] [thread 9393] [7.0] [cxt 0] Transmitting packet of size 70 out of port 0
[18:55:47.222] [bmv2] [D] [thread 9393] [8.0] [cxt 0] Transmitting packet of size 70 out of port 0
[18:55:47.732] [bmv2] [D] [thread 9388] [9.0] [cxt 0] Processing packet received on port 3
[18:55:47.732] [bmv2] [D] [thread 9388] [9.0] [cxt 0] Parser 'parser': start
[18:55:47.732] [bmv2] [D] [thread 9388] [9.0] [cxt 0] Parser 'parser' entering state 'start'
[18:55:47.733] [bmv2] [D] [thread 9388] [9.0] [cxt 0] Extracting header 'ethernet'
[18:55:47.733] [bmv2] [D] [thread 9388] [9.0] [cxt 0] Parser state 'start': key is 86dd
[18:55:47.733] [bmv2] [T] [thread 9388] [9.0] [cxt 0] Bytes parsed: 14
[18:55:47.733] [bmv2] [D] [thread 9388] [9.0] [cxt 0] Parser 'parser': end
[18:55:47.733] [bmv2] [D] [thread 9388] [9.0] [cxt 0] Pipeline 'ingress': start
[18:55:47.733] [bmv2] [T] [thread 9388] [9.0] [cxt 0] qos.p4(237) Condition "hdr.vlan.isValid()" (node_2) is false
[18:55:47.733] [bmv2] [T] [thread 9388] [9.0] [cxt 0] Applying table 'MyIngress.mac_exact'
[18:55:47.733] [bmv2] [D] [thread 9388] [9.0] [cxt 0] Looking up key:
* hdr.ethernet.dstAddr: 333300000002

[18:55:47.734] [bmv2] [D] [thread 9388] [9.0] [cxt 0] Table 'MyIngress.mac_exact': miss
[18:55:47.734] [bmv2] [D] [thread 9388] [9.0] [cxt 0] Action entry is NoAction - 
[18:55:47.734] [bmv2] [T] [thread 9388] [9.0] [cxt 0] Action NoAction
[18:55:47.734] [bmv2] [T] [thread 9388] [9.0] [cxt 0] qos.p4(243) Condition "hdr.ipv4.isValid()" (node_5) is false
[18:55:47.734] [bmv2] [D] [thread 9388] [9.0] [cxt 0] Pipeline 'ingress': end
[18:55:47.734] [bmv2] [D] [thread 9388] [9.0] [cxt 0] Egress port is 0
[18:55:47.736] [bmv2] [D] [thread 9389] [9.0] [cxt 0] Pipeline 'egress': start
[18:55:47.736] [bmv2] [D] [thread 9389] [9.0] [cxt 0] Pipeline 'egress': end
[18:55:47.736] [bmv2] [D] [thread 9389] [9.0] [cxt 0] Deparser 'deparser': start
[18:55:47.736] [bmv2] [T] [thread 9389] [9.0] [cxt 0] Skipping checksum 'cksum' update because condition not met
[18:55:47.736] [bmv2] [D] [thread 9389] [9.0] [cxt 0] Deparsing header 'ethernet'
[18:55:47.736] [bmv2] [D] [thread 9389] [9.0] [cxt 0] Deparser 'deparser': end
[18:55:47.736] [bmv2] [D] [thread 9393] [9.0] [cxt 0] Transmitting packet of size 70 out of port 0
[18:56:00.019] [bmv2] [D] [thread 9388] [10.0] [cxt 0] Processing packet received on port 1
[18:56:00.019] [bmv2] [D] [thread 9388] [10.0] [cxt 0] Parser 'parser': start
[18:56:00.020] [bmv2] [D] [thread 9388] [10.0] [cxt 0] Parser 'parser' entering state 'start'
[18:56:00.020] [bmv2] [D] [thread 9388] [10.0] [cxt 0] Extracting header 'ethernet'
[18:56:00.020] [bmv2] [D] [thread 9388] [10.0] [cxt 0] Parser state 'start': key is 86dd
[18:56:00.020] [bmv2] [T] [thread 9388] [10.0] [cxt 0] Bytes parsed: 14
[18:56:00.020] [bmv2] [D] [thread 9388] [10.0] [cxt 0] Parser 'parser': end
[18:56:00.021] [bmv2] [D] [thread 9388] [10.0] [cxt 0] Pipeline 'ingress': start
[18:56:00.021] [bmv2] [T] [thread 9388] [10.0] [cxt 0] qos.p4(237) Condition "hdr.vlan.isValid()" (node_2) is false
[18:56:00.021] [bmv2] [T] [thread 9388] [10.0] [cxt 0] Applying table 'MyIngress.mac_exact'
[18:56:00.021] [bmv2] [D] [thread 9388] [10.0] [cxt 0] Looking up key:
* hdr.ethernet.dstAddr: 333300000002

[18:56:00.022] [bmv2] [D] [thread 9388] [10.0] [cxt 0] Table 'MyIngress.mac_exact': miss
[18:56:00.022] [bmv2] [D] [thread 9388] [10.0] [cxt 0] Action entry is NoAction - 
[18:56:00.022] [bmv2] [T] [thread 9388] [10.0] [cxt 0] Action NoAction
[18:56:00.022] [bmv2] [T] [thread 9388] [10.0] [cxt 0] qos.p4(243) Condition "hdr.ipv4.isValid()" (node_5) is false
[18:56:00.022] [bmv2] [D] [thread 9388] [10.0] [cxt 0] Pipeline 'ingress': end
[18:56:00.022] [bmv2] [D] [thread 9388] [10.0] [cxt 0] Egress port is 0
[18:56:00.023] [bmv2] [D] [thread 9389] [10.0] [cxt 0] Pipeline 'egress': start
[18:56:00.023] [bmv2] [D] [thread 9389] [10.0] [cxt 0] Pipeline 'egress': end
[18:56:00.023] [bmv2] [D] [thread 9389] [10.0] [cxt 0] Deparser 'deparser': start
[18:56:00.023] [bmv2] [T] [thread 9389] [10.0] [cxt 0] Skipping checksum 'cksum' update because condition not met
[18:56:00.023] [bmv2] [D] [thread 9389] [10.0] [cxt 0] Deparsing header 'ethernet'
[18:56:00.023] [bmv2] [D] [thread 9389] [10.0] [cxt 0] Deparser 'deparser': end
[18:56:00.023] [bmv2] [D] [thread 9393] [10.0] [cxt 0] Transmitting packet of size 70 out of port 0
[18:56:02.071] [bmv2] [D] [thread 9388] [11.0] [cxt 0] Processing packet received on port 2
[18:56:02.071] [bmv2] [D] [thread 9388] [11.0] [cxt 0] Parser 'parser': start
[18:56:02.072] [bmv2] [D] [thread 9388] [11.0] [cxt 0] Parser 'parser' entering state 'start'
[18:56:02.072] [bmv2] [D] [thread 9388] [11.0] [cxt 0] Extracting header 'ethernet'
[18:56:02.072] [bmv2] [D] [thread 9388] [11.0] [cxt 0] Parser state 'start': key is 86dd
[18:56:02.072] [bmv2] [T] [thread 9388] [11.0] [cxt 0] Bytes parsed: 14
[18:56:02.072] [bmv2] [D] [thread 9388] [11.0] [cxt 0] Parser 'parser': end
[18:56:02.072] [bmv2] [D] [thread 9388] [11.0] [cxt 0] Pipeline 'ingress': start
[18:56:02.072] [bmv2] [T] [thread 9388] [11.0] [cxt 0] qos.p4(237) Condition "hdr.vlan.isValid()" (node_2) is false
[18:56:02.072] [bmv2] [T] [thread 9388] [11.0] [cxt 0] Applying table 'MyIngress.mac_exact'
[18:56:02.073] [bmv2] [D] [thread 9388] [11.0] [cxt 0] Looking up key:
* hdr.ethernet.dstAddr: 333300000002

[18:56:02.073] [bmv2] [D] [thread 9388] [11.0] [cxt 0] Table 'MyIngress.mac_exact': miss
[18:56:02.073] [bmv2] [D] [thread 9388] [11.0] [cxt 0] Action entry is NoAction - 
[18:56:02.073] [bmv2] [T] [thread 9388] [11.0] [cxt 0] Action NoAction
[18:56:02.073] [bmv2] [T] [thread 9388] [11.0] [cxt 0] qos.p4(243) Condition "hdr.ipv4.isValid()" (node_5) is false
[18:56:02.073] [bmv2] [D] [thread 9388] [11.0] [cxt 0] Pipeline 'ingress': end
[18:56:02.073] [bmv2] [D] [thread 9388] [11.0] [cxt 0] Egress port is 0
[18:56:02.073] [bmv2] [D] [thread 9389] [11.0] [cxt 0] Pipeline 'egress': start
[18:56:02.074] [bmv2] [D] [thread 9389] [11.0] [cxt 0] Pipeline 'egress': end
[18:56:02.074] [bmv2] [D] [thread 9389] [11.0] [cxt 0] Deparser 'deparser': start
[18:56:02.074] [bmv2] [T] [thread 9389] [11.0] [cxt 0] Skipping checksum 'cksum' update because condition not met
[18:56:02.074] [bmv2] [D] [thread 9389] [11.0] [cxt 0] Deparsing header 'ethernet'
[18:56:02.074] [bmv2] [D] [thread 9389] [11.0] [cxt 0] Deparser 'deparser': end
[18:56:02.074] [bmv2] [D] [thread 9393] [11.0] [cxt 0] Transmitting packet of size 70 out of port 0
[18:56:02.577] [bmv2] [D] [thread 9388] [12.0] [cxt 0] Processing packet received on port 3
[18:56:02.577] [bmv2] [D] [thread 9388] [12.0] [cxt 0] Parser 'parser': start
[18:56:02.577] [bmv2] [D] [thread 9388] [12.0] [cxt 0] Parser 'parser' entering state 'start'
[18:56:02.577] [bmv2] [D] [thread 9388] [12.0] [cxt 0] Extracting header 'ethernet'
[18:56:02.578] [bmv2] [D] [thread 9388] [12.0] [cxt 0] Parser state 'start': key is 86dd
[18:56:02.578] [bmv2] [T] [thread 9388] [12.0] [cxt 0] Bytes parsed: 14
[18:56:02.578] [bmv2] [D] [thread 9388] [12.0] [cxt 0] Parser 'parser': end
[18:56:02.578] [bmv2] [D] [thread 9388] [12.0] [cxt 0] Pipeline 'ingress': start
[18:56:02.578] [bmv2] [T] [thread 9388] [12.0] [cxt 0] qos.p4(237) Condition "hdr.vlan.isValid()" (node_2) is false
[18:56:02.578] [bmv2] [T] [thread 9388] [12.0] [cxt 0] Applying table 'MyIngress.mac_exact'
[18:56:02.578] [bmv2] [D] [thread 9388] [12.0] [cxt 0] Looking up key:
* hdr.ethernet.dstAddr: 333300000002

[18:56:02.581] [bmv2] [D] [thread 9388] [12.0] [cxt 0] Table 'MyIngress.mac_exact': miss
[18:56:02.581] [bmv2] [D] [thread 9388] [12.0] [cxt 0] Action entry is NoAction - 
[18:56:02.581] [bmv2] [T] [thread 9388] [12.0] [cxt 0] Action NoAction
[18:56:02.581] [bmv2] [T] [thread 9388] [12.0] [cxt 0] qos.p4(243) Condition "hdr.ipv4.isValid()" (node_5) is false
[18:56:02.581] [bmv2] [D] [thread 9388] [12.0] [cxt 0] Pipeline 'ingress': end
[18:56:02.581] [bmv2] [D] [thread 9388] [12.0] [cxt 0] Egress port is 0
[18:56:02.581] [bmv2] [D] [thread 9389] [12.0] [cxt 0] Pipeline 'egress': start
[18:56:02.581] [bmv2] [D] [thread 9389] [12.0] [cxt 0] Pipeline 'egress': end
[18:56:02.582] [bmv2] [D] [thread 9389] [12.0] [cxt 0] Deparser 'deparser': start
[18:56:02.582] [bmv2] [T] [thread 9389] [12.0] [cxt 0] Skipping checksum 'cksum' update because condition not met
[18:56:02.582] [bmv2] [D] [thread 9389] [12.0] [cxt 0] Deparsing header 'ethernet'
[18:56:02.582] [bmv2] [D] [thread 9389] [12.0] [cxt 0] Deparser 'deparser': end
[18:56:02.582] [bmv2] [D] [thread 9393] [12.0] [cxt 0] Transmitting packet of size 70 out of port 0
[18:56:03.346] [bmv2] [D] [thread 9388] [13.0] [cxt 0] Processing packet received on port 2
[18:56:03.346] [bmv2] [D] [thread 9388] [13.0] [cxt 0] Parser 'parser': start
[18:56:03.346] [bmv2] [D] [thread 9388] [13.0] [cxt 0] Parser 'parser' entering state 'start'
[18:56:03.346] [bmv2] [D] [thread 9388] [13.0] [cxt 0] Extracting header 'ethernet'
[18:56:03.347] [bmv2] [D] [thread 9388] [13.0] [cxt 0] Parser state 'start': key is 86dd
[18:56:03.347] [bmv2] [T] [thread 9388] [13.0] [cxt 0] Bytes parsed: 14
[18:56:03.347] [bmv2] [D] [thread 9388] [13.0] [cxt 0] Parser 'parser': end
[18:56:03.347] [bmv2] [D] [thread 9388] [13.0] [cxt 0] Pipeline 'ingress': start
[18:56:03.347] [bmv2] [T] [thread 9388] [13.0] [cxt 0] qos.p4(237) Condition "hdr.vlan.isValid()" (node_2) is false
[18:56:03.348] [bmv2] [T] [thread 9388] [13.0] [cxt 0] Applying table 'MyIngress.mac_exact'
[18:56:03.353] [bmv2] [D] [thread 9388] [13.0] [cxt 0] Looking up key:
* hdr.ethernet.dstAddr: 333300000002

[18:56:03.353] [bmv2] [D] [thread 9388] [13.0] [cxt 0] Table 'MyIngress.mac_exact': miss
[18:56:03.353] [bmv2] [D] [thread 9388] [13.0] [cxt 0] Action entry is NoAction - 
[18:56:03.353] [bmv2] [T] [thread 9388] [13.0] [cxt 0] Action NoAction
[18:56:03.353] [bmv2] [T] [thread 9388] [13.0] [cxt 0] qos.p4(243) Condition "hdr.ipv4.isValid()" (node_5) is false
[18:56:03.354] [bmv2] [D] [thread 9388] [13.0] [cxt 0] Pipeline 'ingress': end
[18:56:03.354] [bmv2] [D] [thread 9388] [13.0] [cxt 0] Egress port is 0
[18:56:03.354] [bmv2] [D] [thread 9389] [13.0] [cxt 0] Pipeline 'egress': start
[18:56:03.354] [bmv2] [D] [thread 9389] [13.0] [cxt 0] Pipeline 'egress': end
[18:56:03.354] [bmv2] [D] [thread 9389] [13.0] [cxt 0] Deparser 'deparser': start
[18:56:03.354] [bmv2] [T] [thread 9389] [13.0] [cxt 0] Skipping checksum 'cksum' update because condition not met
[18:56:03.354] [bmv2] [D] [thread 9389] [13.0] [cxt 0] Deparsing header 'ethernet'
[18:56:03.354] [bmv2] [D] [thread 9389] [13.0] [cxt 0] Deparser 'deparser': end
[18:56:03.354] [bmv2] [D] [thread 9393] [13.0] [cxt 0] Transmitting packet of size 70 out of port 0
[18:56:06.164] [bmv2] [D] [thread 9388] [14.0] [cxt 0] Processing packet received on port 3
[18:56:06.164] [bmv2] [D] [thread 9388] [14.0] [cxt 0] Parser 'parser': start
[18:56:06.164] [bmv2] [D] [thread 9388] [14.0] [cxt 0] Parser 'parser' entering state 'start'
[18:56:06.164] [bmv2] [D] [thread 9388] [14.0] [cxt 0] Extracting header 'ethernet'
[18:56:06.165] [bmv2] [D] [thread 9388] [14.0] [cxt 0] Parser state 'start': key is 86dd
[18:56:06.165] [bmv2] [T] [thread 9388] [14.0] [cxt 0] Bytes parsed: 14
[18:56:06.165] [bmv2] [D] [thread 9388] [14.0] [cxt 0] Parser 'parser': end
[18:56:06.165] [bmv2] [D] [thread 9388] [14.0] [cxt 0] Pipeline 'ingress': start
[18:56:06.165] [bmv2] [T] [thread 9388] [14.0] [cxt 0] qos.p4(237) Condition "hdr.vlan.isValid()" (node_2) is false
[18:56:06.165] [bmv2] [T] [thread 9388] [14.0] [cxt 0] Applying table 'MyIngress.mac_exact'
[18:56:06.166] [bmv2] [D] [thread 9388] [14.0] [cxt 0] Looking up key:
* hdr.ethernet.dstAddr: 333300000002

[18:56:06.166] [bmv2] [D] [thread 9388] [14.0] [cxt 0] Table 'MyIngress.mac_exact': miss
[18:56:06.166] [bmv2] [D] [thread 9388] [14.0] [cxt 0] Action entry is NoAction - 
[18:56:06.166] [bmv2] [T] [thread 9388] [14.0] [cxt 0] Action NoAction
[18:56:06.167] [bmv2] [T] [thread 9388] [14.0] [cxt 0] qos.p4(243) Condition "hdr.ipv4.isValid()" (node_5) is false
[18:56:06.167] [bmv2] [D] [thread 9388] [14.0] [cxt 0] Pipeline 'ingress': end
[18:56:06.173] [bmv2] [D] [thread 9388] [14.0] [cxt 0] Egress port is 0
[18:56:06.173] [bmv2] [D] [thread 9389] [14.0] [cxt 0] Pipeline 'egress': start
[18:56:06.173] [bmv2] [D] [thread 9389] [14.0] [cxt 0] Pipeline 'egress': end
[18:56:06.173] [bmv2] [D] [thread 9389] [14.0] [cxt 0] Deparser 'deparser': start
[18:56:06.173] [bmv2] [T] [thread 9389] [14.0] [cxt 0] Skipping checksum 'cksum' update because condition not met
[18:56:06.173] [bmv2] [D] [thread 9389] [14.0] [cxt 0] Deparsing header 'ethernet'
[18:56:06.173] [bmv2] [D] [thread 9389] [14.0] [cxt 0] Deparser 'deparser': end
[18:56:06.174] [bmv2] [D] [thread 9393] [14.0] [cxt 0] Transmitting packet of size 70 out of port 0
[18:56:28.691] [bmv2] [D] [thread 9388] [15.0] [cxt 0] Processing packet received on port 1
[18:56:28.692] [bmv2] [D] [thread 9388] [15.0] [cxt 0] Parser 'parser': start
[18:56:28.692] [bmv2] [D] [thread 9388] [15.0] [cxt 0] Parser 'parser' entering state 'start'
[18:56:28.692] [bmv2] [D] [thread 9388] [15.0] [cxt 0] Extracting header 'ethernet'
[18:56:28.692] [bmv2] [D] [thread 9388] [15.0] [cxt 0] Parser state 'start': key is 86dd
[18:56:28.692] [bmv2] [T] [thread 9388] [15.0] [cxt 0] Bytes parsed: 14
[18:56:28.692] [bmv2] [D] [thread 9388] [15.0] [cxt 0] Parser 'parser': end
[18:56:28.693] [bmv2] [D] [thread 9388] [15.0] [cxt 0] Pipeline 'ingress': start
[18:56:28.693] [bmv2] [T] [thread 9388] [15.0] [cxt 0] qos.p4(237) Condition "hdr.vlan.isValid()" (node_2) is false
[18:56:28.693] [bmv2] [T] [thread 9388] [15.0] [cxt 0] Applying table 'MyIngress.mac_exact'
[18:56:28.693] [bmv2] [D] [thread 9388] [15.0] [cxt 0] Looking up key:
* hdr.ethernet.dstAddr: 333300000002

[18:56:28.693] [bmv2] [D] [thread 9388] [15.0] [cxt 0] Table 'MyIngress.mac_exact': miss
[18:56:28.693] [bmv2] [D] [thread 9388] [15.0] [cxt 0] Action entry is NoAction - 
[18:56:28.694] [bmv2] [T] [thread 9388] [15.0] [cxt 0] Action NoAction
[18:56:28.694] [bmv2] [T] [thread 9388] [15.0] [cxt 0] qos.p4(243) Condition "hdr.ipv4.isValid()" (node_5) is false
[18:56:28.694] [bmv2] [D] [thread 9388] [15.0] [cxt 0] Pipeline 'ingress': end
[18:56:28.694] [bmv2] [D] [thread 9388] [15.0] [cxt 0] Egress port is 0
[18:56:28.694] [bmv2] [D] [thread 9389] [15.0] [cxt 0] Pipeline 'egress': start
[18:56:28.694] [bmv2] [D] [thread 9389] [15.0] [cxt 0] Pipeline 'egress': end
[18:56:28.695] [bmv2] [D] [thread 9389] [15.0] [cxt 0] Deparser 'deparser': start
[18:56:28.695] [bmv2] [T] [thread 9389] [15.0] [cxt 0] Skipping checksum 'cksum' update because condition not met
[18:56:28.695] [bmv2] [D] [thread 9389] [15.0] [cxt 0] Deparsing header 'ethernet'
[18:56:28.696] [bmv2] [D] [thread 9389] [15.0] [cxt 0] Deparser 'deparser': end
[18:56:28.696] [bmv2] [D] [thread 9393] [15.0] [cxt 0] Transmitting packet of size 70 out of port 0
[18:56:34.839] [bmv2] [D] [thread 9388] [16.0] [cxt 0] Processing packet received on port 2
[18:56:34.839] [bmv2] [D] [thread 9388] [16.0] [cxt 0] Parser 'parser': start
[18:56:34.839] [bmv2] [D] [thread 9388] [16.0] [cxt 0] Parser 'parser' entering state 'start'
[18:56:34.839] [bmv2] [D] [thread 9388] [16.0] [cxt 0] Extracting header 'ethernet'
[18:56:34.839] [bmv2] [D] [thread 9388] [16.0] [cxt 0] Parser state 'start': key is 86dd
[18:56:34.839] [bmv2] [T] [thread 9388] [16.0] [cxt 0] Bytes parsed: 14
[18:56:34.839] [bmv2] [D] [thread 9388] [16.0] [cxt 0] Parser 'parser': end
[18:56:34.840] [bmv2] [D] [thread 9388] [16.0] [cxt 0] Pipeline 'ingress': start
[18:56:34.840] [bmv2] [T] [thread 9388] [16.0] [cxt 0] qos.p4(237) Condition "hdr.vlan.isValid()" (node_2) is false
[18:56:34.840] [bmv2] [T] [thread 9388] [16.0] [cxt 0] Applying table 'MyIngress.mac_exact'
[18:56:34.840] [bmv2] [D] [thread 9388] [16.0] [cxt 0] Looking up key:
* hdr.ethernet.dstAddr: 333300000002

[18:56:34.840] [bmv2] [D] [thread 9388] [16.0] [cxt 0] Table 'MyIngress.mac_exact': miss
[18:56:34.840] [bmv2] [D] [thread 9388] [16.0] [cxt 0] Action entry is NoAction - 
[18:56:34.840] [bmv2] [T] [thread 9388] [16.0] [cxt 0] Action NoAction
[18:56:34.840] [bmv2] [T] [thread 9388] [16.0] [cxt 0] qos.p4(243) Condition "hdr.ipv4.isValid()" (node_5) is false
[18:56:34.840] [bmv2] [D] [thread 9388] [16.0] [cxt 0] Pipeline 'ingress': end
[18:56:34.840] [bmv2] [D] [thread 9388] [16.0] [cxt 0] Egress port is 0
[18:56:34.843] [bmv2] [D] [thread 9389] [16.0] [cxt 0] Pipeline 'egress': start
[18:56:34.843] [bmv2] [D] [thread 9389] [16.0] [cxt 0] Pipeline 'egress': end
[18:56:34.843] [bmv2] [D] [thread 9389] [16.0] [cxt 0] Deparser 'deparser': start
[18:56:34.843] [bmv2] [T] [thread 9389] [16.0] [cxt 0] Skipping checksum 'cksum' update because condition not met
[18:56:34.843] [bmv2] [D] [thread 9389] [16.0] [cxt 0] Deparsing header 'ethernet'
[18:56:34.843] [bmv2] [D] [thread 9389] [16.0] [cxt 0] Deparser 'deparser': end
[18:56:34.843] [bmv2] [D] [thread 9393] [16.0] [cxt 0] Transmitting packet of size 70 out of port 0
[18:56:34.843] [bmv2] [D] [thread 9388] [17.0] [cxt 0] Processing packet received on port 3
[18:56:34.843] [bmv2] [D] [thread 9388] [17.0] [cxt 0] Parser 'parser': start
[18:56:34.843] [bmv2] [D] [thread 9388] [17.0] [cxt 0] Parser 'parser' entering state 'start'
[18:56:34.843] [bmv2] [D] [thread 9388] [17.0] [cxt 0] Extracting header 'ethernet'
[18:56:34.843] [bmv2] [D] [thread 9388] [17.0] [cxt 0] Parser state 'start': key is 86dd
[18:56:34.844] [bmv2] [T] [thread 9388] [17.0] [cxt 0] Bytes parsed: 14
[18:56:34.844] [bmv2] [D] [thread 9388] [17.0] [cxt 0] Parser 'parser': end
[18:56:34.844] [bmv2] [D] [thread 9388] [17.0] [cxt 0] Pipeline 'ingress': start
[18:56:34.844] [bmv2] [T] [thread 9388] [17.0] [cxt 0] qos.p4(237) Condition "hdr.vlan.isValid()" (node_2) is false
[18:56:34.844] [bmv2] [T] [thread 9388] [17.0] [cxt 0] Applying table 'MyIngress.mac_exact'
[18:56:34.844] [bmv2] [D] [thread 9388] [17.0] [cxt 0] Looking up key:
* hdr.ethernet.dstAddr: 333300000002

[18:56:34.844] [bmv2] [D] [thread 9388] [17.0] [cxt 0] Table 'MyIngress.mac_exact': miss
[18:56:34.844] [bmv2] [D] [thread 9388] [17.0] [cxt 0] Action entry is NoAction - 
[18:56:34.844] [bmv2] [T] [thread 9388] [17.0] [cxt 0] Action NoAction
[18:56:34.844] [bmv2] [T] [thread 9388] [17.0] [cxt 0] qos.p4(243) Condition "hdr.ipv4.isValid()" (node_5) is false
[18:56:34.844] [bmv2] [D] [thread 9388] [17.0] [cxt 0] Pipeline 'ingress': end
[18:56:34.844] [bmv2] [D] [thread 9388] [17.0] [cxt 0] Egress port is 0
[18:56:34.845] [bmv2] [D] [thread 9389] [17.0] [cxt 0] Pipeline 'egress': start
[18:56:34.845] [bmv2] [D] [thread 9389] [17.0] [cxt 0] Pipeline 'egress': end
[18:56:34.846] [bmv2] [D] [thread 9389] [17.0] [cxt 0] Deparser 'deparser': start
[18:56:34.846] [bmv2] [T] [thread 9389] [17.0] [cxt 0] Skipping checksum 'cksum' update because condition not met
[18:56:34.846] [bmv2] [D] [thread 9389] [17.0] [cxt 0] Deparsing header 'ethernet'
[18:56:34.846] [bmv2] [D] [thread 9389] [17.0] [cxt 0] Deparser 'deparser': end
[18:56:34.846] [bmv2] [D] [thread 9393] [17.0] [cxt 0] Transmitting packet of size 70 out of port 0
[18:56:36.883] [bmv2] [D] [thread 9388] [18.0] [cxt 0] Processing packet received on port 2
[18:56:36.883] [bmv2] [D] [thread 9388] [18.0] [cxt 0] Parser 'parser': start
[18:56:36.883] [bmv2] [D] [thread 9388] [18.0] [cxt 0] Parser 'parser' entering state 'start'
[18:56:36.883] [bmv2] [D] [thread 9388] [18.0] [cxt 0] Extracting header 'ethernet'
[18:56:36.883] [bmv2] [D] [thread 9388] [18.0] [cxt 0] Parser state 'start': key is 86dd
[18:56:36.883] [bmv2] [T] [thread 9388] [18.0] [cxt 0] Bytes parsed: 14
[18:56:36.883] [bmv2] [D] [thread 9388] [18.0] [cxt 0] Parser 'parser': end
[18:56:36.884] [bmv2] [D] [thread 9388] [18.0] [cxt 0] Pipeline 'ingress': start
[18:56:36.884] [bmv2] [T] [thread 9388] [18.0] [cxt 0] qos.p4(237) Condition "hdr.vlan.isValid()" (node_2) is false
[18:56:36.884] [bmv2] [T] [thread 9388] [18.0] [cxt 0] Applying table 'MyIngress.mac_exact'
[18:56:36.884] [bmv2] [D] [thread 9388] [18.0] [cxt 0] Looking up key:
* hdr.ethernet.dstAddr: 333300000002

[18:56:36.884] [bmv2] [D] [thread 9388] [18.0] [cxt 0] Table 'MyIngress.mac_exact': miss
[18:56:36.884] [bmv2] [D] [thread 9388] [18.0] [cxt 0] Action entry is NoAction - 
[18:56:36.884] [bmv2] [T] [thread 9388] [18.0] [cxt 0] Action NoAction
[18:56:36.884] [bmv2] [T] [thread 9388] [18.0] [cxt 0] qos.p4(243) Condition "hdr.ipv4.isValid()" (node_5) is false
[18:56:36.884] [bmv2] [D] [thread 9388] [18.0] [cxt 0] Pipeline 'ingress': end
[18:56:36.884] [bmv2] [D] [thread 9388] [18.0] [cxt 0] Egress port is 0
[18:56:36.884] [bmv2] [D] [thread 9389] [18.0] [cxt 0] Pipeline 'egress': start
[18:56:36.884] [bmv2] [D] [thread 9389] [18.0] [cxt 0] Pipeline 'egress': end
[18:56:36.884] [bmv2] [D] [thread 9389] [18.0] [cxt 0] Deparser 'deparser': start
[18:56:36.884] [bmv2] [T] [thread 9389] [18.0] [cxt 0] Skipping checksum 'cksum' update because condition not met
[18:56:36.884] [bmv2] [D] [thread 9389] [18.0] [cxt 0] Deparsing header 'ethernet'
[18:56:36.884] [bmv2] [D] [thread 9389] [18.0] [cxt 0] Deparser 'deparser': end
[18:56:36.884] [bmv2] [D] [thread 9393] [18.0] [cxt 0] Transmitting packet of size 70 out of port 0
[18:56:40.980] [bmv2] [D] [thread 9388] [19.0] [cxt 0] Processing packet received on port 3
[18:56:40.980] [bmv2] [D] [thread 9388] [19.0] [cxt 0] Parser 'parser': start
[18:56:40.980] [bmv2] [D] [thread 9388] [19.0] [cxt 0] Parser 'parser' entering state 'start'
[18:56:40.980] [bmv2] [D] [thread 9388] [19.0] [cxt 0] Extracting header 'ethernet'
[18:56:40.980] [bmv2] [D] [thread 9388] [19.0] [cxt 0] Parser state 'start': key is 86dd
[18:56:40.980] [bmv2] [T] [thread 9388] [19.0] [cxt 0] Bytes parsed: 14
[18:56:40.980] [bmv2] [D] [thread 9388] [19.0] [cxt 0] Parser 'parser': end
[18:56:40.980] [bmv2] [D] [thread 9388] [19.0] [cxt 0] Pipeline 'ingress': start
[18:56:40.980] [bmv2] [T] [thread 9388] [19.0] [cxt 0] qos.p4(237) Condition "hdr.vlan.isValid()" (node_2) is false
[18:56:40.980] [bmv2] [T] [thread 9388] [19.0] [cxt 0] Applying table 'MyIngress.mac_exact'
[18:56:40.981] [bmv2] [D] [thread 9388] [19.0] [cxt 0] Looking up key:
* hdr.ethernet.dstAddr: 333300000002

[18:56:40.981] [bmv2] [D] [thread 9388] [19.0] [cxt 0] Table 'MyIngress.mac_exact': miss
[18:56:40.981] [bmv2] [D] [thread 9388] [19.0] [cxt 0] Action entry is NoAction - 
[18:56:40.981] [bmv2] [T] [thread 9388] [19.0] [cxt 0] Action NoAction
[18:56:40.981] [bmv2] [T] [thread 9388] [19.0] [cxt 0] qos.p4(243) Condition "hdr.ipv4.isValid()" (node_5) is false
[18:56:40.981] [bmv2] [D] [thread 9388] [19.0] [cxt 0] Pipeline 'ingress': end
[18:56:40.981] [bmv2] [D] [thread 9388] [19.0] [cxt 0] Egress port is 0
[18:56:40.985] [bmv2] [D] [thread 9389] [19.0] [cxt 0] Pipeline 'egress': start
[18:56:40.985] [bmv2] [D] [thread 9389] [19.0] [cxt 0] Pipeline 'egress': end
[18:56:40.985] [bmv2] [D] [thread 9389] [19.0] [cxt 0] Deparser 'deparser': start
[18:56:40.985] [bmv2] [T] [thread 9389] [19.0] [cxt 0] Skipping checksum 'cksum' update because condition not met
[18:56:40.985] [bmv2] [D] [thread 9389] [19.0] [cxt 0] Deparsing header 'ethernet'
[18:56:40.985] [bmv2] [D] [thread 9389] [19.0] [cxt 0] Deparser 'deparser': end
[18:56:40.985] [bmv2] [D] [thread 9393] [19.0] [cxt 0] Transmitting packet of size 70 out of port 0
[18:57:28.082] [bmv2] [D] [thread 9388] [20.0] [cxt 0] Processing packet received on port 1
[18:57:28.082] [bmv2] [D] [thread 9388] [20.0] [cxt 0] Parser 'parser': start
[18:57:28.082] [bmv2] [D] [thread 9388] [20.0] [cxt 0] Parser 'parser' entering state 'start'
[18:57:28.082] [bmv2] [D] [thread 9388] [20.0] [cxt 0] Extracting header 'ethernet'
[18:57:28.083] [bmv2] [D] [thread 9388] [20.0] [cxt 0] Parser state 'start': key is 86dd
[18:57:28.084] [bmv2] [T] [thread 9388] [20.0] [cxt 0] Bytes parsed: 14
[18:57:28.084] [bmv2] [D] [thread 9388] [20.0] [cxt 0] Parser 'parser': end
[18:57:28.085] [bmv2] [D] [thread 9388] [20.0] [cxt 0] Pipeline 'ingress': start
[18:57:28.085] [bmv2] [T] [thread 9388] [20.0] [cxt 0] qos.p4(237) Condition "hdr.vlan.isValid()" (node_2) is false
[18:57:28.085] [bmv2] [T] [thread 9388] [20.0] [cxt 0] Applying table 'MyIngress.mac_exact'
[18:57:28.085] [bmv2] [D] [thread 9388] [20.0] [cxt 0] Looking up key:
* hdr.ethernet.dstAddr: 333300000002

[18:57:28.085] [bmv2] [D] [thread 9388] [20.0] [cxt 0] Table 'MyIngress.mac_exact': miss
[18:57:28.085] [bmv2] [D] [thread 9388] [20.0] [cxt 0] Action entry is NoAction - 
[18:57:28.086] [bmv2] [T] [thread 9388] [20.0] [cxt 0] Action NoAction
[18:57:28.086] [bmv2] [T] [thread 9388] [20.0] [cxt 0] qos.p4(243) Condition "hdr.ipv4.isValid()" (node_5) is false
[18:57:28.086] [bmv2] [D] [thread 9388] [20.0] [cxt 0] Pipeline 'ingress': end
[18:57:28.086] [bmv2] [D] [thread 9388] [20.0] [cxt 0] Egress port is 0
[18:57:28.087] [bmv2] [D] [thread 9389] [20.0] [cxt 0] Pipeline 'egress': start
[18:57:28.087] [bmv2] [D] [thread 9389] [20.0] [cxt 0] Pipeline 'egress': end
[18:57:28.087] [bmv2] [D] [thread 9389] [20.0] [cxt 0] Deparser 'deparser': start
[18:57:28.087] [bmv2] [T] [thread 9389] [20.0] [cxt 0] Skipping checksum 'cksum' update because condition not met
[18:57:28.087] [bmv2] [D] [thread 9389] [20.0] [cxt 0] Deparsing header 'ethernet'
[18:57:28.087] [bmv2] [D] [thread 9389] [20.0] [cxt 0] Deparser 'deparser': end
[18:57:28.088] [bmv2] [D] [thread 9393] [20.0] [cxt 0] Transmitting packet of size 70 out of port 0
[18:57:38.327] [bmv2] [D] [thread 9388] [21.0] [cxt 0] Processing packet received on port 3
[18:57:38.327] [bmv2] [D] [thread 9388] [21.0] [cxt 0] Parser 'parser': start
[18:57:38.327] [bmv2] [D] [thread 9388] [21.0] [cxt 0] Parser 'parser' entering state 'start'
[18:57:38.328] [bmv2] [D] [thread 9388] [21.0] [cxt 0] Extracting header 'ethernet'
[18:57:38.328] [bmv2] [D] [thread 9388] [21.0] [cxt 0] Parser state 'start': key is 86dd
[18:57:38.329] [bmv2] [T] [thread 9388] [21.0] [cxt 0] Bytes parsed: 14
[18:57:38.329] [bmv2] [D] [thread 9388] [21.0] [cxt 0] Parser 'parser': end
[18:57:38.329] [bmv2] [D] [thread 9388] [21.0] [cxt 0] Pipeline 'ingress': start
[18:57:38.329] [bmv2] [T] [thread 9388] [21.0] [cxt 0] qos.p4(237) Condition "hdr.vlan.isValid()" (node_2) is false
[18:57:38.330] [bmv2] [T] [thread 9388] [21.0] [cxt 0] Applying table 'MyIngress.mac_exact'
[18:57:38.330] [bmv2] [D] [thread 9388] [21.0] [cxt 0] Looking up key:
* hdr.ethernet.dstAddr: 333300000002

[18:57:38.330] [bmv2] [D] [thread 9388] [21.0] [cxt 0] Table 'MyIngress.mac_exact': miss
[18:57:38.330] [bmv2] [D] [thread 9388] [21.0] [cxt 0] Action entry is NoAction - 
[18:57:38.333] [bmv2] [T] [thread 9388] [21.0] [cxt 0] Action NoAction
[18:57:38.333] [bmv2] [T] [thread 9388] [21.0] [cxt 0] qos.p4(243) Condition "hdr.ipv4.isValid()" (node_5) is false
[18:57:38.333] [bmv2] [D] [thread 9388] [21.0] [cxt 0] Pipeline 'ingress': end
[18:57:38.333] [bmv2] [D] [thread 9388] [21.0] [cxt 0] Egress port is 0
[18:57:38.334] [bmv2] [D] [thread 9389] [21.0] [cxt 0] Pipeline 'egress': start
[18:57:38.334] [bmv2] [D] [thread 9389] [21.0] [cxt 0] Pipeline 'egress': end
[18:57:38.334] [bmv2] [D] [thread 9389] [21.0] [cxt 0] Deparser 'deparser': start
[18:57:38.334] [bmv2] [T] [thread 9389] [21.0] [cxt 0] Skipping checksum 'cksum' update because condition not met
[18:57:38.334] [bmv2] [D] [thread 9389] [21.0] [cxt 0] Deparsing header 'ethernet'
[18:57:38.334] [bmv2] [D] [thread 9389] [21.0] [cxt 0] Deparser 'deparser': end
[18:57:38.334] [bmv2] [D] [thread 9393] [21.0] [cxt 0] Transmitting packet of size 70 out of port 0
[18:57:42.430] [bmv2] [D] [thread 9388] [22.0] [cxt 0] Processing packet received on port 2
[18:57:42.430] [bmv2] [D] [thread 9388] [22.0] [cxt 0] Parser 'parser': start
[18:57:42.430] [bmv2] [D] [thread 9388] [22.0] [cxt 0] Parser 'parser' entering state 'start'
[18:57:42.430] [bmv2] [D] [thread 9388] [22.0] [cxt 0] Extracting header 'ethernet'
[18:57:42.431] [bmv2] [D] [thread 9388] [22.0] [cxt 0] Parser state 'start': key is 86dd
[18:57:42.431] [bmv2] [T] [thread 9388] [22.0] [cxt 0] Bytes parsed: 14
[18:57:42.431] [bmv2] [D] [thread 9388] [22.0] [cxt 0] Parser 'parser': end
[18:57:42.431] [bmv2] [D] [thread 9388] [22.0] [cxt 0] Pipeline 'ingress': start
[18:57:42.431] [bmv2] [T] [thread 9388] [22.0] [cxt 0] qos.p4(237) Condition "hdr.vlan.isValid()" (node_2) is false
[18:57:42.432] [bmv2] [T] [thread 9388] [22.0] [cxt 0] Applying table 'MyIngress.mac_exact'
[18:57:42.432] [bmv2] [D] [thread 9388] [22.0] [cxt 0] Looking up key:
* hdr.ethernet.dstAddr: 333300000002

[18:57:42.432] [bmv2] [D] [thread 9388] [22.0] [cxt 0] Table 'MyIngress.mac_exact': miss
[18:57:42.432] [bmv2] [D] [thread 9388] [22.0] [cxt 0] Action entry is NoAction - 
[18:57:42.432] [bmv2] [T] [thread 9388] [22.0] [cxt 0] Action NoAction
[18:57:42.432] [bmv2] [T] [thread 9388] [22.0] [cxt 0] qos.p4(243) Condition "hdr.ipv4.isValid()" (node_5) is false
[18:57:42.432] [bmv2] [D] [thread 9388] [22.0] [cxt 0] Pipeline 'ingress': end
[18:57:42.432] [bmv2] [D] [thread 9388] [22.0] [cxt 0] Egress port is 0
[18:57:42.434] [bmv2] [D] [thread 9389] [22.0] [cxt 0] Pipeline 'egress': start
[18:57:42.434] [bmv2] [D] [thread 9389] [22.0] [cxt 0] Pipeline 'egress': end
[18:57:42.434] [bmv2] [D] [thread 9389] [22.0] [cxt 0] Deparser 'deparser': start
[18:57:42.434] [bmv2] [T] [thread 9389] [22.0] [cxt 0] Skipping checksum 'cksum' update because condition not met
[18:57:42.434] [bmv2] [D] [thread 9389] [22.0] [cxt 0] Deparsing header 'ethernet'
[18:57:42.435] [bmv2] [D] [thread 9389] [22.0] [cxt 0] Deparser 'deparser': end
[18:57:42.435] [bmv2] [D] [thread 9393] [22.0] [cxt 0] Transmitting packet of size 70 out of port 0
[18:57:42.436] [bmv2] [D] [thread 9388] [23.0] [cxt 0] Processing packet received on port 2
[18:57:42.436] [bmv2] [D] [thread 9388] [23.0] [cxt 0] Parser 'parser': start
[18:57:42.436] [bmv2] [D] [thread 9388] [23.0] [cxt 0] Parser 'parser' entering state 'start'
[18:57:42.436] [bmv2] [D] [thread 9388] [23.0] [cxt 0] Extracting header 'ethernet'
[18:57:42.436] [bmv2] [D] [thread 9388] [23.0] [cxt 0] Parser state 'start': key is 86dd
[18:57:42.436] [bmv2] [T] [thread 9388] [23.0] [cxt 0] Bytes parsed: 14
[18:57:42.436] [bmv2] [D] [thread 9388] [23.0] [cxt 0] Parser 'parser': end
[18:57:42.436] [bmv2] [D] [thread 9388] [23.0] [cxt 0] Pipeline 'ingress': start
[18:57:42.436] [bmv2] [T] [thread 9388] [23.0] [cxt 0] qos.p4(237) Condition "hdr.vlan.isValid()" (node_2) is false
[18:57:42.436] [bmv2] [T] [thread 9388] [23.0] [cxt 0] Applying table 'MyIngress.mac_exact'
[18:57:42.437] [bmv2] [D] [thread 9388] [23.0] [cxt 0] Looking up key:
* hdr.ethernet.dstAddr: 333300000002

[18:57:42.437] [bmv2] [D] [thread 9388] [23.0] [cxt 0] Table 'MyIngress.mac_exact': miss
[18:57:42.437] [bmv2] [D] [thread 9388] [23.0] [cxt 0] Action entry is NoAction - 
[18:57:42.437] [bmv2] [T] [thread 9388] [23.0] [cxt 0] Action NoAction
[18:57:42.437] [bmv2] [T] [thread 9388] [23.0] [cxt 0] qos.p4(243) Condition "hdr.ipv4.isValid()" (node_5) is false
[18:57:42.437] [bmv2] [D] [thread 9388] [23.0] [cxt 0] Pipeline 'ingress': end
[18:57:42.437] [bmv2] [D] [thread 9388] [23.0] [cxt 0] Egress port is 0
[18:57:42.441] [bmv2] [D] [thread 9389] [23.0] [cxt 0] Pipeline 'egress': start
[18:57:42.441] [bmv2] [D] [thread 9389] [23.0] [cxt 0] Pipeline 'egress': end
[18:57:42.441] [bmv2] [D] [thread 9389] [23.0] [cxt 0] Deparser 'deparser': start
[18:57:42.441] [bmv2] [T] [thread 9389] [23.0] [cxt 0] Skipping checksum 'cksum' update because condition not met
[18:57:42.441] [bmv2] [D] [thread 9389] [23.0] [cxt 0] Deparsing header 'ethernet'
[18:57:42.441] [bmv2] [D] [thread 9389] [23.0] [cxt 0] Deparser 'deparser': end
[18:57:42.441] [bmv2] [D] [thread 9393] [23.0] [cxt 0] Transmitting packet of size 70 out of port 0
[18:57:52.660] [bmv2] [D] [thread 9388] [24.0] [cxt 0] Processing packet received on port 3
[18:57:52.661] [bmv2] [D] [thread 9388] [24.0] [cxt 0] Parser 'parser': start
[18:57:52.661] [bmv2] [D] [thread 9388] [24.0] [cxt 0] Parser 'parser' entering state 'start'
[18:57:52.661] [bmv2] [D] [thread 9388] [24.0] [cxt 0] Extracting header 'ethernet'
[18:57:52.662] [bmv2] [D] [thread 9388] [24.0] [cxt 0] Parser state 'start': key is 86dd
[18:57:52.662] [bmv2] [T] [thread 9388] [24.0] [cxt 0] Bytes parsed: 14
[18:57:52.662] [bmv2] [D] [thread 9388] [24.0] [cxt 0] Parser 'parser': end
[18:57:52.662] [bmv2] [D] [thread 9388] [24.0] [cxt 0] Pipeline 'ingress': start
[18:57:52.662] [bmv2] [T] [thread 9388] [24.0] [cxt 0] qos.p4(237) Condition "hdr.vlan.isValid()" (node_2) is false
[18:57:52.662] [bmv2] [T] [thread 9388] [24.0] [cxt 0] Applying table 'MyIngress.mac_exact'
[18:57:52.663] [bmv2] [D] [thread 9388] [24.0] [cxt 0] Looking up key:
* hdr.ethernet.dstAddr: 333300000002

[18:57:52.666] [bmv2] [D] [thread 9388] [24.0] [cxt 0] Table 'MyIngress.mac_exact': miss
[18:57:52.666] [bmv2] [D] [thread 9388] [24.0] [cxt 0] Action entry is NoAction - 
[18:57:52.666] [bmv2] [T] [thread 9388] [24.0] [cxt 0] Action NoAction
[18:57:52.666] [bmv2] [T] [thread 9388] [24.0] [cxt 0] qos.p4(243) Condition "hdr.ipv4.isValid()" (node_5) is false
[18:57:52.666] [bmv2] [D] [thread 9388] [24.0] [cxt 0] Pipeline 'ingress': end
[18:57:52.666] [bmv2] [D] [thread 9388] [24.0] [cxt 0] Egress port is 0
[18:57:52.668] [bmv2] [D] [thread 9389] [24.0] [cxt 0] Pipeline 'egress': start
[18:57:52.669] [bmv2] [D] [thread 9389] [24.0] [cxt 0] Pipeline 'egress': end
[18:57:52.669] [bmv2] [D] [thread 9389] [24.0] [cxt 0] Deparser 'deparser': start
[18:57:52.669] [bmv2] [T] [thread 9389] [24.0] [cxt 0] Skipping checksum 'cksum' update because condition not met
[18:57:52.669] [bmv2] [D] [thread 9389] [24.0] [cxt 0] Deparsing header 'ethernet'
[18:57:52.669] [bmv2] [D] [thread 9389] [24.0] [cxt 0] Deparser 'deparser': end
[18:57:52.669] [bmv2] [D] [thread 9393] [24.0] [cxt 0] Transmitting packet of size 70 out of port 0
[18:59:20.723] [bmv2] [D] [thread 9388] [25.0] [cxt 0] Processing packet received on port 1
[18:59:20.723] [bmv2] [D] [thread 9388] [25.0] [cxt 0] Parser 'parser': start
[18:59:20.723] [bmv2] [D] [thread 9388] [25.0] [cxt 0] Parser 'parser' entering state 'start'
[18:59:20.723] [bmv2] [D] [thread 9388] [25.0] [cxt 0] Extracting header 'ethernet'
[18:59:20.723] [bmv2] [D] [thread 9388] [25.0] [cxt 0] Parser state 'start': key is 86dd
[18:59:20.724] [bmv2] [T] [thread 9388] [25.0] [cxt 0] Bytes parsed: 14
[18:59:20.724] [bmv2] [D] [thread 9388] [25.0] [cxt 0] Parser 'parser': end
[18:59:20.724] [bmv2] [D] [thread 9388] [25.0] [cxt 0] Pipeline 'ingress': start
[18:59:20.724] [bmv2] [T] [thread 9388] [25.0] [cxt 0] qos.p4(237) Condition "hdr.vlan.isValid()" (node_2) is false
[18:59:20.724] [bmv2] [T] [thread 9388] [25.0] [cxt 0] Applying table 'MyIngress.mac_exact'
[18:59:20.725] [bmv2] [D] [thread 9388] [25.0] [cxt 0] Looking up key:
* hdr.ethernet.dstAddr: 333300000002

[18:59:20.725] [bmv2] [D] [thread 9388] [25.0] [cxt 0] Table 'MyIngress.mac_exact': miss
[18:59:20.725] [bmv2] [D] [thread 9388] [25.0] [cxt 0] Action entry is NoAction - 
[18:59:20.725] [bmv2] [T] [thread 9388] [25.0] [cxt 0] Action NoAction
[18:59:20.725] [bmv2] [T] [thread 9388] [25.0] [cxt 0] qos.p4(243) Condition "hdr.ipv4.isValid()" (node_5) is false
[18:59:20.725] [bmv2] [D] [thread 9388] [25.0] [cxt 0] Pipeline 'ingress': end
[18:59:20.725] [bmv2] [D] [thread 9388] [25.0] [cxt 0] Egress port is 0
[18:59:20.726] [bmv2] [D] [thread 9389] [25.0] [cxt 0] Pipeline 'egress': start
[18:59:20.726] [bmv2] [D] [thread 9389] [25.0] [cxt 0] Pipeline 'egress': end
[18:59:20.726] [bmv2] [D] [thread 9389] [25.0] [cxt 0] Deparser 'deparser': start
[18:59:20.726] [bmv2] [T] [thread 9389] [25.0] [cxt 0] Skipping checksum 'cksum' update because condition not met
[18:59:20.726] [bmv2] [D] [thread 9389] [25.0] [cxt 0] Deparsing header 'ethernet'
[18:59:20.726] [bmv2] [D] [thread 9389] [25.0] [cxt 0] Deparser 'deparser': end
[18:59:20.727] [bmv2] [D] [thread 9393] [25.0] [cxt 0] Transmitting packet of size 70 out of port 0
[18:59:43.253] [bmv2] [D] [thread 9388] [26.0] [cxt 0] Processing packet received on port 3
[18:59:43.254] [bmv2] [D] [thread 9388] [26.0] [cxt 0] Parser 'parser': start
[18:59:43.254] [bmv2] [D] [thread 9388] [26.0] [cxt 0] Parser 'parser' entering state 'start'
[18:59:43.254] [bmv2] [D] [thread 9388] [26.0] [cxt 0] Extracting header 'ethernet'
[18:59:43.254] [bmv2] [D] [thread 9388] [26.0] [cxt 0] Parser state 'start': key is 86dd
[18:59:43.254] [bmv2] [T] [thread 9388] [26.0] [cxt 0] Bytes parsed: 14
[18:59:43.254] [bmv2] [D] [thread 9388] [26.0] [cxt 0] Parser 'parser': end
[18:59:43.254] [bmv2] [D] [thread 9388] [26.0] [cxt 0] Pipeline 'ingress': start
[18:59:43.255] [bmv2] [T] [thread 9388] [26.0] [cxt 0] qos.p4(237) Condition "hdr.vlan.isValid()" (node_2) is false
[18:59:43.267] [bmv2] [T] [thread 9388] [26.0] [cxt 0] Applying table 'MyIngress.mac_exact'
[18:59:43.267] [bmv2] [D] [thread 9388] [26.0] [cxt 0] Looking up key:
* hdr.ethernet.dstAddr: 333300000002

[18:59:43.267] [bmv2] [D] [thread 9388] [26.0] [cxt 0] Table 'MyIngress.mac_exact': miss
[18:59:43.267] [bmv2] [D] [thread 9388] [26.0] [cxt 0] Action entry is NoAction - 
[18:59:43.267] [bmv2] [T] [thread 9388] [26.0] [cxt 0] Action NoAction
[18:59:43.267] [bmv2] [T] [thread 9388] [26.0] [cxt 0] qos.p4(243) Condition "hdr.ipv4.isValid()" (node_5) is false
[18:59:43.267] [bmv2] [D] [thread 9388] [26.0] [cxt 0] Pipeline 'ingress': end
[18:59:43.268] [bmv2] [D] [thread 9388] [26.0] [cxt 0] Egress port is 0
[18:59:43.268] [bmv2] [D] [thread 9389] [26.0] [cxt 0] Pipeline 'egress': start
[18:59:43.268] [bmv2] [D] [thread 9389] [26.0] [cxt 0] Pipeline 'egress': end
[18:59:43.268] [bmv2] [D] [thread 9389] [26.0] [cxt 0] Deparser 'deparser': start
[18:59:43.268] [bmv2] [T] [thread 9389] [26.0] [cxt 0] Skipping checksum 'cksum' update because condition not met
[18:59:43.268] [bmv2] [D] [thread 9389] [26.0] [cxt 0] Deparsing header 'ethernet'
[18:59:43.268] [bmv2] [D] [thread 9389] [26.0] [cxt 0] Deparser 'deparser': end
[18:59:43.269] [bmv2] [D] [thread 9393] [26.0] [cxt 0] Transmitting packet of size 70 out of port 0
[19:00:01.684] [bmv2] [D] [thread 9388] [27.0] [cxt 0] Processing packet received on port 2
[19:00:01.689] [bmv2] [D] [thread 9388] [27.0] [cxt 0] Parser 'parser': start
[19:00:01.689] [bmv2] [D] [thread 9388] [27.0] [cxt 0] Parser 'parser' entering state 'start'
[19:00:01.689] [bmv2] [D] [thread 9388] [27.0] [cxt 0] Extracting header 'ethernet'
[19:00:01.689] [bmv2] [D] [thread 9388] [27.0] [cxt 0] Parser state 'start': key is 86dd
[19:00:01.689] [bmv2] [T] [thread 9388] [27.0] [cxt 0] Bytes parsed: 14
[19:00:01.689] [bmv2] [D] [thread 9388] [27.0] [cxt 0] Parser 'parser': end
[19:00:01.689] [bmv2] [D] [thread 9388] [27.0] [cxt 0] Pipeline 'ingress': start
[19:00:01.690] [bmv2] [T] [thread 9388] [27.0] [cxt 0] qos.p4(237) Condition "hdr.vlan.isValid()" (node_2) is false
[19:00:01.690] [bmv2] [T] [thread 9388] [27.0] [cxt 0] Applying table 'MyIngress.mac_exact'
[19:00:01.690] [bmv2] [D] [thread 9388] [27.0] [cxt 0] Looking up key:
* hdr.ethernet.dstAddr: 333300000002

[19:00:01.690] [bmv2] [D] [thread 9388] [27.0] [cxt 0] Table 'MyIngress.mac_exact': miss
[19:00:01.690] [bmv2] [D] [thread 9388] [27.0] [cxt 0] Action entry is NoAction - 
[19:00:01.690] [bmv2] [T] [thread 9388] [27.0] [cxt 0] Action NoAction
[19:00:01.690] [bmv2] [T] [thread 9388] [27.0] [cxt 0] qos.p4(243) Condition "hdr.ipv4.isValid()" (node_5) is false
[19:00:01.690] [bmv2] [D] [thread 9388] [27.0] [cxt 0] Pipeline 'ingress': end
[19:00:01.690] [bmv2] [D] [thread 9388] [27.0] [cxt 0] Egress port is 0
[19:00:01.695] [bmv2] [D] [thread 9389] [27.0] [cxt 0] Pipeline 'egress': start
[19:00:01.695] [bmv2] [D] [thread 9389] [27.0] [cxt 0] Pipeline 'egress': end
[19:00:01.695] [bmv2] [D] [thread 9389] [27.0] [cxt 0] Deparser 'deparser': start
[19:00:01.695] [bmv2] [T] [thread 9389] [27.0] [cxt 0] Skipping checksum 'cksum' update because condition not met
[19:00:01.695] [bmv2] [D] [thread 9389] [27.0] [cxt 0] Deparsing header 'ethernet'
[19:00:01.695] [bmv2] [D] [thread 9389] [27.0] [cxt 0] Deparser 'deparser': end
[19:00:01.695] [bmv2] [D] [thread 9393] [27.0] [cxt 0] Transmitting packet of size 70 out of port 0
[19:00:01.695] [bmv2] [D] [thread 9388] [28.0] [cxt 0] Processing packet received on port 2
[19:00:01.696] [bmv2] [D] [thread 9388] [28.0] [cxt 0] Parser 'parser': start
[19:00:01.696] [bmv2] [D] [thread 9388] [28.0] [cxt 0] Parser 'parser' entering state 'start'
[19:00:01.696] [bmv2] [D] [thread 9388] [28.0] [cxt 0] Extracting header 'ethernet'
[19:00:01.696] [bmv2] [D] [thread 9388] [28.0] [cxt 0] Parser state 'start': key is 86dd
[19:00:01.696] [bmv2] [T] [thread 9388] [28.0] [cxt 0] Bytes parsed: 14
[19:00:01.696] [bmv2] [D] [thread 9388] [28.0] [cxt 0] Parser 'parser': end
[19:00:01.696] [bmv2] [D] [thread 9388] [28.0] [cxt 0] Pipeline 'ingress': start
[19:00:01.696] [bmv2] [T] [thread 9388] [28.0] [cxt 0] qos.p4(237) Condition "hdr.vlan.isValid()" (node_2) is false
[19:00:01.696] [bmv2] [T] [thread 9388] [28.0] [cxt 0] Applying table 'MyIngress.mac_exact'
[19:00:01.696] [bmv2] [D] [thread 9388] [28.0] [cxt 0] Looking up key:
* hdr.ethernet.dstAddr: 333300000002

[19:00:01.696] [bmv2] [D] [thread 9388] [28.0] [cxt 0] Table 'MyIngress.mac_exact': miss
[19:00:01.697] [bmv2] [D] [thread 9388] [28.0] [cxt 0] Action entry is NoAction - 
[19:00:01.697] [bmv2] [T] [thread 9388] [28.0] [cxt 0] Action NoAction
[19:00:01.697] [bmv2] [T] [thread 9388] [28.0] [cxt 0] qos.p4(243) Condition "hdr.ipv4.isValid()" (node_5) is false
[19:00:01.697] [bmv2] [D] [thread 9388] [28.0] [cxt 0] Pipeline 'ingress': end
[19:00:01.697] [bmv2] [D] [thread 9388] [28.0] [cxt 0] Egress port is 0
[19:00:01.698] [bmv2] [D] [thread 9389] [28.0] [cxt 0] Pipeline 'egress': start
[19:00:01.698] [bmv2] [D] [thread 9389] [28.0] [cxt 0] Pipeline 'egress': end
[19:00:01.698] [bmv2] [D] [thread 9389] [28.0] [cxt 0] Deparser 'deparser': start
[19:00:01.698] [bmv2] [T] [thread 9389] [28.0] [cxt 0] Skipping checksum 'cksum' update because condition not met
[19:00:01.698] [bmv2] [D] [thread 9389] [28.0] [cxt 0] Deparsing header 'ethernet'
[19:00:01.698] [bmv2] [D] [thread 9389] [28.0] [cxt 0] Deparser 'deparser': end
[19:00:01.699] [bmv2] [D] [thread 9393] [28.0] [cxt 0] Transmitting packet of size 70 out of port 0
[19:00:18.075] [bmv2] [D] [thread 9388] [29.0] [cxt 0] Processing packet received on port 3
[19:00:18.075] [bmv2] [D] [thread 9388] [29.0] [cxt 0] Parser 'parser': start
[19:00:18.075] [bmv2] [D] [thread 9388] [29.0] [cxt 0] Parser 'parser' entering state 'start'
[19:00:18.075] [bmv2] [D] [thread 9388] [29.0] [cxt 0] Extracting header 'ethernet'
[19:00:18.080] [bmv2] [D] [thread 9388] [29.0] [cxt 0] Parser state 'start': key is 86dd
[19:00:18.080] [bmv2] [T] [thread 9388] [29.0] [cxt 0] Bytes parsed: 14
[19:00:18.080] [bmv2] [D] [thread 9388] [29.0] [cxt 0] Parser 'parser': end
[19:00:18.080] [bmv2] [D] [thread 9388] [29.0] [cxt 0] Pipeline 'ingress': start
[19:00:18.081] [bmv2] [T] [thread 9388] [29.0] [cxt 0] qos.p4(237) Condition "hdr.vlan.isValid()" (node_2) is false
[19:00:18.081] [bmv2] [T] [thread 9388] [29.0] [cxt 0] Applying table 'MyIngress.mac_exact'
[19:00:18.081] [bmv2] [D] [thread 9388] [29.0] [cxt 0] Looking up key:
* hdr.ethernet.dstAddr: 333300000002

[19:00:18.081] [bmv2] [D] [thread 9388] [29.0] [cxt 0] Table 'MyIngress.mac_exact': miss
[19:00:18.081] [bmv2] [D] [thread 9388] [29.0] [cxt 0] Action entry is NoAction - 
[19:00:18.081] [bmv2] [T] [thread 9388] [29.0] [cxt 0] Action NoAction
[19:00:18.081] [bmv2] [T] [thread 9388] [29.0] [cxt 0] qos.p4(243) Condition "hdr.ipv4.isValid()" (node_5) is false
[19:00:18.081] [bmv2] [D] [thread 9388] [29.0] [cxt 0] Pipeline 'ingress': end
[19:00:18.081] [bmv2] [D] [thread 9388] [29.0] [cxt 0] Egress port is 0
[19:00:18.082] [bmv2] [D] [thread 9389] [29.0] [cxt 0] Pipeline 'egress': start
[19:00:18.082] [bmv2] [D] [thread 9389] [29.0] [cxt 0] Pipeline 'egress': end
[19:00:18.082] [bmv2] [D] [thread 9389] [29.0] [cxt 0] Deparser 'deparser': start
[19:00:18.082] [bmv2] [T] [thread 9389] [29.0] [cxt 0] Skipping checksum 'cksum' update because condition not met
[19:00:18.082] [bmv2] [D] [thread 9389] [29.0] [cxt 0] Deparsing header 'ethernet'
[19:00:18.082] [bmv2] [D] [thread 9389] [29.0] [cxt 0] Deparser 'deparser': end
[19:00:18.083] [bmv2] [D] [thread 9393] [29.0] [cxt 0] Transmitting packet of size 70 out of port 0
[19:03:18.291] [bmv2] [D] [thread 9388] [30.0] [cxt 0] Processing packet received on port 1
[19:03:18.291] [bmv2] [D] [thread 9388] [30.0] [cxt 0] Parser 'parser': start
[19:03:18.291] [bmv2] [D] [thread 9388] [30.0] [cxt 0] Parser 'parser' entering state 'start'
[19:03:18.291] [bmv2] [D] [thread 9388] [30.0] [cxt 0] Extracting header 'ethernet'
[19:03:18.292] [bmv2] [D] [thread 9388] [30.0] [cxt 0] Parser state 'start': key is 86dd
[19:03:18.292] [bmv2] [T] [thread 9388] [30.0] [cxt 0] Bytes parsed: 14
[19:03:18.292] [bmv2] [D] [thread 9388] [30.0] [cxt 0] Parser 'parser': end
[19:03:18.293] [bmv2] [D] [thread 9388] [30.0] [cxt 0] Pipeline 'ingress': start
[19:03:18.293] [bmv2] [T] [thread 9388] [30.0] [cxt 0] qos.p4(237) Condition "hdr.vlan.isValid()" (node_2) is false
[19:03:18.293] [bmv2] [T] [thread 9388] [30.0] [cxt 0] Applying table 'MyIngress.mac_exact'
[19:03:18.293] [bmv2] [D] [thread 9388] [30.0] [cxt 0] Looking up key:
* hdr.ethernet.dstAddr: 333300000002

[19:03:18.293] [bmv2] [D] [thread 9388] [30.0] [cxt 0] Table 'MyIngress.mac_exact': miss
[19:03:18.294] [bmv2] [D] [thread 9388] [30.0] [cxt 0] Action entry is NoAction - 
[19:03:18.294] [bmv2] [T] [thread 9388] [30.0] [cxt 0] Action NoAction
[19:03:18.294] [bmv2] [T] [thread 9388] [30.0] [cxt 0] qos.p4(243) Condition "hdr.ipv4.isValid()" (node_5) is false
[19:03:18.294] [bmv2] [D] [thread 9388] [30.0] [cxt 0] Pipeline 'ingress': end
[19:03:18.294] [bmv2] [D] [thread 9388] [30.0] [cxt 0] Egress port is 0
[19:03:18.295] [bmv2] [D] [thread 9389] [30.0] [cxt 0] Pipeline 'egress': start
[19:03:18.295] [bmv2] [D] [thread 9389] [30.0] [cxt 0] Pipeline 'egress': end
[19:03:18.295] [bmv2] [D] [thread 9389] [30.0] [cxt 0] Deparser 'deparser': start
[19:03:18.295] [bmv2] [T] [thread 9389] [30.0] [cxt 0] Skipping checksum 'cksum' update because condition not met
[19:03:18.295] [bmv2] [D] [thread 9389] [30.0] [cxt 0] Deparsing header 'ethernet'
[19:03:18.296] [bmv2] [D] [thread 9389] [30.0] [cxt 0] Deparser 'deparser': end
[19:03:18.297] [bmv2] [D] [thread 9393] [30.0] [cxt 0] Transmitting packet of size 70 out of port 0
[19:03:51.064] [bmv2] [D] [thread 9388] [31.0] [cxt 0] Processing packet received on port 3
[19:03:51.064] [bmv2] [D] [thread 9388] [31.0] [cxt 0] Parser 'parser': start
[19:03:51.064] [bmv2] [D] [thread 9388] [31.0] [cxt 0] Parser 'parser' entering state 'start'
[19:03:51.064] [bmv2] [D] [thread 9388] [31.0] [cxt 0] Extracting header 'ethernet'
[19:03:51.064] [bmv2] [D] [thread 9388] [31.0] [cxt 0] Parser state 'start': key is 86dd
[19:03:51.064] [bmv2] [T] [thread 9388] [31.0] [cxt 0] Bytes parsed: 14
[19:03:51.064] [bmv2] [D] [thread 9388] [31.0] [cxt 0] Parser 'parser': end
[19:03:51.064] [bmv2] [D] [thread 9388] [31.0] [cxt 0] Pipeline 'ingress': start
[19:03:51.064] [bmv2] [T] [thread 9388] [31.0] [cxt 0] qos.p4(237) Condition "hdr.vlan.isValid()" (node_2) is false
[19:03:51.064] [bmv2] [T] [thread 9388] [31.0] [cxt 0] Applying table 'MyIngress.mac_exact'
[19:03:51.065] [bmv2] [D] [thread 9388] [31.0] [cxt 0] Looking up key:
* hdr.ethernet.dstAddr: 333300000002

[19:03:51.065] [bmv2] [D] [thread 9388] [31.0] [cxt 0] Table 'MyIngress.mac_exact': miss
[19:03:51.065] [bmv2] [D] [thread 9388] [31.0] [cxt 0] Action entry is NoAction - 
[19:03:51.065] [bmv2] [T] [thread 9388] [31.0] [cxt 0] Action NoAction
[19:03:51.065] [bmv2] [T] [thread 9388] [31.0] [cxt 0] qos.p4(243) Condition "hdr.ipv4.isValid()" (node_5) is false
[19:03:51.065] [bmv2] [D] [thread 9388] [31.0] [cxt 0] Pipeline 'ingress': end
[19:03:51.065] [bmv2] [D] [thread 9388] [31.0] [cxt 0] Egress port is 0
[19:03:51.065] [bmv2] [D] [thread 9389] [31.0] [cxt 0] Pipeline 'egress': start
[19:03:51.065] [bmv2] [D] [thread 9389] [31.0] [cxt 0] Pipeline 'egress': end
[19:03:51.065] [bmv2] [D] [thread 9389] [31.0] [cxt 0] Deparser 'deparser': start
[19:03:51.065] [bmv2] [T] [thread 9389] [31.0] [cxt 0] Skipping checksum 'cksum' update because condition not met
[19:03:51.065] [bmv2] [D] [thread 9389] [31.0] [cxt 0] Deparsing header 'ethernet'
[19:03:51.065] [bmv2] [D] [thread 9389] [31.0] [cxt 0] Deparser 'deparser': end
[19:03:51.065] [bmv2] [D] [thread 9393] [31.0] [cxt 0] Transmitting packet of size 70 out of port 0
open: No such file or directory
open: No such file or directory
open: No such file or directory
open: No such file or directory
open: No such file or directory
