Calling target program-options parser
[01:59:57.024] [bmv2] [D] [thread 4724] Set default default entry for table 'tbl_drop': MyIngress.drop - 
[01:59:57.025] [bmv2] [D] [thread 4724] Set default default entry for table 'MyIngress.mac_exact': NoAction - 
[01:59:57.025] [bmv2] [D] [thread 4724] Set default default entry for table 'tbl_expedited_forwarding': MyIngress.expedited_forwarding - 
[01:59:57.025] [bmv2] [D] [thread 4724] Set default default entry for table 'tbl_voice_admit': MyIngress.voice_admit - 
[01:59:57.025] [bmv2] [D] [thread 4724] Set default default entry for table 'MyIngress.ipv4_lpm': NoAction - 
[01:59:57.025] [bmv2] [D] [thread 4724] Set default default entry for table 'MyEgress.swtrace': NoAction - 
Adding interface s3-eth1 as port 1
[01:59:57.027] [bmv2] [D] [thread 4724] Adding interface s3-eth1 as port 1
Adding interface s3-eth2 as port 2
[01:59:57.034] [bmv2] [D] [thread 4724] Adding interface s3-eth2 as port 2
Adding interface s3-eth3 as port 3
[01:59:57.040] [bmv2] [D] [thread 4724] Adding interface s3-eth3 as port 3
Server listening on 0.0.0.0:50053
[01:59:57.053] [bmv2] [I] [thread 4724] Starting Thrift server on port 9092
[01:59:57.057] [bmv2] [I] [thread 4724] Thrift server was started
[01:59:59.040] [bmv2] [W] [thread 4781] [P4Runtime] p4::tmp::P4DeviceConfig is deprecated
[01:59:59.051] [bmv2] [D] [thread 4781] Set default default entry for table 'tbl_drop': MyIngress.drop - 
[01:59:59.051] [bmv2] [D] [thread 4781] Set default default entry for table 'MyIngress.mac_exact': NoAction - 
[01:59:59.056] [bmv2] [D] [thread 4781] Set default default entry for table 'tbl_expedited_forwarding': MyIngress.expedited_forwarding - 
[01:59:59.056] [bmv2] [D] [thread 4781] Set default default entry for table 'tbl_voice_admit': MyIngress.voice_admit - 
[01:59:59.056] [bmv2] [D] [thread 4781] Set default default entry for table 'MyIngress.ipv4_lpm': NoAction - 
[01:59:59.056] [bmv2] [D] [thread 4781] Set default default entry for table 'MyEgress.swtrace': NoAction - 
[01:59:59.059] [bmv2] [D] [thread 4781] simple_switch target has been notified of a config swap
[01:59:59.067] [bmv2] [D] [thread 4782] Set default entry for table 'MyEgress.swtrace': MyEgress.add_swtrace - 3,
[01:59:59.073] [bmv2] [D] [thread 4782] Entry 0 added to table 'MyIngress.ipv4_lpm'
[01:59:59.073] [bmv2] [D] [thread 4782] Dumping entry 0
Match key:
* hdr.ipv4.dstAddr    : LPM       0a000303/32
Action entry: MyIngress.ipv4_forward - 80000000303,1,

[01:59:59.078] [bmv2] [D] [thread 4787] Entry 1 added to table 'MyIngress.ipv4_lpm'
[01:59:59.078] [bmv2] [D] [thread 4787] Dumping entry 1
Match key:
* hdr.ipv4.dstAddr    : LPM       0a000100/24
Action entry: MyIngress.ipv4_forward - 80000000100,2,

[01:59:59.083] [bmv2] [D] [thread 4782] Entry 2 added to table 'MyIngress.ipv4_lpm'
[01:59:59.083] [bmv2] [D] [thread 4782] Dumping entry 2
Match key:
* hdr.ipv4.dstAddr    : LPM       0a000200/24
Action entry: MyIngress.ipv4_forward - 80000000200,3,

[01:59:59.605] [bmv2] [D] [thread 4734] [0.0] [cxt 0] Processing packet received on port 3
[01:59:59.605] [bmv2] [D] [thread 4734] [0.0] [cxt 0] Parser 'parser': start
[01:59:59.606] [bmv2] [D] [thread 4734] [0.0] [cxt 0] Parser 'parser' entering state 'start'
[01:59:59.606] [bmv2] [D] [thread 4734] [0.0] [cxt 0] Extracting header 'ethernet'
[01:59:59.606] [bmv2] [D] [thread 4734] [0.0] [cxt 0] Parser state 'start': key is 86dd
[01:59:59.606] [bmv2] [T] [thread 4734] [0.0] [cxt 0] Bytes parsed: 14
[01:59:59.606] [bmv2] [D] [thread 4734] [0.0] [cxt 0] Parser 'parser': end
[01:59:59.607] [bmv2] [D] [thread 4734] [0.0] [cxt 0] Pipeline 'ingress': start
[01:59:59.607] [bmv2] [T] [thread 4734] [0.0] [cxt 0] qos.p4(299) Condition "hdr.vlan.isValid()" (node_2) is false
[01:59:59.607] [bmv2] [T] [thread 4734] [0.0] [cxt 0] Applying table 'MyIngress.mac_exact'
[01:59:59.607] [bmv2] [D] [thread 4734] [0.0] [cxt 0] Looking up key:
* hdr.ethernet.dstAddr: 333300000002

[01:59:59.607] [bmv2] [D] [thread 4734] [0.0] [cxt 0] Table 'MyIngress.mac_exact': miss
[01:59:59.607] [bmv2] [D] [thread 4734] [0.0] [cxt 0] Action entry is NoAction - 
[01:59:59.608] [bmv2] [T] [thread 4734] [0.0] [cxt 0] Action NoAction
[01:59:59.608] [bmv2] [T] [thread 4734] [0.0] [cxt 0] qos.p4(305) Condition "hdr.ipv4.isValid()" (node_5) is false
[01:59:59.608] [bmv2] [D] [thread 4734] [0.0] [cxt 0] Pipeline 'ingress': end
[01:59:59.608] [bmv2] [D] [thread 4734] [0.0] [cxt 0] Egress port is 0
[01:59:59.610] [bmv2] [D] [thread 4735] [0.0] [cxt 0] Pipeline 'egress': start
[01:59:59.611] [bmv2] [T] [thread 4735] [0.0] [cxt 0] qos.p4(345) Condition "hdr.mri.isValid()" (node_13) is false
[01:59:59.611] [bmv2] [D] [thread 4735] [0.0] [cxt 0] Pipeline 'egress': end
[01:59:59.611] [bmv2] [D] [thread 4735] [0.0] [cxt 0] Deparser 'deparser': start
[01:59:59.611] [bmv2] [T] [thread 4735] [0.0] [cxt 0] Skipping checksum 'cksum' update because condition not met
[01:59:59.611] [bmv2] [D] [thread 4735] [0.0] [cxt 0] Deparsing header 'ethernet'
[01:59:59.611] [bmv2] [D] [thread 4735] [0.0] [cxt 0] Deparser 'deparser': end
[01:59:59.612] [bmv2] [D] [thread 4739] [0.0] [cxt 0] Transmitting packet of size 70 out of port 0
[01:59:59.866] [bmv2] [D] [thread 4734] [1.0] [cxt 0] Processing packet received on port 1
[01:59:59.866] [bmv2] [D] [thread 4734] [1.0] [cxt 0] Parser 'parser': start
[01:59:59.866] [bmv2] [D] [thread 4734] [1.0] [cxt 0] Parser 'parser' entering state 'start'
[01:59:59.866] [bmv2] [D] [thread 4734] [1.0] [cxt 0] Extracting header 'ethernet'
[01:59:59.866] [bmv2] [D] [thread 4734] [1.0] [cxt 0] Parser state 'start': key is 86dd
[01:59:59.866] [bmv2] [T] [thread 4734] [1.0] [cxt 0] Bytes parsed: 14
[01:59:59.866] [bmv2] [D] [thread 4734] [1.0] [cxt 0] Parser 'parser': end
[01:59:59.867] [bmv2] [D] [thread 4734] [1.0] [cxt 0] Pipeline 'ingress': start
[01:59:59.867] [bmv2] [T] [thread 4734] [1.0] [cxt 0] qos.p4(299) Condition "hdr.vlan.isValid()" (node_2) is false
[01:59:59.867] [bmv2] [T] [thread 4734] [1.0] [cxt 0] Applying table 'MyIngress.mac_exact'
[01:59:59.867] [bmv2] [D] [thread 4734] [1.0] [cxt 0] Looking up key:
* hdr.ethernet.dstAddr: 333300000002

[01:59:59.867] [bmv2] [D] [thread 4734] [1.0] [cxt 0] Table 'MyIngress.mac_exact': miss
[01:59:59.867] [bmv2] [D] [thread 4734] [1.0] [cxt 0] Action entry is NoAction - 
[01:59:59.867] [bmv2] [T] [thread 4734] [1.0] [cxt 0] Action NoAction
[01:59:59.867] [bmv2] [T] [thread 4734] [1.0] [cxt 0] qos.p4(305) Condition "hdr.ipv4.isValid()" (node_5) is false
[01:59:59.867] [bmv2] [D] [thread 4734] [1.0] [cxt 0] Pipeline 'ingress': end
[01:59:59.867] [bmv2] [D] [thread 4734] [1.0] [cxt 0] Egress port is 0
[01:59:59.868] [bmv2] [D] [thread 4735] [1.0] [cxt 0] Pipeline 'egress': start
[01:59:59.868] [bmv2] [T] [thread 4735] [1.0] [cxt 0] qos.p4(345) Condition "hdr.mri.isValid()" (node_13) is false
[01:59:59.868] [bmv2] [D] [thread 4735] [1.0] [cxt 0] Pipeline 'egress': end
[01:59:59.868] [bmv2] [D] [thread 4735] [1.0] [cxt 0] Deparser 'deparser': start
[01:59:59.868] [bmv2] [T] [thread 4735] [1.0] [cxt 0] Skipping checksum 'cksum' update because condition not met
[01:59:59.868] [bmv2] [D] [thread 4735] [1.0] [cxt 0] Deparsing header 'ethernet'
[01:59:59.868] [bmv2] [D] [thread 4735] [1.0] [cxt 0] Deparser 'deparser': end
[01:59:59.868] [bmv2] [D] [thread 4739] [1.0] [cxt 0] Transmitting packet of size 70 out of port 0
[01:59:59.869] [bmv2] [D] [thread 4734] [2.0] [cxt 0] Processing packet received on port 2
[01:59:59.869] [bmv2] [D] [thread 4734] [2.0] [cxt 0] Parser 'parser': start
[01:59:59.869] [bmv2] [D] [thread 4734] [2.0] [cxt 0] Parser 'parser' entering state 'start'
[01:59:59.869] [bmv2] [D] [thread 4734] [2.0] [cxt 0] Extracting header 'ethernet'
[01:59:59.869] [bmv2] [D] [thread 4734] [2.0] [cxt 0] Parser state 'start': key is 86dd
[01:59:59.869] [bmv2] [T] [thread 4734] [2.0] [cxt 0] Bytes parsed: 14
[01:59:59.869] [bmv2] [D] [thread 4734] [2.0] [cxt 0] Parser 'parser': end
[01:59:59.869] [bmv2] [D] [thread 4734] [2.0] [cxt 0] Pipeline 'ingress': start
[01:59:59.869] [bmv2] [T] [thread 4734] [2.0] [cxt 0] qos.p4(299) Condition "hdr.vlan.isValid()" (node_2) is false
[01:59:59.869] [bmv2] [T] [thread 4734] [2.0] [cxt 0] Applying table 'MyIngress.mac_exact'
[01:59:59.869] [bmv2] [D] [thread 4734] [2.0] [cxt 0] Looking up key:
* hdr.ethernet.dstAddr: 333300000002

[01:59:59.869] [bmv2] [D] [thread 4734] [2.0] [cxt 0] Table 'MyIngress.mac_exact': miss
[01:59:59.869] [bmv2] [D] [thread 4734] [2.0] [cxt 0] Action entry is NoAction - 
[01:59:59.869] [bmv2] [T] [thread 4734] [2.0] [cxt 0] Action NoAction
[01:59:59.869] [bmv2] [T] [thread 4734] [2.0] [cxt 0] qos.p4(305) Condition "hdr.ipv4.isValid()" (node_5) is false
[01:59:59.869] [bmv2] [D] [thread 4734] [2.0] [cxt 0] Pipeline 'ingress': end
[01:59:59.869] [bmv2] [D] [thread 4734] [2.0] [cxt 0] Egress port is 0
[01:59:59.870] [bmv2] [D] [thread 4735] [2.0] [cxt 0] Pipeline 'egress': start
[01:59:59.870] [bmv2] [T] [thread 4735] [2.0] [cxt 0] qos.p4(345) Condition "hdr.mri.isValid()" (node_13) is false
[01:59:59.870] [bmv2] [D] [thread 4735] [2.0] [cxt 0] Pipeline 'egress': end
[01:59:59.870] [bmv2] [D] [thread 4735] [2.0] [cxt 0] Deparser 'deparser': start
[01:59:59.870] [bmv2] [T] [thread 4735] [2.0] [cxt 0] Skipping checksum 'cksum' update because condition not met
[01:59:59.870] [bmv2] [D] [thread 4735] [2.0] [cxt 0] Deparsing header 'ethernet'
[01:59:59.870] [bmv2] [D] [thread 4735] [2.0] [cxt 0] Deparser 'deparser': end
[01:59:59.870] [bmv2] [D] [thread 4739] [2.0] [cxt 0] Transmitting packet of size 70 out of port 0
[01:59:59.870] [bmv2] [D] [thread 4734] [3.0] [cxt 0] Processing packet received on port 2
[01:59:59.870] [bmv2] [D] [thread 4734] [3.0] [cxt 0] Parser 'parser': start
[01:59:59.870] [bmv2] [D] [thread 4734] [3.0] [cxt 0] Parser 'parser' entering state 'start'
[01:59:59.870] [bmv2] [D] [thread 4734] [3.0] [cxt 0] Extracting header 'ethernet'
[01:59:59.870] [bmv2] [D] [thread 4734] [3.0] [cxt 0] Parser state 'start': key is 86dd
[01:59:59.870] [bmv2] [T] [thread 4734] [3.0] [cxt 0] Bytes parsed: 14
[01:59:59.871] [bmv2] [D] [thread 4734] [3.0] [cxt 0] Parser 'parser': end
[01:59:59.871] [bmv2] [D] [thread 4734] [3.0] [cxt 0] Pipeline 'ingress': start
[01:59:59.871] [bmv2] [T] [thread 4734] [3.0] [cxt 0] qos.p4(299) Condition "hdr.vlan.isValid()" (node_2) is false
[01:59:59.871] [bmv2] [T] [thread 4734] [3.0] [cxt 0] Applying table 'MyIngress.mac_exact'
[01:59:59.871] [bmv2] [D] [thread 4734] [3.0] [cxt 0] Looking up key:
* hdr.ethernet.dstAddr: 333300000002

[01:59:59.871] [bmv2] [D] [thread 4734] [3.0] [cxt 0] Table 'MyIngress.mac_exact': miss
[01:59:59.871] [bmv2] [D] [thread 4734] [3.0] [cxt 0] Action entry is NoAction - 
[01:59:59.871] [bmv2] [T] [thread 4734] [3.0] [cxt 0] Action NoAction
[01:59:59.871] [bmv2] [T] [thread 4734] [3.0] [cxt 0] qos.p4(305) Condition "hdr.ipv4.isValid()" (node_5) is false
[01:59:59.871] [bmv2] [D] [thread 4734] [3.0] [cxt 0] Pipeline 'ingress': end
[01:59:59.871] [bmv2] [D] [thread 4734] [3.0] [cxt 0] Egress port is 0
[01:59:59.872] [bmv2] [D] [thread 4735] [3.0] [cxt 0] Pipeline 'egress': start
[01:59:59.872] [bmv2] [T] [thread 4735] [3.0] [cxt 0] qos.p4(345) Condition "hdr.mri.isValid()" (node_13) is false
[01:59:59.872] [bmv2] [D] [thread 4735] [3.0] [cxt 0] Pipeline 'egress': end
[01:59:59.872] [bmv2] [D] [thread 4735] [3.0] [cxt 0] Deparser 'deparser': start
[01:59:59.872] [bmv2] [T] [thread 4735] [3.0] [cxt 0] Skipping checksum 'cksum' update because condition not met
[01:59:59.872] [bmv2] [D] [thread 4735] [3.0] [cxt 0] Deparsing header 'ethernet'
[01:59:59.872] [bmv2] [D] [thread 4735] [3.0] [cxt 0] Deparser 'deparser': end
[01:59:59.872] [bmv2] [D] [thread 4739] [3.0] [cxt 0] Transmitting packet of size 70 out of port 0
[02:00:00.625] [bmv2] [D] [thread 4734] [4.0] [cxt 0] Processing packet received on port 3
[02:00:00.625] [bmv2] [D] [thread 4734] [4.0] [cxt 0] Parser 'parser': start
[02:00:00.625] [bmv2] [D] [thread 4734] [4.0] [cxt 0] Parser 'parser' entering state 'start'
[02:00:00.625] [bmv2] [D] [thread 4734] [4.0] [cxt 0] Extracting header 'ethernet'
[02:00:00.625] [bmv2] [D] [thread 4734] [4.0] [cxt 0] Parser state 'start': key is 86dd
[02:00:00.625] [bmv2] [T] [thread 4734] [4.0] [cxt 0] Bytes parsed: 14
[02:00:00.626] [bmv2] [D] [thread 4734] [4.0] [cxt 0] Parser 'parser': end
[02:00:00.626] [bmv2] [D] [thread 4734] [4.0] [cxt 0] Pipeline 'ingress': start
[02:00:00.626] [bmv2] [T] [thread 4734] [4.0] [cxt 0] qos.p4(299) Condition "hdr.vlan.isValid()" (node_2) is false
[02:00:00.626] [bmv2] [T] [thread 4734] [4.0] [cxt 0] Applying table 'MyIngress.mac_exact'
[02:00:00.629] [bmv2] [D] [thread 4734] [4.0] [cxt 0] Looking up key:
* hdr.ethernet.dstAddr: 333300000002

[02:00:00.629] [bmv2] [D] [thread 4734] [4.0] [cxt 0] Table 'MyIngress.mac_exact': miss
[02:00:00.630] [bmv2] [D] [thread 4734] [4.0] [cxt 0] Action entry is NoAction - 
[02:00:00.630] [bmv2] [T] [thread 4734] [4.0] [cxt 0] Action NoAction
[02:00:00.630] [bmv2] [T] [thread 4734] [4.0] [cxt 0] qos.p4(305) Condition "hdr.ipv4.isValid()" (node_5) is false
[02:00:00.630] [bmv2] [D] [thread 4734] [4.0] [cxt 0] Pipeline 'ingress': end
[02:00:00.630] [bmv2] [D] [thread 4734] [4.0] [cxt 0] Egress port is 0
[02:00:00.630] [bmv2] [D] [thread 4735] [4.0] [cxt 0] Pipeline 'egress': start
[02:00:00.630] [bmv2] [T] [thread 4735] [4.0] [cxt 0] qos.p4(345) Condition "hdr.mri.isValid()" (node_13) is false
[02:00:00.630] [bmv2] [D] [thread 4735] [4.0] [cxt 0] Pipeline 'egress': end
[02:00:00.630] [bmv2] [D] [thread 4735] [4.0] [cxt 0] Deparser 'deparser': start
[02:00:00.630] [bmv2] [T] [thread 4735] [4.0] [cxt 0] Skipping checksum 'cksum' update because condition not met
[02:00:00.630] [bmv2] [D] [thread 4735] [4.0] [cxt 0] Deparsing header 'ethernet'
[02:00:00.631] [bmv2] [D] [thread 4735] [4.0] [cxt 0] Deparser 'deparser': end
[02:00:00.631] [bmv2] [D] [thread 4739] [4.0] [cxt 0] Transmitting packet of size 70 out of port 0
[02:00:07.284] [bmv2] [D] [thread 4734] [5.0] [cxt 0] Processing packet received on port 2
[02:00:07.284] [bmv2] [D] [thread 4734] [5.0] [cxt 0] Parser 'parser': start
[02:00:07.284] [bmv2] [D] [thread 4734] [5.0] [cxt 0] Parser 'parser' entering state 'start'
[02:00:07.284] [bmv2] [D] [thread 4734] [5.0] [cxt 0] Extracting header 'ethernet'
[02:00:07.284] [bmv2] [D] [thread 4734] [5.0] [cxt 0] Parser state 'start': key is 86dd
[02:00:07.284] [bmv2] [T] [thread 4734] [5.0] [cxt 0] Bytes parsed: 14
[02:00:07.284] [bmv2] [D] [thread 4734] [5.0] [cxt 0] Parser 'parser': end
[02:00:07.285] [bmv2] [D] [thread 4734] [5.0] [cxt 0] Pipeline 'ingress': start
[02:00:07.285] [bmv2] [T] [thread 4734] [5.0] [cxt 0] qos.p4(299) Condition "hdr.vlan.isValid()" (node_2) is false
[02:00:07.285] [bmv2] [T] [thread 4734] [5.0] [cxt 0] Applying table 'MyIngress.mac_exact'
[02:00:07.285] [bmv2] [D] [thread 4734] [5.0] [cxt 0] Looking up key:
* hdr.ethernet.dstAddr: 333300000002

[02:00:07.285] [bmv2] [D] [thread 4734] [5.0] [cxt 0] Table 'MyIngress.mac_exact': miss
[02:00:07.285] [bmv2] [D] [thread 4734] [5.0] [cxt 0] Action entry is NoAction - 
[02:00:07.285] [bmv2] [T] [thread 4734] [5.0] [cxt 0] Action NoAction
[02:00:07.285] [bmv2] [T] [thread 4734] [5.0] [cxt 0] qos.p4(305) Condition "hdr.ipv4.isValid()" (node_5) is false
[02:00:07.285] [bmv2] [D] [thread 4734] [5.0] [cxt 0] Pipeline 'ingress': end
[02:00:07.285] [bmv2] [D] [thread 4734] [5.0] [cxt 0] Egress port is 0
[02:00:07.289] [bmv2] [D] [thread 4735] [5.0] [cxt 0] Pipeline 'egress': start
[02:00:07.290] [bmv2] [T] [thread 4735] [5.0] [cxt 0] qos.p4(345) Condition "hdr.mri.isValid()" (node_13) is false
[02:00:07.290] [bmv2] [D] [thread 4735] [5.0] [cxt 0] Pipeline 'egress': end
[02:00:07.290] [bmv2] [D] [thread 4735] [5.0] [cxt 0] Deparser 'deparser': start
[02:00:07.290] [bmv2] [T] [thread 4735] [5.0] [cxt 0] Skipping checksum 'cksum' update because condition not met
[02:00:07.290] [bmv2] [D] [thread 4735] [5.0] [cxt 0] Deparsing header 'ethernet'
[02:00:07.290] [bmv2] [D] [thread 4735] [5.0] [cxt 0] Deparser 'deparser': end
[02:00:07.290] [bmv2] [D] [thread 4739] [5.0] [cxt 0] Transmitting packet of size 70 out of port 0
[02:00:07.543] [bmv2] [D] [thread 4734] [6.0] [cxt 0] Processing packet received on port 3
[02:00:07.543] [bmv2] [D] [thread 4734] [6.0] [cxt 0] Parser 'parser': start
[02:00:07.543] [bmv2] [D] [thread 4734] [6.0] [cxt 0] Parser 'parser' entering state 'start'
[02:00:07.543] [bmv2] [D] [thread 4734] [6.0] [cxt 0] Extracting header 'ethernet'
[02:00:07.543] [bmv2] [D] [thread 4734] [6.0] [cxt 0] Parser state 'start': key is 86dd
[02:00:07.543] [bmv2] [T] [thread 4734] [6.0] [cxt 0] Bytes parsed: 14
[02:00:07.543] [bmv2] [D] [thread 4734] [6.0] [cxt 0] Parser 'parser': end
[02:00:07.544] [bmv2] [D] [thread 4734] [6.0] [cxt 0] Pipeline 'ingress': start
[02:00:07.544] [bmv2] [T] [thread 4734] [6.0] [cxt 0] qos.p4(299) Condition "hdr.vlan.isValid()" (node_2) is false
[02:00:07.544] [bmv2] [T] [thread 4734] [6.0] [cxt 0] Applying table 'MyIngress.mac_exact'
[02:00:07.544] [bmv2] [D] [thread 4734] [6.0] [cxt 0] Looking up key:
* hdr.ethernet.dstAddr: 333300000002

[02:00:07.544] [bmv2] [D] [thread 4734] [6.0] [cxt 0] Table 'MyIngress.mac_exact': miss
[02:00:07.544] [bmv2] [D] [thread 4734] [6.0] [cxt 0] Action entry is NoAction - 
[02:00:07.544] [bmv2] [T] [thread 4734] [6.0] [cxt 0] Action NoAction
[02:00:07.544] [bmv2] [T] [thread 4734] [6.0] [cxt 0] qos.p4(305) Condition "hdr.ipv4.isValid()" (node_5) is false
[02:00:07.544] [bmv2] [D] [thread 4734] [6.0] [cxt 0] Pipeline 'ingress': end
[02:00:07.544] [bmv2] [D] [thread 4734] [6.0] [cxt 0] Egress port is 0
[02:00:07.545] [bmv2] [D] [thread 4735] [6.0] [cxt 0] Pipeline 'egress': start
[02:00:07.545] [bmv2] [T] [thread 4735] [6.0] [cxt 0] qos.p4(345) Condition "hdr.mri.isValid()" (node_13) is false
[02:00:07.545] [bmv2] [D] [thread 4735] [6.0] [cxt 0] Pipeline 'egress': end
[02:00:07.545] [bmv2] [D] [thread 4735] [6.0] [cxt 0] Deparser 'deparser': start
[02:00:07.545] [bmv2] [T] [thread 4735] [6.0] [cxt 0] Skipping checksum 'cksum' update because condition not met
[02:00:07.545] [bmv2] [D] [thread 4735] [6.0] [cxt 0] Deparsing header 'ethernet'
[02:00:07.545] [bmv2] [D] [thread 4735] [6.0] [cxt 0] Deparser 'deparser': end
[02:00:07.545] [bmv2] [D] [thread 4739] [6.0] [cxt 0] Transmitting packet of size 70 out of port 0
[02:00:08.070] [bmv2] [D] [thread 4734] [7.0] [cxt 0] Processing packet received on port 1
[02:00:08.070] [bmv2] [D] [thread 4734] [7.0] [cxt 0] Parser 'parser': start
[02:00:08.070] [bmv2] [D] [thread 4734] [7.0] [cxt 0] Parser 'parser' entering state 'start'
[02:00:08.071] [bmv2] [D] [thread 4734] [7.0] [cxt 0] Extracting header 'ethernet'
[02:00:08.071] [bmv2] [D] [thread 4734] [7.0] [cxt 0] Parser state 'start': key is 86dd
[02:00:08.071] [bmv2] [T] [thread 4734] [7.0] [cxt 0] Bytes parsed: 14
[02:00:08.071] [bmv2] [D] [thread 4734] [7.0] [cxt 0] Parser 'parser': end
[02:00:08.071] [bmv2] [D] [thread 4734] [7.0] [cxt 0] Pipeline 'ingress': start
[02:00:08.071] [bmv2] [T] [thread 4734] [7.0] [cxt 0] qos.p4(299) Condition "hdr.vlan.isValid()" (node_2) is false
[02:00:08.071] [bmv2] [T] [thread 4734] [7.0] [cxt 0] Applying table 'MyIngress.mac_exact'
[02:00:08.071] [bmv2] [D] [thread 4734] [7.0] [cxt 0] Looking up key:
* hdr.ethernet.dstAddr: 333300000002

[02:00:08.071] [bmv2] [D] [thread 4734] [7.0] [cxt 0] Table 'MyIngress.mac_exact': miss
[02:00:08.071] [bmv2] [D] [thread 4734] [7.0] [cxt 0] Action entry is NoAction - 
[02:00:08.071] [bmv2] [T] [thread 4734] [7.0] [cxt 0] Action NoAction
[02:00:08.071] [bmv2] [T] [thread 4734] [7.0] [cxt 0] qos.p4(305) Condition "hdr.ipv4.isValid()" (node_5) is false
[02:00:08.071] [bmv2] [D] [thread 4734] [7.0] [cxt 0] Pipeline 'ingress': end
[02:00:08.071] [bmv2] [D] [thread 4734] [7.0] [cxt 0] Egress port is 0
[02:00:08.072] [bmv2] [D] [thread 4735] [7.0] [cxt 0] Pipeline 'egress': start
[02:00:08.072] [bmv2] [T] [thread 4735] [7.0] [cxt 0] qos.p4(345) Condition "hdr.mri.isValid()" (node_13) is false
[02:00:08.072] [bmv2] [D] [thread 4735] [7.0] [cxt 0] Pipeline 'egress': end
[02:00:08.072] [bmv2] [D] [thread 4735] [7.0] [cxt 0] Deparser 'deparser': start
[02:00:08.073] [bmv2] [T] [thread 4735] [7.0] [cxt 0] Skipping checksum 'cksum' update because condition not met
[02:00:08.073] [bmv2] [D] [thread 4735] [7.0] [cxt 0] Deparsing header 'ethernet'
[02:00:08.073] [bmv2] [D] [thread 4735] [7.0] [cxt 0] Deparser 'deparser': end
[02:00:08.074] [bmv2] [D] [thread 4739] [7.0] [cxt 0] Transmitting packet of size 70 out of port 0
[02:00:08.313] [bmv2] [D] [thread 4734] [8.0] [cxt 0] Processing packet received on port 2
[02:00:08.313] [bmv2] [D] [thread 4734] [8.0] [cxt 0] Parser 'parser': start
[02:00:08.313] [bmv2] [D] [thread 4734] [8.0] [cxt 0] Parser 'parser' entering state 'start'
[02:00:08.313] [bmv2] [D] [thread 4734] [8.0] [cxt 0] Extracting header 'ethernet'
[02:00:08.313] [bmv2] [D] [thread 4734] [8.0] [cxt 0] Parser state 'start': key is 86dd
[02:00:08.313] [bmv2] [T] [thread 4734] [8.0] [cxt 0] Bytes parsed: 14
[02:00:08.313] [bmv2] [D] [thread 4734] [8.0] [cxt 0] Parser 'parser': end
[02:00:08.313] [bmv2] [D] [thread 4734] [8.0] [cxt 0] Pipeline 'ingress': start
[02:00:08.313] [bmv2] [T] [thread 4734] [8.0] [cxt 0] qos.p4(299) Condition "hdr.vlan.isValid()" (node_2) is false
[02:00:08.313] [bmv2] [T] [thread 4734] [8.0] [cxt 0] Applying table 'MyIngress.mac_exact'
[02:00:08.313] [bmv2] [D] [thread 4734] [8.0] [cxt 0] Looking up key:
* hdr.ethernet.dstAddr: 333300000002

[02:00:08.314] [bmv2] [D] [thread 4734] [8.0] [cxt 0] Table 'MyIngress.mac_exact': miss
[02:00:08.314] [bmv2] [D] [thread 4734] [8.0] [cxt 0] Action entry is NoAction - 
[02:00:08.314] [bmv2] [T] [thread 4734] [8.0] [cxt 0] Action NoAction
[02:00:08.314] [bmv2] [T] [thread 4734] [8.0] [cxt 0] qos.p4(305) Condition "hdr.ipv4.isValid()" (node_5) is false
[02:00:08.314] [bmv2] [D] [thread 4734] [8.0] [cxt 0] Pipeline 'ingress': end
[02:00:08.314] [bmv2] [D] [thread 4734] [8.0] [cxt 0] Egress port is 0
[02:00:08.314] [bmv2] [D] [thread 4735] [8.0] [cxt 0] Pipeline 'egress': start
[02:00:08.314] [bmv2] [T] [thread 4735] [8.0] [cxt 0] qos.p4(345) Condition "hdr.mri.isValid()" (node_13) is false
[02:00:08.314] [bmv2] [D] [thread 4735] [8.0] [cxt 0] Pipeline 'egress': end
[02:00:08.314] [bmv2] [D] [thread 4735] [8.0] [cxt 0] Deparser 'deparser': start
[02:00:08.314] [bmv2] [T] [thread 4735] [8.0] [cxt 0] Skipping checksum 'cksum' update because condition not met
[02:00:08.314] [bmv2] [D] [thread 4735] [8.0] [cxt 0] Deparsing header 'ethernet'
[02:00:08.314] [bmv2] [D] [thread 4735] [8.0] [cxt 0] Deparser 'deparser': end
[02:00:08.314] [bmv2] [D] [thread 4739] [8.0] [cxt 0] Transmitting packet of size 70 out of port 0
[02:00:09.841] [bmv2] [D] [thread 4734] [9.0] [cxt 0] Processing packet received on port 3
[02:00:09.842] [bmv2] [D] [thread 4734] [9.0] [cxt 0] Parser 'parser': start
[02:00:09.842] [bmv2] [D] [thread 4734] [9.0] [cxt 0] Parser 'parser' entering state 'start'
[02:00:09.842] [bmv2] [D] [thread 4734] [9.0] [cxt 0] Extracting header 'ethernet'
[02:00:09.842] [bmv2] [D] [thread 4734] [9.0] [cxt 0] Parser state 'start': key is 86dd
[02:00:09.848] [bmv2] [T] [thread 4734] [9.0] [cxt 0] Bytes parsed: 14
[02:00:09.849] [bmv2] [D] [thread 4734] [9.0] [cxt 0] Parser 'parser': end
[02:00:09.849] [bmv2] [D] [thread 4734] [9.0] [cxt 0] Pipeline 'ingress': start
[02:00:09.849] [bmv2] [T] [thread 4734] [9.0] [cxt 0] qos.p4(299) Condition "hdr.vlan.isValid()" (node_2) is false
[02:00:09.851] [bmv2] [T] [thread 4734] [9.0] [cxt 0] Applying table 'MyIngress.mac_exact'
[02:00:09.851] [bmv2] [D] [thread 4734] [9.0] [cxt 0] Looking up key:
* hdr.ethernet.dstAddr: 333300000002

[02:00:09.851] [bmv2] [D] [thread 4734] [9.0] [cxt 0] Table 'MyIngress.mac_exact': miss
[02:00:09.851] [bmv2] [D] [thread 4734] [9.0] [cxt 0] Action entry is NoAction - 
[02:00:09.851] [bmv2] [T] [thread 4734] [9.0] [cxt 0] Action NoAction
[02:00:09.852] [bmv2] [T] [thread 4734] [9.0] [cxt 0] qos.p4(305) Condition "hdr.ipv4.isValid()" (node_5) is false
[02:00:09.852] [bmv2] [D] [thread 4734] [9.0] [cxt 0] Pipeline 'ingress': end
[02:00:09.852] [bmv2] [D] [thread 4734] [9.0] [cxt 0] Egress port is 0
[02:00:09.852] [bmv2] [D] [thread 4735] [9.0] [cxt 0] Pipeline 'egress': start
[02:00:09.852] [bmv2] [T] [thread 4735] [9.0] [cxt 0] qos.p4(345) Condition "hdr.mri.isValid()" (node_13) is false
[02:00:09.852] [bmv2] [D] [thread 4735] [9.0] [cxt 0] Pipeline 'egress': end
[02:00:09.852] [bmv2] [D] [thread 4735] [9.0] [cxt 0] Deparser 'deparser': start
[02:00:09.852] [bmv2] [T] [thread 4735] [9.0] [cxt 0] Skipping checksum 'cksum' update because condition not met
[02:00:09.852] [bmv2] [D] [thread 4735] [9.0] [cxt 0] Deparsing header 'ethernet'
[02:00:09.852] [bmv2] [D] [thread 4735] [9.0] [cxt 0] Deparser 'deparser': end
[02:00:09.852] [bmv2] [D] [thread 4739] [9.0] [cxt 0] Transmitting packet of size 70 out of port 0
[02:00:22.132] [bmv2] [D] [thread 4734] [10.0] [cxt 0] Processing packet received on port 2
[02:00:22.132] [bmv2] [D] [thread 4734] [10.0] [cxt 0] Parser 'parser': start
[02:00:22.132] [bmv2] [D] [thread 4734] [10.0] [cxt 0] Parser 'parser' entering state 'start'
[02:00:22.132] [bmv2] [D] [thread 4734] [10.0] [cxt 0] Extracting header 'ethernet'
[02:00:22.132] [bmv2] [D] [thread 4734] [10.0] [cxt 0] Parser state 'start': key is 86dd
[02:00:22.133] [bmv2] [T] [thread 4734] [10.0] [cxt 0] Bytes parsed: 14
[02:00:22.133] [bmv2] [D] [thread 4734] [10.0] [cxt 0] Parser 'parser': end
[02:00:22.133] [bmv2] [D] [thread 4734] [10.0] [cxt 0] Pipeline 'ingress': start
[02:00:22.133] [bmv2] [T] [thread 4734] [10.0] [cxt 0] qos.p4(299) Condition "hdr.vlan.isValid()" (node_2) is false
[02:00:22.133] [bmv2] [T] [thread 4734] [10.0] [cxt 0] Applying table 'MyIngress.mac_exact'
[02:00:22.133] [bmv2] [D] [thread 4734] [10.0] [cxt 0] Looking up key:
* hdr.ethernet.dstAddr: 333300000002

[02:00:22.133] [bmv2] [D] [thread 4734] [10.0] [cxt 0] Table 'MyIngress.mac_exact': miss
[02:00:22.133] [bmv2] [D] [thread 4734] [10.0] [cxt 0] Action entry is NoAction - 
[02:00:22.133] [bmv2] [T] [thread 4734] [10.0] [cxt 0] Action NoAction
[02:00:22.133] [bmv2] [T] [thread 4734] [10.0] [cxt 0] qos.p4(305) Condition "hdr.ipv4.isValid()" (node_5) is false
[02:00:22.133] [bmv2] [D] [thread 4734] [10.0] [cxt 0] Pipeline 'ingress': end
[02:00:22.133] [bmv2] [D] [thread 4734] [10.0] [cxt 0] Egress port is 0
[02:00:22.134] [bmv2] [D] [thread 4735] [10.0] [cxt 0] Pipeline 'egress': start
[02:00:22.134] [bmv2] [T] [thread 4735] [10.0] [cxt 0] qos.p4(345) Condition "hdr.mri.isValid()" (node_13) is false
[02:00:22.134] [bmv2] [D] [thread 4735] [10.0] [cxt 0] Pipeline 'egress': end
[02:00:22.134] [bmv2] [D] [thread 4735] [10.0] [cxt 0] Deparser 'deparser': start
[02:00:22.134] [bmv2] [T] [thread 4735] [10.0] [cxt 0] Skipping checksum 'cksum' update because condition not met
[02:00:22.134] [bmv2] [D] [thread 4735] [10.0] [cxt 0] Deparsing header 'ethernet'
[02:00:22.134] [bmv2] [D] [thread 4735] [10.0] [cxt 0] Deparser 'deparser': end
[02:00:22.135] [bmv2] [D] [thread 4739] [10.0] [cxt 0] Transmitting packet of size 70 out of port 0
[02:00:23.153] [bmv2] [D] [thread 4734] [11.0] [cxt 0] Processing packet received on port 3
[02:00:23.153] [bmv2] [D] [thread 4734] [11.0] [cxt 0] Parser 'parser': start
[02:00:23.153] [bmv2] [D] [thread 4734] [11.0] [cxt 0] Parser 'parser' entering state 'start'
[02:00:23.153] [bmv2] [D] [thread 4734] [11.0] [cxt 0] Extracting header 'ethernet'
[02:00:23.154] [bmv2] [D] [thread 4734] [11.0] [cxt 0] Parser state 'start': key is 86dd
[02:00:23.154] [bmv2] [T] [thread 4734] [11.0] [cxt 0] Bytes parsed: 14
[02:00:23.154] [bmv2] [D] [thread 4734] [11.0] [cxt 0] Parser 'parser': end
[02:00:23.155] [bmv2] [D] [thread 4734] [11.0] [cxt 0] Pipeline 'ingress': start
[02:00:23.155] [bmv2] [T] [thread 4734] [11.0] [cxt 0] qos.p4(299) Condition "hdr.vlan.isValid()" (node_2) is false
[02:00:23.155] [bmv2] [T] [thread 4734] [11.0] [cxt 0] Applying table 'MyIngress.mac_exact'
[02:00:23.155] [bmv2] [D] [thread 4734] [11.0] [cxt 0] Looking up key:
* hdr.ethernet.dstAddr: 333300000002

[02:00:23.155] [bmv2] [D] [thread 4734] [11.0] [cxt 0] Table 'MyIngress.mac_exact': miss
[02:00:23.155] [bmv2] [D] [thread 4734] [11.0] [cxt 0] Action entry is NoAction - 
[02:00:23.156] [bmv2] [T] [thread 4734] [11.0] [cxt 0] Action NoAction
[02:00:23.156] [bmv2] [T] [thread 4734] [11.0] [cxt 0] qos.p4(305) Condition "hdr.ipv4.isValid()" (node_5) is false
[02:00:23.156] [bmv2] [D] [thread 4734] [11.0] [cxt 0] Pipeline 'ingress': end
[02:00:23.156] [bmv2] [D] [thread 4734] [11.0] [cxt 0] Egress port is 0
[02:00:23.160] [bmv2] [D] [thread 4735] [11.0] [cxt 0] Pipeline 'egress': start
[02:00:23.160] [bmv2] [T] [thread 4735] [11.0] [cxt 0] qos.p4(345) Condition "hdr.mri.isValid()" (node_13) is false
[02:00:23.160] [bmv2] [D] [thread 4735] [11.0] [cxt 0] Pipeline 'egress': end
[02:00:23.160] [bmv2] [D] [thread 4735] [11.0] [cxt 0] Deparser 'deparser': start
[02:00:23.160] [bmv2] [T] [thread 4735] [11.0] [cxt 0] Skipping checksum 'cksum' update because condition not met
[02:00:23.161] [bmv2] [D] [thread 4735] [11.0] [cxt 0] Deparsing header 'ethernet'
[02:00:23.161] [bmv2] [D] [thread 4735] [11.0] [cxt 0] Deparser 'deparser': end
[02:00:23.161] [bmv2] [D] [thread 4739] [11.0] [cxt 0] Transmitting packet of size 70 out of port 0
[02:00:24.177] [bmv2] [D] [thread 4734] [12.0] [cxt 0] Processing packet received on port 1
[02:00:24.178] [bmv2] [D] [thread 4734] [12.0] [cxt 0] Parser 'parser': start
[02:00:24.178] [bmv2] [D] [thread 4734] [12.0] [cxt 0] Parser 'parser' entering state 'start'
[02:00:24.178] [bmv2] [D] [thread 4734] [12.0] [cxt 0] Extracting header 'ethernet'
[02:00:24.178] [bmv2] [D] [thread 4734] [12.0] [cxt 0] Parser state 'start': key is 86dd
[02:00:24.178] [bmv2] [T] [thread 4734] [12.0] [cxt 0] Bytes parsed: 14
[02:00:24.178] [bmv2] [D] [thread 4734] [12.0] [cxt 0] Parser 'parser': end
[02:00:24.178] [bmv2] [D] [thread 4734] [12.0] [cxt 0] Pipeline 'ingress': start
[02:00:24.178] [bmv2] [T] [thread 4734] [12.0] [cxt 0] qos.p4(299) Condition "hdr.vlan.isValid()" (node_2) is false
[02:00:24.179] [bmv2] [T] [thread 4734] [12.0] [cxt 0] Applying table 'MyIngress.mac_exact'
[02:00:24.179] [bmv2] [D] [thread 4734] [12.0] [cxt 0] Looking up key:
* hdr.ethernet.dstAddr: 333300000002

[02:00:24.179] [bmv2] [D] [thread 4734] [12.0] [cxt 0] Table 'MyIngress.mac_exact': miss
[02:00:24.179] [bmv2] [D] [thread 4734] [12.0] [cxt 0] Action entry is NoAction - 
[02:00:24.179] [bmv2] [T] [thread 4734] [12.0] [cxt 0] Action NoAction
[02:00:24.179] [bmv2] [T] [thread 4734] [12.0] [cxt 0] qos.p4(305) Condition "hdr.ipv4.isValid()" (node_5) is false
[02:00:24.179] [bmv2] [D] [thread 4734] [12.0] [cxt 0] Pipeline 'ingress': end
[02:00:24.180] [bmv2] [D] [thread 4734] [12.0] [cxt 0] Egress port is 0
[02:00:24.180] [bmv2] [D] [thread 4735] [12.0] [cxt 0] Pipeline 'egress': start
[02:00:24.180] [bmv2] [T] [thread 4735] [12.0] [cxt 0] qos.p4(345) Condition "hdr.mri.isValid()" (node_13) is false
[02:00:24.180] [bmv2] [D] [thread 4735] [12.0] [cxt 0] Pipeline 'egress': end
[02:00:24.180] [bmv2] [D] [thread 4735] [12.0] [cxt 0] Deparser 'deparser': start
[02:00:24.180] [bmv2] [T] [thread 4735] [12.0] [cxt 0] Skipping checksum 'cksum' update because condition not met
[02:00:24.180] [bmv2] [D] [thread 4735] [12.0] [cxt 0] Deparsing header 'ethernet'
[02:00:24.180] [bmv2] [D] [thread 4735] [12.0] [cxt 0] Deparser 'deparser': end
[02:00:24.180] [bmv2] [D] [thread 4739] [12.0] [cxt 0] Transmitting packet of size 70 out of port 0
[02:00:26.232] [bmv2] [D] [thread 4734] [13.0] [cxt 0] Processing packet received on port 2
[02:00:26.233] [bmv2] [D] [thread 4734] [13.0] [cxt 0] Parser 'parser': start
[02:00:26.233] [bmv2] [D] [thread 4734] [13.0] [cxt 0] Parser 'parser' entering state 'start'
[02:00:26.233] [bmv2] [D] [thread 4734] [13.0] [cxt 0] Extracting header 'ethernet'
[02:00:26.233] [bmv2] [D] [thread 4734] [13.0] [cxt 0] Parser state 'start': key is 86dd
[02:00:26.233] [bmv2] [T] [thread 4734] [13.0] [cxt 0] Bytes parsed: 14
[02:00:26.233] [bmv2] [D] [thread 4734] [13.0] [cxt 0] Parser 'parser': end
[02:00:26.233] [bmv2] [D] [thread 4734] [13.0] [cxt 0] Pipeline 'ingress': start
[02:00:26.233] [bmv2] [T] [thread 4734] [13.0] [cxt 0] qos.p4(299) Condition "hdr.vlan.isValid()" (node_2) is false
[02:00:26.233] [bmv2] [T] [thread 4734] [13.0] [cxt 0] Applying table 'MyIngress.mac_exact'
[02:00:26.234] [bmv2] [D] [thread 4734] [13.0] [cxt 0] Looking up key:
* hdr.ethernet.dstAddr: 333300000002

[02:00:26.234] [bmv2] [D] [thread 4734] [13.0] [cxt 0] Table 'MyIngress.mac_exact': miss
[02:00:26.234] [bmv2] [D] [thread 4734] [13.0] [cxt 0] Action entry is NoAction - 
[02:00:26.234] [bmv2] [T] [thread 4734] [13.0] [cxt 0] Action NoAction
[02:00:26.234] [bmv2] [T] [thread 4734] [13.0] [cxt 0] qos.p4(305) Condition "hdr.ipv4.isValid()" (node_5) is false
[02:00:26.234] [bmv2] [D] [thread 4734] [13.0] [cxt 0] Pipeline 'ingress': end
[02:00:26.234] [bmv2] [D] [thread 4734] [13.0] [cxt 0] Egress port is 0
[02:00:26.234] [bmv2] [D] [thread 4735] [13.0] [cxt 0] Pipeline 'egress': start
[02:00:26.234] [bmv2] [T] [thread 4735] [13.0] [cxt 0] qos.p4(345) Condition "hdr.mri.isValid()" (node_13) is false
[02:00:26.234] [bmv2] [D] [thread 4735] [13.0] [cxt 0] Pipeline 'egress': end
[02:00:26.235] [bmv2] [D] [thread 4735] [13.0] [cxt 0] Deparser 'deparser': start
[02:00:26.235] [bmv2] [T] [thread 4735] [13.0] [cxt 0] Skipping checksum 'cksum' update because condition not met
[02:00:26.235] [bmv2] [D] [thread 4735] [13.0] [cxt 0] Deparsing header 'ethernet'
[02:00:26.235] [bmv2] [D] [thread 4735] [13.0] [cxt 0] Deparser 'deparser': end
[02:00:26.235] [bmv2] [D] [thread 4739] [13.0] [cxt 0] Transmitting packet of size 70 out of port 0
[02:00:30.322] [bmv2] [D] [thread 4734] [14.0] [cxt 0] Processing packet received on port 3
[02:00:30.322] [bmv2] [D] [thread 4734] [14.0] [cxt 0] Parser 'parser': start
[02:00:30.322] [bmv2] [D] [thread 4734] [14.0] [cxt 0] Parser 'parser' entering state 'start'
[02:00:30.322] [bmv2] [D] [thread 4734] [14.0] [cxt 0] Extracting header 'ethernet'
[02:00:30.322] [bmv2] [D] [thread 4734] [14.0] [cxt 0] Parser state 'start': key is 86dd
[02:00:30.322] [bmv2] [T] [thread 4734] [14.0] [cxt 0] Bytes parsed: 14
[02:00:30.322] [bmv2] [D] [thread 4734] [14.0] [cxt 0] Parser 'parser': end
[02:00:30.322] [bmv2] [D] [thread 4734] [14.0] [cxt 0] Pipeline 'ingress': start
[02:00:30.322] [bmv2] [T] [thread 4734] [14.0] [cxt 0] qos.p4(299) Condition "hdr.vlan.isValid()" (node_2) is false
[02:00:30.322] [bmv2] [T] [thread 4734] [14.0] [cxt 0] Applying table 'MyIngress.mac_exact'
[02:00:30.322] [bmv2] [D] [thread 4734] [14.0] [cxt 0] Looking up key:
* hdr.ethernet.dstAddr: 333300000002

[02:00:30.322] [bmv2] [D] [thread 4734] [14.0] [cxt 0] Table 'MyIngress.mac_exact': miss
[02:00:30.323] [bmv2] [D] [thread 4734] [14.0] [cxt 0] Action entry is NoAction - 
[02:00:30.324] [bmv2] [T] [thread 4734] [14.0] [cxt 0] Action NoAction
[02:00:30.324] [bmv2] [T] [thread 4734] [14.0] [cxt 0] qos.p4(305) Condition "hdr.ipv4.isValid()" (node_5) is false
[02:00:30.324] [bmv2] [D] [thread 4734] [14.0] [cxt 0] Pipeline 'ingress': end
[02:00:30.324] [bmv2] [D] [thread 4734] [14.0] [cxt 0] Egress port is 0
[02:00:30.325] [bmv2] [D] [thread 4735] [14.0] [cxt 0] Pipeline 'egress': start
[02:00:30.325] [bmv2] [T] [thread 4735] [14.0] [cxt 0] qos.p4(345) Condition "hdr.mri.isValid()" (node_13) is false
[02:00:30.325] [bmv2] [D] [thread 4735] [14.0] [cxt 0] Pipeline 'egress': end
[02:00:30.325] [bmv2] [D] [thread 4735] [14.0] [cxt 0] Deparser 'deparser': start
[02:00:30.325] [bmv2] [T] [thread 4735] [14.0] [cxt 0] Skipping checksum 'cksum' update because condition not met
[02:00:30.325] [bmv2] [D] [thread 4735] [14.0] [cxt 0] Deparsing header 'ethernet'
[02:00:30.325] [bmv2] [D] [thread 4735] [14.0] [cxt 0] Deparser 'deparser': end
[02:00:30.325] [bmv2] [D] [thread 4739] [14.0] [cxt 0] Transmitting packet of size 70 out of port 0
[02:00:54.905] [bmv2] [D] [thread 4734] [15.0] [cxt 0] Processing packet received on port 2
[02:00:54.906] [bmv2] [D] [thread 4734] [15.0] [cxt 0] Parser 'parser': start
[02:00:54.906] [bmv2] [D] [thread 4734] [15.0] [cxt 0] Parser 'parser' entering state 'start'
[02:00:54.906] [bmv2] [D] [thread 4734] [15.0] [cxt 0] Extracting header 'ethernet'
[02:00:54.906] [bmv2] [D] [thread 4734] [15.0] [cxt 0] Parser state 'start': key is 86dd
[02:00:54.906] [bmv2] [T] [thread 4734] [15.0] [cxt 0] Bytes parsed: 14
[02:00:54.906] [bmv2] [D] [thread 4734] [15.0] [cxt 0] Parser 'parser': end
[02:00:54.907] [bmv2] [D] [thread 4734] [15.0] [cxt 0] Pipeline 'ingress': start
[02:00:54.907] [bmv2] [T] [thread 4734] [15.0] [cxt 0] qos.p4(299) Condition "hdr.vlan.isValid()" (node_2) is false
[02:00:54.913] [bmv2] [T] [thread 4734] [15.0] [cxt 0] Applying table 'MyIngress.mac_exact'
[02:00:54.913] [bmv2] [D] [thread 4734] [15.0] [cxt 0] Looking up key:
* hdr.ethernet.dstAddr: 333300000002

[02:00:54.913] [bmv2] [D] [thread 4734] [15.0] [cxt 0] Table 'MyIngress.mac_exact': miss
[02:00:54.913] [bmv2] [D] [thread 4734] [15.0] [cxt 0] Action entry is NoAction - 
[02:00:54.913] [bmv2] [T] [thread 4734] [15.0] [cxt 0] Action NoAction
[02:00:54.913] [bmv2] [T] [thread 4734] [15.0] [cxt 0] qos.p4(305) Condition "hdr.ipv4.isValid()" (node_5) is false
[02:00:54.913] [bmv2] [D] [thread 4734] [15.0] [cxt 0] Pipeline 'ingress': end
[02:00:54.913] [bmv2] [D] [thread 4734] [15.0] [cxt 0] Egress port is 0
[02:00:54.916] [bmv2] [D] [thread 4735] [15.0] [cxt 0] Pipeline 'egress': start
[02:00:54.916] [bmv2] [T] [thread 4735] [15.0] [cxt 0] qos.p4(345) Condition "hdr.mri.isValid()" (node_13) is false
[02:00:54.916] [bmv2] [D] [thread 4735] [15.0] [cxt 0] Pipeline 'egress': end
[02:00:54.916] [bmv2] [D] [thread 4735] [15.0] [cxt 0] Deparser 'deparser': start
[02:00:54.916] [bmv2] [T] [thread 4735] [15.0] [cxt 0] Skipping checksum 'cksum' update because condition not met
[02:00:54.916] [bmv2] [D] [thread 4735] [15.0] [cxt 0] Deparsing header 'ethernet'
[02:00:54.916] [bmv2] [D] [thread 4735] [15.0] [cxt 0] Deparser 'deparser': end
[02:00:54.916] [bmv2] [D] [thread 4739] [15.0] [cxt 0] Transmitting packet of size 70 out of port 0
[02:00:54.916] [bmv2] [D] [thread 4734] [16.0] [cxt 0] Processing packet received on port 3
[02:00:54.916] [bmv2] [D] [thread 4734] [16.0] [cxt 0] Parser 'parser': start
[02:00:54.916] [bmv2] [D] [thread 4734] [16.0] [cxt 0] Parser 'parser' entering state 'start'
[02:00:54.916] [bmv2] [D] [thread 4734] [16.0] [cxt 0] Extracting header 'ethernet'
[02:00:54.916] [bmv2] [D] [thread 4734] [16.0] [cxt 0] Parser state 'start': key is 86dd
[02:00:54.916] [bmv2] [T] [thread 4734] [16.0] [cxt 0] Bytes parsed: 14
[02:00:54.916] [bmv2] [D] [thread 4734] [16.0] [cxt 0] Parser 'parser': end
[02:00:54.916] [bmv2] [D] [thread 4734] [16.0] [cxt 0] Pipeline 'ingress': start
[02:00:54.917] [bmv2] [T] [thread 4734] [16.0] [cxt 0] qos.p4(299) Condition "hdr.vlan.isValid()" (node_2) is false
[02:00:54.917] [bmv2] [T] [thread 4734] [16.0] [cxt 0] Applying table 'MyIngress.mac_exact'
[02:00:54.917] [bmv2] [D] [thread 4734] [16.0] [cxt 0] Looking up key:
* hdr.ethernet.dstAddr: 333300000002

[02:00:54.917] [bmv2] [D] [thread 4734] [16.0] [cxt 0] Table 'MyIngress.mac_exact': miss
[02:00:54.917] [bmv2] [D] [thread 4734] [16.0] [cxt 0] Action entry is NoAction - 
[02:00:54.917] [bmv2] [T] [thread 4734] [16.0] [cxt 0] Action NoAction
[02:00:54.917] [bmv2] [T] [thread 4734] [16.0] [cxt 0] qos.p4(305) Condition "hdr.ipv4.isValid()" (node_5) is false
[02:00:54.917] [bmv2] [D] [thread 4734] [16.0] [cxt 0] Pipeline 'ingress': end
[02:00:54.917] [bmv2] [D] [thread 4734] [16.0] [cxt 0] Egress port is 0
[02:00:54.917] [bmv2] [D] [thread 4735] [16.0] [cxt 0] Pipeline 'egress': start
[02:00:54.917] [bmv2] [T] [thread 4735] [16.0] [cxt 0] qos.p4(345) Condition "hdr.mri.isValid()" (node_13) is false
[02:00:54.917] [bmv2] [D] [thread 4735] [16.0] [cxt 0] Pipeline 'egress': end
[02:00:54.917] [bmv2] [D] [thread 4735] [16.0] [cxt 0] Deparser 'deparser': start
[02:00:54.917] [bmv2] [T] [thread 4735] [16.0] [cxt 0] Skipping checksum 'cksum' update because condition not met
[02:00:54.917] [bmv2] [D] [thread 4735] [16.0] [cxt 0] Deparsing header 'ethernet'
[02:00:54.917] [bmv2] [D] [thread 4735] [16.0] [cxt 0] Deparser 'deparser': end
[02:00:54.917] [bmv2] [D] [thread 4739] [16.0] [cxt 0] Transmitting packet of size 70 out of port 0
[02:00:56.946] [bmv2] [D] [thread 4734] [17.0] [cxt 0] Processing packet received on port 1
[02:00:56.946] [bmv2] [D] [thread 4734] [17.0] [cxt 0] Parser 'parser': start
[02:00:56.946] [bmv2] [D] [thread 4734] [17.0] [cxt 0] Parser 'parser' entering state 'start'
[02:00:56.946] [bmv2] [D] [thread 4734] [17.0] [cxt 0] Extracting header 'ethernet'
[02:00:56.947] [bmv2] [D] [thread 4734] [17.0] [cxt 0] Parser state 'start': key is 86dd
[02:00:56.947] [bmv2] [T] [thread 4734] [17.0] [cxt 0] Bytes parsed: 14
[02:00:56.955] [bmv2] [D] [thread 4734] [17.0] [cxt 0] Parser 'parser': end
[02:00:56.956] [bmv2] [D] [thread 4734] [17.0] [cxt 0] Pipeline 'ingress': start
[02:00:56.956] [bmv2] [T] [thread 4734] [17.0] [cxt 0] qos.p4(299) Condition "hdr.vlan.isValid()" (node_2) is false
[02:00:56.956] [bmv2] [T] [thread 4734] [17.0] [cxt 0] Applying table 'MyIngress.mac_exact'
[02:00:56.956] [bmv2] [D] [thread 4734] [17.0] [cxt 0] Looking up key:
* hdr.ethernet.dstAddr: 333300000002

[02:00:56.956] [bmv2] [D] [thread 4734] [17.0] [cxt 0] Table 'MyIngress.mac_exact': miss
[02:00:56.956] [bmv2] [D] [thread 4734] [17.0] [cxt 0] Action entry is NoAction - 
[02:00:56.956] [bmv2] [T] [thread 4734] [17.0] [cxt 0] Action NoAction
[02:00:56.956] [bmv2] [T] [thread 4734] [17.0] [cxt 0] qos.p4(305) Condition "hdr.ipv4.isValid()" (node_5) is false
[02:00:56.956] [bmv2] [D] [thread 4734] [17.0] [cxt 0] Pipeline 'ingress': end
[02:00:56.957] [bmv2] [D] [thread 4734] [17.0] [cxt 0] Egress port is 0
[02:00:56.958] [bmv2] [D] [thread 4735] [17.0] [cxt 0] Pipeline 'egress': start
[02:00:56.958] [bmv2] [T] [thread 4735] [17.0] [cxt 0] qos.p4(345) Condition "hdr.mri.isValid()" (node_13) is false
[02:00:56.958] [bmv2] [D] [thread 4735] [17.0] [cxt 0] Pipeline 'egress': end
[02:00:56.958] [bmv2] [D] [thread 4735] [17.0] [cxt 0] Deparser 'deparser': start
[02:00:56.958] [bmv2] [T] [thread 4735] [17.0] [cxt 0] Skipping checksum 'cksum' update because condition not met
[02:00:56.958] [bmv2] [D] [thread 4735] [17.0] [cxt 0] Deparsing header 'ethernet'
[02:00:56.958] [bmv2] [D] [thread 4735] [17.0] [cxt 0] Deparser 'deparser': end
[02:00:56.958] [bmv2] [D] [thread 4739] [17.0] [cxt 0] Transmitting packet of size 70 out of port 0
[02:01:01.041] [bmv2] [D] [thread 4734] [18.0] [cxt 0] Processing packet received on port 2
[02:01:01.041] [bmv2] [D] [thread 4734] [18.0] [cxt 0] Parser 'parser': start
[02:01:01.042] [bmv2] [D] [thread 4734] [18.0] [cxt 0] Parser 'parser' entering state 'start'
[02:01:01.042] [bmv2] [D] [thread 4734] [18.0] [cxt 0] Extracting header 'ethernet'
[02:01:01.042] [bmv2] [D] [thread 4734] [18.0] [cxt 0] Parser state 'start': key is 86dd
[02:01:01.042] [bmv2] [T] [thread 4734] [18.0] [cxt 0] Bytes parsed: 14
[02:01:01.042] [bmv2] [D] [thread 4734] [18.0] [cxt 0] Parser 'parser': end
[02:01:01.042] [bmv2] [D] [thread 4734] [18.0] [cxt 0] Pipeline 'ingress': start
[02:01:01.043] [bmv2] [T] [thread 4734] [18.0] [cxt 0] qos.p4(299) Condition "hdr.vlan.isValid()" (node_2) is false
[02:01:01.043] [bmv2] [T] [thread 4734] [18.0] [cxt 0] Applying table 'MyIngress.mac_exact'
[02:01:01.044] [bmv2] [D] [thread 4734] [18.0] [cxt 0] Looking up key:
* hdr.ethernet.dstAddr: 333300000002

[02:01:01.044] [bmv2] [D] [thread 4734] [18.0] [cxt 0] Table 'MyIngress.mac_exact': miss
[02:01:01.044] [bmv2] [D] [thread 4734] [18.0] [cxt 0] Action entry is NoAction - 
[02:01:01.044] [bmv2] [T] [thread 4734] [18.0] [cxt 0] Action NoAction
[02:01:01.044] [bmv2] [T] [thread 4734] [18.0] [cxt 0] qos.p4(305) Condition "hdr.ipv4.isValid()" (node_5) is false
[02:01:01.044] [bmv2] [D] [thread 4734] [18.0] [cxt 0] Pipeline 'ingress': end
[02:01:01.044] [bmv2] [D] [thread 4734] [18.0] [cxt 0] Egress port is 0
[02:01:01.050] [bmv2] [D] [thread 4735] [18.0] [cxt 0] Pipeline 'egress': start
[02:01:01.050] [bmv2] [T] [thread 4735] [18.0] [cxt 0] qos.p4(345) Condition "hdr.mri.isValid()" (node_13) is false
[02:01:01.050] [bmv2] [D] [thread 4735] [18.0] [cxt 0] Pipeline 'egress': end
[02:01:01.050] [bmv2] [D] [thread 4735] [18.0] [cxt 0] Deparser 'deparser': start
[02:01:01.050] [bmv2] [T] [thread 4735] [18.0] [cxt 0] Skipping checksum 'cksum' update because condition not met
[02:01:01.050] [bmv2] [D] [thread 4735] [18.0] [cxt 0] Deparsing header 'ethernet'
[02:01:01.051] [bmv2] [D] [thread 4735] [18.0] [cxt 0] Deparser 'deparser': end
[02:01:01.051] [bmv2] [D] [thread 4739] [18.0] [cxt 0] Transmitting packet of size 70 out of port 0
[02:01:09.236] [bmv2] [D] [thread 4734] [19.0] [cxt 0] Processing packet received on port 3
[02:01:09.237] [bmv2] [D] [thread 4734] [19.0] [cxt 0] Parser 'parser': start
[02:01:09.237] [bmv2] [D] [thread 4734] [19.0] [cxt 0] Parser 'parser' entering state 'start'
[02:01:09.237] [bmv2] [D] [thread 4734] [19.0] [cxt 0] Extracting header 'ethernet'
[02:01:09.237] [bmv2] [D] [thread 4734] [19.0] [cxt 0] Parser state 'start': key is 86dd
[02:01:09.237] [bmv2] [T] [thread 4734] [19.0] [cxt 0] Bytes parsed: 14
[02:01:09.237] [bmv2] [D] [thread 4734] [19.0] [cxt 0] Parser 'parser': end
[02:01:09.237] [bmv2] [D] [thread 4734] [19.0] [cxt 0] Pipeline 'ingress': start
[02:01:09.238] [bmv2] [T] [thread 4734] [19.0] [cxt 0] qos.p4(299) Condition "hdr.vlan.isValid()" (node_2) is false
[02:01:09.238] [bmv2] [T] [thread 4734] [19.0] [cxt 0] Applying table 'MyIngress.mac_exact'
[02:01:09.238] [bmv2] [D] [thread 4734] [19.0] [cxt 0] Looking up key:
* hdr.ethernet.dstAddr: 333300000002

[02:01:09.241] [bmv2] [D] [thread 4734] [19.0] [cxt 0] Table 'MyIngress.mac_exact': miss
[02:01:09.241] [bmv2] [D] [thread 4734] [19.0] [cxt 0] Action entry is NoAction - 
[02:01:09.242] [bmv2] [T] [thread 4734] [19.0] [cxt 0] Action NoAction
[02:01:09.242] [bmv2] [T] [thread 4734] [19.0] [cxt 0] qos.p4(305) Condition "hdr.ipv4.isValid()" (node_5) is false
[02:01:09.242] [bmv2] [D] [thread 4734] [19.0] [cxt 0] Pipeline 'ingress': end
[02:01:09.242] [bmv2] [D] [thread 4734] [19.0] [cxt 0] Egress port is 0
[02:01:09.242] [bmv2] [D] [thread 4735] [19.0] [cxt 0] Pipeline 'egress': start
[02:01:09.242] [bmv2] [T] [thread 4735] [19.0] [cxt 0] qos.p4(345) Condition "hdr.mri.isValid()" (node_13) is false
[02:01:09.242] [bmv2] [D] [thread 4735] [19.0] [cxt 0] Pipeline 'egress': end
[02:01:09.242] [bmv2] [D] [thread 4735] [19.0] [cxt 0] Deparser 'deparser': start
[02:01:09.242] [bmv2] [T] [thread 4735] [19.0] [cxt 0] Skipping checksum 'cksum' update because condition not met
[02:01:09.242] [bmv2] [D] [thread 4735] [19.0] [cxt 0] Deparsing header 'ethernet'
[02:01:09.242] [bmv2] [D] [thread 4735] [19.0] [cxt 0] Deparser 'deparser': end
[02:01:09.243] [bmv2] [D] [thread 4739] [19.0] [cxt 0] Transmitting packet of size 70 out of port 0
[02:01:56.339] [bmv2] [D] [thread 4734] [20.0] [cxt 0] Processing packet received on port 3
[02:01:56.340] [bmv2] [D] [thread 4734] [20.0] [cxt 0] Parser 'parser': start
[02:01:56.340] [bmv2] [D] [thread 4734] [20.0] [cxt 0] Parser 'parser' entering state 'start'
[02:01:56.340] [bmv2] [D] [thread 4734] [20.0] [cxt 0] Extracting header 'ethernet'
[02:01:56.341] [bmv2] [D] [thread 4734] [20.0] [cxt 0] Parser state 'start': key is 86dd
[02:01:56.341] [bmv2] [T] [thread 4734] [20.0] [cxt 0] Bytes parsed: 14
[02:01:56.341] [bmv2] [D] [thread 4734] [20.0] [cxt 0] Parser 'parser': end
[02:01:56.341] [bmv2] [D] [thread 4734] [20.0] [cxt 0] Pipeline 'ingress': start
[02:01:56.341] [bmv2] [T] [thread 4734] [20.0] [cxt 0] qos.p4(299) Condition "hdr.vlan.isValid()" (node_2) is false
[02:01:56.341] [bmv2] [T] [thread 4734] [20.0] [cxt 0] Applying table 'MyIngress.mac_exact'
[02:01:56.342] [bmv2] [D] [thread 4734] [20.0] [cxt 0] Looking up key:
* hdr.ethernet.dstAddr: 333300000002

[02:01:56.342] [bmv2] [D] [thread 4734] [20.0] [cxt 0] Table 'MyIngress.mac_exact': miss
[02:01:56.342] [bmv2] [D] [thread 4734] [20.0] [cxt 0] Action entry is NoAction - 
[02:01:56.342] [bmv2] [T] [thread 4734] [20.0] [cxt 0] Action NoAction
[02:01:56.342] [bmv2] [T] [thread 4734] [20.0] [cxt 0] qos.p4(305) Condition "hdr.ipv4.isValid()" (node_5) is false
[02:01:56.342] [bmv2] [D] [thread 4734] [20.0] [cxt 0] Pipeline 'ingress': end
[02:01:56.342] [bmv2] [D] [thread 4734] [20.0] [cxt 0] Egress port is 0
[02:01:56.349] [bmv2] [D] [thread 4735] [20.0] [cxt 0] Pipeline 'egress': start
[02:01:56.349] [bmv2] [T] [thread 4735] [20.0] [cxt 0] qos.p4(345) Condition "hdr.mri.isValid()" (node_13) is false
[02:01:56.349] [bmv2] [D] [thread 4735] [20.0] [cxt 0] Pipeline 'egress': end
[02:01:56.349] [bmv2] [D] [thread 4735] [20.0] [cxt 0] Deparser 'deparser': start
[02:01:56.349] [bmv2] [T] [thread 4735] [20.0] [cxt 0] Skipping checksum 'cksum' update because condition not met
[02:01:56.349] [bmv2] [D] [thread 4735] [20.0] [cxt 0] Deparsing header 'ethernet'
[02:01:56.349] [bmv2] [D] [thread 4735] [20.0] [cxt 0] Deparser 'deparser': end
[02:01:56.349] [bmv2] [D] [thread 4739] [20.0] [cxt 0] Transmitting packet of size 70 out of port 0
[02:01:58.385] [bmv2] [D] [thread 4734] [21.0] [cxt 0] Processing packet received on port 2
[02:01:58.385] [bmv2] [D] [thread 4734] [21.0] [cxt 0] Parser 'parser': start
[02:01:58.385] [bmv2] [D] [thread 4734] [21.0] [cxt 0] Parser 'parser' entering state 'start'
[02:01:58.385] [bmv2] [D] [thread 4734] [21.0] [cxt 0] Extracting header 'ethernet'
[02:01:58.386] [bmv2] [D] [thread 4734] [21.0] [cxt 0] Parser state 'start': key is 86dd
[02:01:58.386] [bmv2] [T] [thread 4734] [21.0] [cxt 0] Bytes parsed: 14
[02:01:58.386] [bmv2] [D] [thread 4734] [21.0] [cxt 0] Parser 'parser': end
[02:01:58.386] [bmv2] [D] [thread 4734] [21.0] [cxt 0] Pipeline 'ingress': start
[02:01:58.386] [bmv2] [T] [thread 4734] [21.0] [cxt 0] qos.p4(299) Condition "hdr.vlan.isValid()" (node_2) is false
[02:01:58.386] [bmv2] [T] [thread 4734] [21.0] [cxt 0] Applying table 'MyIngress.mac_exact'
[02:01:58.391] [bmv2] [D] [thread 4734] [21.0] [cxt 0] Looking up key:
* hdr.ethernet.dstAddr: 333300000002

[02:01:58.391] [bmv2] [D] [thread 4734] [21.0] [cxt 0] Table 'MyIngress.mac_exact': miss
[02:01:58.392] [bmv2] [D] [thread 4734] [21.0] [cxt 0] Action entry is NoAction - 
[02:01:58.392] [bmv2] [T] [thread 4734] [21.0] [cxt 0] Action NoAction
[02:01:58.392] [bmv2] [T] [thread 4734] [21.0] [cxt 0] qos.p4(305) Condition "hdr.ipv4.isValid()" (node_5) is false
[02:01:58.392] [bmv2] [D] [thread 4734] [21.0] [cxt 0] Pipeline 'ingress': end
[02:01:58.392] [bmv2] [D] [thread 4734] [21.0] [cxt 0] Egress port is 0
[02:01:58.392] [bmv2] [D] [thread 4735] [21.0] [cxt 0] Pipeline 'egress': start
[02:01:58.392] [bmv2] [T] [thread 4735] [21.0] [cxt 0] qos.p4(345) Condition "hdr.mri.isValid()" (node_13) is false
[02:01:58.392] [bmv2] [D] [thread 4735] [21.0] [cxt 0] Pipeline 'egress': end
[02:01:58.392] [bmv2] [D] [thread 4735] [21.0] [cxt 0] Deparser 'deparser': start
[02:01:58.392] [bmv2] [T] [thread 4735] [21.0] [cxt 0] Skipping checksum 'cksum' update because condition not met
[02:01:58.392] [bmv2] [D] [thread 4735] [21.0] [cxt 0] Deparsing header 'ethernet'
[02:01:58.392] [bmv2] [D] [thread 4735] [21.0] [cxt 0] Deparser 'deparser': end
[02:01:58.392] [bmv2] [D] [thread 4739] [21.0] [cxt 0] Transmitting packet of size 70 out of port 0
[02:02:00.433] [bmv2] [D] [thread 4734] [22.0] [cxt 0] Processing packet received on port 1
[02:02:00.433] [bmv2] [D] [thread 4734] [22.0] [cxt 0] Parser 'parser': start
[02:02:00.433] [bmv2] [D] [thread 4734] [22.0] [cxt 0] Parser 'parser' entering state 'start'
[02:02:00.433] [bmv2] [D] [thread 4734] [22.0] [cxt 0] Extracting header 'ethernet'
[02:02:00.434] [bmv2] [D] [thread 4734] [22.0] [cxt 0] Parser state 'start': key is 86dd
[02:02:00.434] [bmv2] [T] [thread 4734] [22.0] [cxt 0] Bytes parsed: 14
[02:02:00.434] [bmv2] [D] [thread 4734] [22.0] [cxt 0] Parser 'parser': end
[02:02:00.435] [bmv2] [D] [thread 4734] [22.0] [cxt 0] Pipeline 'ingress': start
[02:02:00.435] [bmv2] [T] [thread 4734] [22.0] [cxt 0] qos.p4(299) Condition "hdr.vlan.isValid()" (node_2) is false
[02:02:00.435] [bmv2] [T] [thread 4734] [22.0] [cxt 0] Applying table 'MyIngress.mac_exact'
[02:02:00.436] [bmv2] [D] [thread 4734] [22.0] [cxt 0] Looking up key:
* hdr.ethernet.dstAddr: 333300000002

[02:02:00.436] [bmv2] [D] [thread 4734] [22.0] [cxt 0] Table 'MyIngress.mac_exact': miss
[02:02:00.436] [bmv2] [D] [thread 4734] [22.0] [cxt 0] Action entry is NoAction - 
[02:02:00.436] [bmv2] [T] [thread 4734] [22.0] [cxt 0] Action NoAction
[02:02:00.436] [bmv2] [T] [thread 4734] [22.0] [cxt 0] qos.p4(305) Condition "hdr.ipv4.isValid()" (node_5) is false
[02:02:00.436] [bmv2] [D] [thread 4734] [22.0] [cxt 0] Pipeline 'ingress': end
[02:02:00.436] [bmv2] [D] [thread 4734] [22.0] [cxt 0] Egress port is 0
[02:02:00.437] [bmv2] [D] [thread 4735] [22.0] [cxt 0] Pipeline 'egress': start
[02:02:00.437] [bmv2] [T] [thread 4735] [22.0] [cxt 0] qos.p4(345) Condition "hdr.mri.isValid()" (node_13) is false
[02:02:00.437] [bmv2] [D] [thread 4735] [22.0] [cxt 0] Pipeline 'egress': end
[02:02:00.437] [bmv2] [D] [thread 4735] [22.0] [cxt 0] Deparser 'deparser': start
[02:02:00.437] [bmv2] [T] [thread 4735] [22.0] [cxt 0] Skipping checksum 'cksum' update because condition not met
[02:02:00.437] [bmv2] [D] [thread 4735] [22.0] [cxt 0] Deparsing header 'ethernet'
[02:02:00.437] [bmv2] [D] [thread 4735] [22.0] [cxt 0] Deparser 'deparser': end
[02:02:00.438] [bmv2] [D] [thread 4739] [22.0] [cxt 0] Transmitting packet of size 70 out of port 0
[02:02:14.772] [bmv2] [D] [thread 4734] [23.0] [cxt 0] Processing packet received on port 2
[02:02:14.772] [bmv2] [D] [thread 4734] [23.0] [cxt 0] Parser 'parser': start
[02:02:14.773] [bmv2] [D] [thread 4734] [23.0] [cxt 0] Parser 'parser' entering state 'start'
[02:02:14.773] [bmv2] [D] [thread 4734] [23.0] [cxt 0] Extracting header 'ethernet'
[02:02:14.773] [bmv2] [D] [thread 4734] [23.0] [cxt 0] Parser state 'start': key is 86dd
[02:02:14.773] [bmv2] [T] [thread 4734] [23.0] [cxt 0] Bytes parsed: 14
[02:02:14.773] [bmv2] [D] [thread 4734] [23.0] [cxt 0] Parser 'parser': end
[02:02:14.773] [bmv2] [D] [thread 4734] [23.0] [cxt 0] Pipeline 'ingress': start
[02:02:14.773] [bmv2] [T] [thread 4734] [23.0] [cxt 0] qos.p4(299) Condition "hdr.vlan.isValid()" (node_2) is false
[02:02:14.774] [bmv2] [T] [thread 4734] [23.0] [cxt 0] Applying table 'MyIngress.mac_exact'
[02:02:14.774] [bmv2] [D] [thread 4734] [23.0] [cxt 0] Looking up key:
* hdr.ethernet.dstAddr: 333300000002

[02:02:14.774] [bmv2] [D] [thread 4734] [23.0] [cxt 0] Table 'MyIngress.mac_exact': miss
[02:02:14.774] [bmv2] [D] [thread 4734] [23.0] [cxt 0] Action entry is NoAction - 
[02:02:14.774] [bmv2] [T] [thread 4734] [23.0] [cxt 0] Action NoAction
[02:02:14.774] [bmv2] [T] [thread 4734] [23.0] [cxt 0] qos.p4(305) Condition "hdr.ipv4.isValid()" (node_5) is false
[02:02:14.774] [bmv2] [D] [thread 4734] [23.0] [cxt 0] Pipeline 'ingress': end
[02:02:14.774] [bmv2] [D] [thread 4734] [23.0] [cxt 0] Egress port is 0
[02:02:14.778] [bmv2] [D] [thread 4735] [23.0] [cxt 0] Pipeline 'egress': start
[02:02:14.778] [bmv2] [T] [thread 4735] [23.0] [cxt 0] qos.p4(345) Condition "hdr.mri.isValid()" (node_13) is false
[02:02:14.778] [bmv2] [D] [thread 4735] [23.0] [cxt 0] Pipeline 'egress': end
[02:02:14.778] [bmv2] [D] [thread 4735] [23.0] [cxt 0] Deparser 'deparser': start
[02:02:14.778] [bmv2] [T] [thread 4735] [23.0] [cxt 0] Skipping checksum 'cksum' update because condition not met
[02:02:14.778] [bmv2] [D] [thread 4735] [23.0] [cxt 0] Deparsing header 'ethernet'
[02:02:14.778] [bmv2] [D] [thread 4735] [23.0] [cxt 0] Deparser 'deparser': end
[02:02:14.778] [bmv2] [D] [thread 4739] [23.0] [cxt 0] Transmitting packet of size 70 out of port 0
[02:02:25.012] [bmv2] [D] [thread 4734] [24.0] [cxt 0] Processing packet received on port 3
[02:02:25.012] [bmv2] [D] [thread 4734] [24.0] [cxt 0] Parser 'parser': start
[02:02:25.012] [bmv2] [D] [thread 4734] [24.0] [cxt 0] Parser 'parser' entering state 'start'
[02:02:25.012] [bmv2] [D] [thread 4734] [24.0] [cxt 0] Extracting header 'ethernet'
[02:02:25.013] [bmv2] [D] [thread 4734] [24.0] [cxt 0] Parser state 'start': key is 86dd
[02:02:25.013] [bmv2] [T] [thread 4734] [24.0] [cxt 0] Bytes parsed: 14
[02:02:25.013] [bmv2] [D] [thread 4734] [24.0] [cxt 0] Parser 'parser': end
[02:02:25.013] [bmv2] [D] [thread 4734] [24.0] [cxt 0] Pipeline 'ingress': start
[02:02:25.013] [bmv2] [T] [thread 4734] [24.0] [cxt 0] qos.p4(299) Condition "hdr.vlan.isValid()" (node_2) is false
[02:02:25.013] [bmv2] [T] [thread 4734] [24.0] [cxt 0] Applying table 'MyIngress.mac_exact'
[02:02:25.013] [bmv2] [D] [thread 4734] [24.0] [cxt 0] Looking up key:
* hdr.ethernet.dstAddr: 333300000002

[02:02:25.014] [bmv2] [D] [thread 4734] [24.0] [cxt 0] Table 'MyIngress.mac_exact': miss
[02:02:25.014] [bmv2] [D] [thread 4734] [24.0] [cxt 0] Action entry is NoAction - 
[02:02:25.014] [bmv2] [T] [thread 4734] [24.0] [cxt 0] Action NoAction
[02:02:25.014] [bmv2] [T] [thread 4734] [24.0] [cxt 0] qos.p4(305) Condition "hdr.ipv4.isValid()" (node_5) is false
[02:02:25.014] [bmv2] [D] [thread 4734] [24.0] [cxt 0] Pipeline 'ingress': end
[02:02:25.014] [bmv2] [D] [thread 4734] [24.0] [cxt 0] Egress port is 0
[02:02:25.017] [bmv2] [D] [thread 4735] [24.0] [cxt 0] Pipeline 'egress': start
[02:02:25.018] [bmv2] [T] [thread 4735] [24.0] [cxt 0] qos.p4(345) Condition "hdr.mri.isValid()" (node_13) is false
[02:02:25.018] [bmv2] [D] [thread 4735] [24.0] [cxt 0] Pipeline 'egress': end
[02:02:25.018] [bmv2] [D] [thread 4735] [24.0] [cxt 0] Deparser 'deparser': start
[02:02:25.018] [bmv2] [T] [thread 4735] [24.0] [cxt 0] Skipping checksum 'cksum' update because condition not met
[02:02:25.018] [bmv2] [D] [thread 4735] [24.0] [cxt 0] Deparsing header 'ethernet'
[02:02:25.018] [bmv2] [D] [thread 4735] [24.0] [cxt 0] Deparser 'deparser': end
[02:02:25.019] [bmv2] [D] [thread 4739] [24.0] [cxt 0] Transmitting packet of size 70 out of port 0
[02:03:59.218] [bmv2] [D] [thread 4734] [25.0] [cxt 0] Processing packet received on port 3
[02:03:59.218] [bmv2] [D] [thread 4734] [25.0] [cxt 0] Parser 'parser': start
[02:03:59.218] [bmv2] [D] [thread 4734] [25.0] [cxt 0] Parser 'parser' entering state 'start'
[02:03:59.218] [bmv2] [D] [thread 4734] [25.0] [cxt 0] Extracting header 'ethernet'
[02:03:59.223] [bmv2] [D] [thread 4734] [25.0] [cxt 0] Parser state 'start': key is 86dd
[02:03:59.223] [bmv2] [T] [thread 4734] [25.0] [cxt 0] Bytes parsed: 14
[02:03:59.223] [bmv2] [D] [thread 4734] [25.0] [cxt 0] Parser 'parser': end
[02:03:59.223] [bmv2] [D] [thread 4734] [25.0] [cxt 0] Pipeline 'ingress': start
[02:03:59.224] [bmv2] [T] [thread 4734] [25.0] [cxt 0] qos.p4(299) Condition "hdr.vlan.isValid()" (node_2) is false
[02:03:59.224] [bmv2] [T] [thread 4734] [25.0] [cxt 0] Applying table 'MyIngress.mac_exact'
[02:03:59.224] [bmv2] [D] [thread 4734] [25.0] [cxt 0] Looking up key:
* hdr.ethernet.dstAddr: 333300000002

[02:03:59.224] [bmv2] [D] [thread 4734] [25.0] [cxt 0] Table 'MyIngress.mac_exact': miss
[02:03:59.224] [bmv2] [D] [thread 4734] [25.0] [cxt 0] Action entry is NoAction - 
[02:03:59.224] [bmv2] [T] [thread 4734] [25.0] [cxt 0] Action NoAction
[02:03:59.224] [bmv2] [T] [thread 4734] [25.0] [cxt 0] qos.p4(305) Condition "hdr.ipv4.isValid()" (node_5) is false
[02:03:59.224] [bmv2] [D] [thread 4734] [25.0] [cxt 0] Pipeline 'ingress': end
[02:03:59.224] [bmv2] [D] [thread 4734] [25.0] [cxt 0] Egress port is 0
[02:03:59.226] [bmv2] [D] [thread 4735] [25.0] [cxt 0] Pipeline 'egress': start
[02:03:59.226] [bmv2] [T] [thread 4735] [25.0] [cxt 0] qos.p4(345) Condition "hdr.mri.isValid()" (node_13) is false
[02:03:59.226] [bmv2] [D] [thread 4735] [25.0] [cxt 0] Pipeline 'egress': end
[02:03:59.226] [bmv2] [D] [thread 4735] [25.0] [cxt 0] Deparser 'deparser': start
[02:03:59.226] [bmv2] [T] [thread 4735] [25.0] [cxt 0] Skipping checksum 'cksum' update because condition not met
[02:03:59.226] [bmv2] [D] [thread 4735] [25.0] [cxt 0] Deparsing header 'ethernet'
[02:03:59.226] [bmv2] [D] [thread 4735] [25.0] [cxt 0] Deparser 'deparser': end
[02:03:59.227] [bmv2] [D] [thread 4739] [25.0] [cxt 0] Transmitting packet of size 70 out of port 0
[02:04:01.265] [bmv2] [D] [thread 4734] [26.0] [cxt 0] Processing packet received on port 2
[02:04:01.266] [bmv2] [D] [thread 4734] [26.0] [cxt 0] Parser 'parser': start
[02:04:01.266] [bmv2] [D] [thread 4734] [26.0] [cxt 0] Parser 'parser' entering state 'start'
[02:04:01.266] [bmv2] [D] [thread 4734] [26.0] [cxt 0] Extracting header 'ethernet'
[02:04:01.266] [bmv2] [D] [thread 4734] [26.0] [cxt 0] Parser state 'start': key is 86dd
[02:04:01.266] [bmv2] [T] [thread 4734] [26.0] [cxt 0] Bytes parsed: 14
[02:04:01.266] [bmv2] [D] [thread 4734] [26.0] [cxt 0] Parser 'parser': end
[02:04:01.267] [bmv2] [D] [thread 4734] [26.0] [cxt 0] Pipeline 'ingress': start
[02:04:01.267] [bmv2] [T] [thread 4734] [26.0] [cxt 0] qos.p4(299) Condition "hdr.vlan.isValid()" (node_2) is false
[02:04:01.267] [bmv2] [T] [thread 4734] [26.0] [cxt 0] Applying table 'MyIngress.mac_exact'
[02:04:01.268] [bmv2] [D] [thread 4734] [26.0] [cxt 0] Looking up key:
* hdr.ethernet.dstAddr: 333300000002

[02:04:01.268] [bmv2] [D] [thread 4734] [26.0] [cxt 0] Table 'MyIngress.mac_exact': miss
[02:04:01.268] [bmv2] [D] [thread 4734] [26.0] [cxt 0] Action entry is NoAction - 
[02:04:01.268] [bmv2] [T] [thread 4734] [26.0] [cxt 0] Action NoAction
[02:04:01.268] [bmv2] [T] [thread 4734] [26.0] [cxt 0] qos.p4(305) Condition "hdr.ipv4.isValid()" (node_5) is false
[02:04:01.268] [bmv2] [D] [thread 4734] [26.0] [cxt 0] Pipeline 'ingress': end
[02:04:01.268] [bmv2] [D] [thread 4734] [26.0] [cxt 0] Egress port is 0
[02:04:01.273] [bmv2] [D] [thread 4735] [26.0] [cxt 0] Pipeline 'egress': start
[02:04:01.274] [bmv2] [T] [thread 4735] [26.0] [cxt 0] qos.p4(345) Condition "hdr.mri.isValid()" (node_13) is false
[02:04:01.274] [bmv2] [D] [thread 4735] [26.0] [cxt 0] Pipeline 'egress': end
[02:04:01.274] [bmv2] [D] [thread 4735] [26.0] [cxt 0] Deparser 'deparser': start
[02:04:01.274] [bmv2] [T] [thread 4735] [26.0] [cxt 0] Skipping checksum 'cksum' update because condition not met
[02:04:01.274] [bmv2] [D] [thread 4735] [26.0] [cxt 0] Deparsing header 'ethernet'
[02:04:01.274] [bmv2] [D] [thread 4735] [26.0] [cxt 0] Deparser 'deparser': end
[02:04:01.274] [bmv2] [D] [thread 4739] [26.0] [cxt 0] Transmitting packet of size 70 out of port 0
[02:04:25.841] [bmv2] [D] [thread 4734] [27.0] [cxt 0] Processing packet received on port 1
[02:04:25.842] [bmv2] [D] [thread 4734] [27.0] [cxt 0] Parser 'parser': start
[02:04:25.842] [bmv2] [D] [thread 4734] [27.0] [cxt 0] Parser 'parser' entering state 'start'
[02:04:25.842] [bmv2] [D] [thread 4734] [27.0] [cxt 0] Extracting header 'ethernet'
[02:04:25.845] [bmv2] [D] [thread 4734] [27.0] [cxt 0] Parser state 'start': key is 86dd
[02:04:25.845] [bmv2] [T] [thread 4734] [27.0] [cxt 0] Bytes parsed: 14
[02:04:25.845] [bmv2] [D] [thread 4734] [27.0] [cxt 0] Parser 'parser': end
[02:04:25.845] [bmv2] [D] [thread 4734] [27.0] [cxt 0] Pipeline 'ingress': start
[02:04:25.845] [bmv2] [T] [thread 4734] [27.0] [cxt 0] qos.p4(299) Condition "hdr.vlan.isValid()" (node_2) is false
[02:04:25.845] [bmv2] [T] [thread 4734] [27.0] [cxt 0] Applying table 'MyIngress.mac_exact'
[02:04:25.846] [bmv2] [D] [thread 4734] [27.0] [cxt 0] Looking up key:
* hdr.ethernet.dstAddr: 333300000002

[02:04:25.846] [bmv2] [D] [thread 4734] [27.0] [cxt 0] Table 'MyIngress.mac_exact': miss
[02:04:25.846] [bmv2] [D] [thread 4734] [27.0] [cxt 0] Action entry is NoAction - 
[02:04:25.846] [bmv2] [T] [thread 4734] [27.0] [cxt 0] Action NoAction
[02:04:25.846] [bmv2] [T] [thread 4734] [27.0] [cxt 0] qos.p4(305) Condition "hdr.ipv4.isValid()" (node_5) is false
[02:04:25.846] [bmv2] [D] [thread 4734] [27.0] [cxt 0] Pipeline 'ingress': end
[02:04:25.846] [bmv2] [D] [thread 4734] [27.0] [cxt 0] Egress port is 0
[02:04:25.848] [bmv2] [D] [thread 4735] [27.0] [cxt 0] Pipeline 'egress': start
[02:04:25.848] [bmv2] [T] [thread 4735] [27.0] [cxt 0] qos.p4(345) Condition "hdr.mri.isValid()" (node_13) is false
[02:04:25.848] [bmv2] [D] [thread 4735] [27.0] [cxt 0] Pipeline 'egress': end
[02:04:25.848] [bmv2] [D] [thread 4735] [27.0] [cxt 0] Deparser 'deparser': start
[02:04:25.848] [bmv2] [T] [thread 4735] [27.0] [cxt 0] Skipping checksum 'cksum' update because condition not met
[02:04:25.848] [bmv2] [D] [thread 4735] [27.0] [cxt 0] Deparsing header 'ethernet'
[02:04:25.848] [bmv2] [D] [thread 4735] [27.0] [cxt 0] Deparser 'deparser': end
[02:04:25.848] [bmv2] [D] [thread 4739] [27.0] [cxt 0] Transmitting packet of size 70 out of port 0
[02:04:42.225] [bmv2] [D] [thread 4734] [28.0] [cxt 0] Processing packet received on port 2
[02:04:42.225] [bmv2] [D] [thread 4734] [28.0] [cxt 0] Parser 'parser': start
[02:04:42.225] [bmv2] [D] [thread 4734] [28.0] [cxt 0] Parser 'parser' entering state 'start'
[02:04:42.225] [bmv2] [D] [thread 4734] [28.0] [cxt 0] Extracting header 'ethernet'
[02:04:42.226] [bmv2] [D] [thread 4734] [28.0] [cxt 0] Parser state 'start': key is 86dd
[02:04:42.226] [bmv2] [T] [thread 4734] [28.0] [cxt 0] Bytes parsed: 14
[02:04:42.226] [bmv2] [D] [thread 4734] [28.0] [cxt 0] Parser 'parser': end
[02:04:42.226] [bmv2] [D] [thread 4734] [28.0] [cxt 0] Pipeline 'ingress': start
[02:04:42.226] [bmv2] [T] [thread 4734] [28.0] [cxt 0] qos.p4(299) Condition "hdr.vlan.isValid()" (node_2) is false
[02:04:42.226] [bmv2] [T] [thread 4734] [28.0] [cxt 0] Applying table 'MyIngress.mac_exact'
[02:04:42.227] [bmv2] [D] [thread 4734] [28.0] [cxt 0] Looking up key:
* hdr.ethernet.dstAddr: 333300000002

[02:04:42.227] [bmv2] [D] [thread 4734] [28.0] [cxt 0] Table 'MyIngress.mac_exact': miss
[02:04:42.227] [bmv2] [D] [thread 4734] [28.0] [cxt 0] Action entry is NoAction - 
[02:04:42.227] [bmv2] [T] [thread 4734] [28.0] [cxt 0] Action NoAction
[02:04:42.227] [bmv2] [T] [thread 4734] [28.0] [cxt 0] qos.p4(305) Condition "hdr.ipv4.isValid()" (node_5) is false
[02:04:42.227] [bmv2] [D] [thread 4734] [28.0] [cxt 0] Pipeline 'ingress': end
[02:04:42.232] [bmv2] [D] [thread 4734] [28.0] [cxt 0] Egress port is 0
[02:04:42.233] [bmv2] [D] [thread 4735] [28.0] [cxt 0] Pipeline 'egress': start
[02:04:42.233] [bmv2] [T] [thread 4735] [28.0] [cxt 0] qos.p4(345) Condition "hdr.mri.isValid()" (node_13) is false
[02:04:42.233] [bmv2] [D] [thread 4735] [28.0] [cxt 0] Pipeline 'egress': end
[02:04:42.233] [bmv2] [D] [thread 4735] [28.0] [cxt 0] Deparser 'deparser': start
[02:04:42.233] [bmv2] [T] [thread 4735] [28.0] [cxt 0] Skipping checksum 'cksum' update because condition not met
[02:04:42.233] [bmv2] [D] [thread 4735] [28.0] [cxt 0] Deparsing header 'ethernet'
[02:04:42.233] [bmv2] [D] [thread 4735] [28.0] [cxt 0] Deparser 'deparser': end
[02:04:42.233] [bmv2] [D] [thread 4739] [28.0] [cxt 0] Transmitting packet of size 70 out of port 0
[02:04:58.610] [bmv2] [D] [thread 4734] [29.0] [cxt 0] Processing packet received on port 3
[02:04:58.611] [bmv2] [D] [thread 4734] [29.0] [cxt 0] Parser 'parser': start
[02:04:58.611] [bmv2] [D] [thread 4734] [29.0] [cxt 0] Parser 'parser' entering state 'start'
[02:04:58.611] [bmv2] [D] [thread 4734] [29.0] [cxt 0] Extracting header 'ethernet'
[02:04:58.616] [bmv2] [D] [thread 4734] [29.0] [cxt 0] Parser state 'start': key is 86dd
[02:04:58.616] [bmv2] [T] [thread 4734] [29.0] [cxt 0] Bytes parsed: 14
[02:04:58.616] [bmv2] [D] [thread 4734] [29.0] [cxt 0] Parser 'parser': end
[02:04:58.616] [bmv2] [D] [thread 4734] [29.0] [cxt 0] Pipeline 'ingress': start
[02:04:58.616] [bmv2] [T] [thread 4734] [29.0] [cxt 0] qos.p4(299) Condition "hdr.vlan.isValid()" (node_2) is false
[02:04:58.616] [bmv2] [T] [thread 4734] [29.0] [cxt 0] Applying table 'MyIngress.mac_exact'
[02:04:58.617] [bmv2] [D] [thread 4734] [29.0] [cxt 0] Looking up key:
* hdr.ethernet.dstAddr: 333300000002

[02:04:58.617] [bmv2] [D] [thread 4734] [29.0] [cxt 0] Table 'MyIngress.mac_exact': miss
[02:04:58.617] [bmv2] [D] [thread 4734] [29.0] [cxt 0] Action entry is NoAction - 
[02:04:58.617] [bmv2] [T] [thread 4734] [29.0] [cxt 0] Action NoAction
[02:04:58.617] [bmv2] [T] [thread 4734] [29.0] [cxt 0] qos.p4(305) Condition "hdr.ipv4.isValid()" (node_5) is false
[02:04:58.617] [bmv2] [D] [thread 4734] [29.0] [cxt 0] Pipeline 'ingress': end
[02:04:58.617] [bmv2] [D] [thread 4734] [29.0] [cxt 0] Egress port is 0
[02:04:58.618] [bmv2] [D] [thread 4735] [29.0] [cxt 0] Pipeline 'egress': start
[02:04:58.618] [bmv2] [T] [thread 4735] [29.0] [cxt 0] qos.p4(345) Condition "hdr.mri.isValid()" (node_13) is false
[02:04:58.618] [bmv2] [D] [thread 4735] [29.0] [cxt 0] Pipeline 'egress': end
[02:04:58.618] [bmv2] [D] [thread 4735] [29.0] [cxt 0] Deparser 'deparser': start
[02:04:58.618] [bmv2] [T] [thread 4735] [29.0] [cxt 0] Skipping checksum 'cksum' update because condition not met
[02:04:58.618] [bmv2] [D] [thread 4735] [29.0] [cxt 0] Deparsing header 'ethernet'
[02:04:58.618] [bmv2] [D] [thread 4735] [29.0] [cxt 0] Deparser 'deparser': end
[02:04:58.618] [bmv2] [D] [thread 4739] [29.0] [cxt 0] Transmitting packet of size 70 out of port 0
open: No such file or directory
open: No such file or directory
open: No such file or directory
open: No such file or directory
