sniffing on eth0
got a packet
###[ Ethernet ]### 
  dst       = 08:00:00:00:02:02
  src       = 08:00:00:00:02:00
  type      = n_802_1Q
###[ 802.1Q ]### 
     prio      = 0
     id        = 0
     vlan      = 1
     type      = IPv4
###[ IP ]### 
        version   = 4
        ihl       = 10
        tos       = 0xb8
        len       = 54
        id        = 1
        flags     = 
        frag      = 0
        ttl       = 62
        proto     = udp
        chksum    = 0x5ffc
        src       = 10.0.1.1
        dst       = 10.0.2.2
        \options   \
         |###[ MRI ]### 
         |  copy_flag = 0
         |  optclass  = control
         |  option    = 31
         |  length    = 20
         |  count     = 2
         |  \swtraces  \
         |   |###[ SwitchTrace ]### 
         |   |  swid      = 2
         |   |  qdepth    = 0
         |   |###[ SwitchTrace ]### 
         |   |  swid      = 1
         |   |  qdepth    = 0
###[ UDP ]### 
           sport     = 1234
           dport     = 4321
           len       = 14
           chksum    = 0x7ff8
###[ Raw ]### 
              load      = 'nakaya'

got a packet
###[ Ethernet ]### 
  dst       = 08:00:00:00:02:02
  src       = 08:00:00:00:02:00
  type      = n_802_1Q
###[ 802.1Q ]### 
     prio      = 0
     id        = 0
     vlan      = 1
     type      = IPv4
###[ IP ]### 
        version   = 4
        ihl       = 10
        tos       = 0xb8
        len       = 54
        id        = 1
        flags     = 
        frag      = 0
        ttl       = 62
        proto     = udp
        chksum    = 0x5ffc
        src       = 10.0.1.1
        dst       = 10.0.2.2
        \options   \
         |###[ MRI ]### 
         |  copy_flag = 0
         |  optclass  = control
         |  option    = 31
         |  length    = 20
         |  count     = 2
         |  \swtraces  \
         |   |###[ SwitchTrace ]### 
         |   |  swid      = 2
         |   |  qdepth    = 0
         |   |###[ SwitchTrace ]### 
         |   |  swid      = 1
         |   |  qdepth    = 0
###[ UDP ]### 
           sport     = 1234
           dport     = 4321
           len       = 14
           chksum    = 0x7ff8
###[ Raw ]### 
              load      = 'nakaya'

got a packet
###[ Ethernet ]### 
  dst       = 08:00:00:00:02:02
  src       = 08:00:00:00:02:00
  type      = n_802_1Q
###[ 802.1Q ]### 
     prio      = 0
     id        = 0
     vlan      = 1
     type      = IPv4
###[ IP ]### 
        version   = 4
        ihl       = 10
        tos       = 0xb8
        len       = 54
        id        = 1
        flags     = 
        frag      = 0
        ttl       = 62
        proto     = udp
        chksum    = 0x5ffc
        src       = 10.0.1.1
        dst       = 10.0.2.2
        \options   \
         |###[ MRI ]### 
         |  copy_flag = 0
         |  optclass  = control
         |  option    = 31
         |  length    = 20
         |  count     = 2
         |  \swtraces  \
         |   |###[ SwitchTrace ]### 
         |   |  swid      = 2
         |   |  qdepth    = 0
         |   |###[ SwitchTrace ]### 
         |   |  swid      = 1
         |   |  qdepth    = 0
###[ UDP ]### 
           sport     = 1234
           dport     = 4321
           len       = 14
           chksum    = 0x7ff8
###[ Raw ]### 
              load      = 'nakaya'

got a packet
###[ Ethernet ]### 
  dst       = 08:00:00:00:02:02
  src       = 08:00:00:00:02:00
  type      = n_802_1Q
###[ 802.1Q ]### 
     prio      = 0
     id        = 0
     vlan      = 1
     type      = IPv4
###[ IP ]### 
        version   = 4
        ihl       = 10
        tos       = 0xb8
        len       = 54
        id        = 1
        flags     = 
        frag      = 0
        ttl       = 62
        proto     = udp
        chksum    = 0x5ffc
        src       = 10.0.1.1
        dst       = 10.0.2.2
        \options   \
         |###[ MRI ]### 
         |  copy_flag = 0
         |  optclass  = control
         |  option    = 31
         |  length    = 20
         |  count     = 2
         |  \swtraces  \
         |   |###[ SwitchTrace ]### 
         |   |  swid      = 2
         |   |  qdepth    = 0
         |   |###[ SwitchTrace ]### 
         |   |  swid      = 1
         |   |  qdepth    = 0
###[ UDP ]### 
           sport     = 1234
           dport     = 4321
           len       = 14
           chksum    = 0x7ff8
###[ Raw ]### 
              load      = 'nakaya'

got a packet
###[ Ethernet ]### 
  dst       = 08:00:00:00:02:02
  src       = 08:00:00:00:02:00
  type      = n_802_1Q
###[ 802.1Q ]### 
     prio      = 0
     id        = 0
     vlan      = 1
     type      = IPv4
###[ IP ]### 
        version   = 4
        ihl       = 10
        tos       = 0xb8
        len       = 54
        id        = 1
        flags     = 
        frag      = 0
        ttl       = 62
        proto     = udp
        chksum    = 0x5ffc
        src       = 10.0.1.1
        dst       = 10.0.2.2
        \options   \
         |###[ MRI ]### 
         |  copy_flag = 0
         |  optclass  = control
         |  option    = 31
         |  length    = 20
         |  count     = 2
         |  \swtraces  \
         |   |###[ SwitchTrace ]### 
         |   |  swid      = 2
         |   |  qdepth    = 0
         |   |###[ SwitchTrace ]### 
         |   |  swid      = 1
         |   |  qdepth    = 0
###[ UDP ]### 
           sport     = 1234
           dport     = 4321
           len       = 14
           chksum    = 0x7ff8
###[ Raw ]### 
              load      = 'nakaya'

got a packet
###[ Ethernet ]### 
  dst       = 08:00:00:00:02:02
  src       = 08:00:00:00:02:00
  type      = n_802_1Q
###[ 802.1Q ]### 
     prio      = 0
     id        = 0
     vlan      = 1
     type      = IPv4
###[ IP ]### 
        version   = 4
        ihl       = 10
        tos       = 0xb8
        len       = 54
        id        = 1
        flags     = 
        frag      = 0
        ttl       = 62
        proto     = udp
        chksum    = 0x5ffc
        src       = 10.0.1.1
        dst       = 10.0.2.2
        \options   \
         |###[ MRI ]### 
         |  copy_flag = 0
         |  optclass  = control
         |  option    = 31
         |  length    = 20
         |  count     = 2
         |  \swtraces  \
         |   |###[ SwitchTrace ]### 
         |   |  swid      = 2
         |   |  qdepth    = 0
         |   |###[ SwitchTrace ]### 
         |   |  swid      = 1
         |   |  qdepth    = 0
###[ UDP ]### 
           sport     = 1234
           dport     = 4321
           len       = 14
           chksum    = 0x7ff8
###[ Raw ]### 
              load      = 'nakaya'

got a packet
###[ Ethernet ]### 
  dst       = 08:00:00:00:02:02
  src       = 08:00:00:00:02:00
  type      = n_802_1Q
###[ 802.1Q ]### 
     prio      = 0
     id        = 0
     vlan      = 1
     type      = IPv4
###[ IP ]### 
        version   = 4
        ihl       = 10
        tos       = 0xb8
        len       = 54
        id        = 1
        flags     = 
        frag      = 0
        ttl       = 62
        proto     = udp
        chksum    = 0x5ffc
        src       = 10.0.1.1
        dst       = 10.0.2.2
        \options   \
         |###[ MRI ]### 
         |  copy_flag = 0
         |  optclass  = control
         |  option    = 31
         |  length    = 20
         |  count     = 2
         |  \swtraces  \
         |   |###[ SwitchTrace ]### 
         |   |  swid      = 2
         |   |  qdepth    = 0
         |   |###[ SwitchTrace ]### 
         |   |  swid      = 1
         |   |  qdepth    = 0
###[ UDP ]### 
           sport     = 1234
           dport     = 4321
           len       = 14
           chksum    = 0x7ff8
###[ Raw ]### 
              load      = 'nakaya'

got a packet
###[ Ethernet ]### 
  dst       = 08:00:00:00:02:02
  src       = 08:00:00:00:02:00
  type      = n_802_1Q
###[ 802.1Q ]### 
     prio      = 0
     id        = 0
     vlan      = 1
     type      = IPv4
###[ IP ]### 
        version   = 4
        ihl       = 10
        tos       = 0xb8
        len       = 54
        id        = 1
        flags     = 
        frag      = 0
        ttl       = 62
        proto     = udp
        chksum    = 0x5ffc
        src       = 10.0.1.1
        dst       = 10.0.2.2
        \options   \
         |###[ MRI ]### 
         |  copy_flag = 0
         |  optclass  = control
         |  option    = 31
         |  length    = 20
         |  count     = 2
         |  \swtraces  \
         |   |###[ SwitchTrace ]### 
         |   |  swid      = 2
         |   |  qdepth    = 0
         |   |###[ SwitchTrace ]### 
         |   |  swid      = 1
         |   |  qdepth    = 0
###[ UDP ]### 
           sport     = 1234
           dport     = 4321
           len       = 14
           chksum    = 0x7ff8
###[ Raw ]### 
              load      = 'nakaya'

got a packet
###[ Ethernet ]### 
  dst       = 08:00:00:00:02:02
  src       = 08:00:00:00:02:00
  type      = n_802_1Q
###[ 802.1Q ]### 
     prio      = 0
     id        = 0
     vlan      = 1
     type      = IPv4
###[ IP ]### 
        version   = 4
        ihl       = 10
        tos       = 0xb8
        len       = 54
        id        = 1
        flags     = 
        frag      = 0
        ttl       = 62
        proto     = udp
        chksum    = 0x5ffc
        src       = 10.0.1.1
        dst       = 10.0.2.2
        \options   \
         |###[ MRI ]### 
         |  copy_flag = 0
         |  optclass  = control
         |  option    = 31
         |  length    = 20
         |  count     = 2
         |  \swtraces  \
         |   |###[ SwitchTrace ]### 
         |   |  swid      = 2
         |   |  qdepth    = 0
         |   |###[ SwitchTrace ]### 
         |   |  swid      = 1
         |   |  qdepth    = 0
###[ UDP ]### 
           sport     = 1234
           dport     = 4321
           len       = 14
           chksum    = 0x7ff8
###[ Raw ]### 
              load      = 'nakaya'

got a packet
###[ Ethernet ]### 
  dst       = 08:00:00:00:02:02
  src       = 08:00:00:00:02:00
  type      = n_802_1Q
###[ 802.1Q ]### 
     prio      = 0
     id        = 0
     vlan      = 1
     type      = IPv4
###[ IP ]### 
        version   = 4
        ihl       = 10
        tos       = 0xb8
        len       = 54
        id        = 1
        flags     = 
        frag      = 0
        ttl       = 62
        proto     = udp
        chksum    = 0x5ffc
        src       = 10.0.1.1
        dst       = 10.0.2.2
        \options   \
         |###[ MRI ]### 
         |  copy_flag = 0
         |  optclass  = control
         |  option    = 31
         |  length    = 20
         |  count     = 2
         |  \swtraces  \
         |   |###[ SwitchTrace ]### 
         |   |  swid      = 2
         |   |  qdepth    = 0
         |   |###[ SwitchTrace ]### 
         |   |  swid      = 1
         |   |  qdepth    = 0
###[ UDP ]### 
           sport     = 1234
           dport     = 4321
           len       = 14
           chksum    = 0x7ff8
###[ Raw ]### 
              load      = 'nakaya'

