Calling target program-options parser
[18:30:41.127] [bmv2] [D] [thread 7413] Set default default entry for table 'tbl_drop': MyIngress.drop - 
[18:30:41.128] [bmv2] [D] [thread 7413] Set default default entry for table 'MyIngress.mac_exact': NoAction - 
[18:30:41.130] [bmv2] [D] [thread 7413] Set default default entry for table 'tbl_expedited_forwarding': MyIngress.expedited_forwarding - 
[18:30:41.130] [bmv2] [D] [thread 7413] Set default default entry for table 'tbl_voice_admit': MyIngress.voice_admit - 
[18:30:41.130] [bmv2] [D] [thread 7413] Set default default entry for table 'MyIngress.ipv4_lpm': NoAction - 
Adding interface s3-eth1 as port 1
[18:30:41.131] [bmv2] [D] [thread 7413] Adding interface s3-eth1 as port 1
Adding interface s3-eth2 as port 2
[18:30:41.138] [bmv2] [D] [thread 7413] Adding interface s3-eth2 as port 2
Adding interface s3-eth3 as port 3
[18:30:41.146] [bmv2] [D] [thread 7413] Adding interface s3-eth3 as port 3
Server listening on 0.0.0.0:50053
[18:30:41.156] [bmv2] [I] [thread 7413] Starting Thrift server on port 9092
[18:30:41.161] [bmv2] [I] [thread 7413] Thrift server was started
[18:30:43.096] [bmv2] [W] [thread 7467] [P4Runtime] p4::tmp::P4DeviceConfig is deprecated
[18:30:43.105] [bmv2] [D] [thread 7467] Set default default entry for table 'tbl_drop': MyIngress.drop - 
[18:30:43.105] [bmv2] [D] [thread 7467] Set default default entry for table 'MyIngress.mac_exact': NoAction - 
[18:30:43.106] [bmv2] [D] [thread 7467] Set default default entry for table 'tbl_expedited_forwarding': MyIngress.expedited_forwarding - 
[18:30:43.106] [bmv2] [D] [thread 7467] Set default default entry for table 'tbl_voice_admit': MyIngress.voice_admit - 
[18:30:43.106] [bmv2] [D] [thread 7467] Set default default entry for table 'MyIngress.ipv4_lpm': NoAction - 
[18:30:43.109] [bmv2] [D] [thread 7467] simple_switch target has been notified of a config swap
[18:30:43.116] [bmv2] [D] [thread 7469] Entry 0 added to table 'MyIngress.ipv4_lpm'
[18:30:43.116] [bmv2] [D] [thread 7469] Dumping entry 0
Match key:
* hdr.ipv4.dstAddr    : LPM       0a000303/32
Action entry: MyIngress.ipv4_forward - 80000000303,1,

[18:30:43.122] [bmv2] [D] [thread 7469] Entry 1 added to table 'MyIngress.ipv4_lpm'
[18:30:43.122] [bmv2] [D] [thread 7469] Dumping entry 1
Match key:
* hdr.ipv4.dstAddr    : LPM       0a000100/24
Action entry: MyIngress.ipv4_forward - 80000000100,2,

[18:30:43.127] [bmv2] [D] [thread 7474] Entry 2 added to table 'MyIngress.ipv4_lpm'
[18:30:43.127] [bmv2] [D] [thread 7474] Dumping entry 2
Match key:
* hdr.ipv4.dstAddr    : LPM       0a000200/24
Action entry: MyIngress.ipv4_forward - 80000000200,3,

[18:30:43.479] [bmv2] [D] [thread 7423] [0.0] [cxt 0] Processing packet received on port 1
[18:30:43.484] [bmv2] [D] [thread 7423] [0.0] [cxt 0] Parser 'parser': start
[18:30:43.484] [bmv2] [D] [thread 7423] [0.0] [cxt 0] Parser 'parser' entering state 'start'
[18:30:43.484] [bmv2] [D] [thread 7423] [0.0] [cxt 0] Extracting header 'ethernet'
[18:30:43.484] [bmv2] [D] [thread 7423] [0.0] [cxt 0] Parser state 'start': key is 86dd
[18:30:43.484] [bmv2] [T] [thread 7423] [0.0] [cxt 0] Bytes parsed: 14
[18:30:43.485] [bmv2] [D] [thread 7423] [0.0] [cxt 0] Parser 'parser': end
[18:30:43.485] [bmv2] [D] [thread 7423] [0.0] [cxt 0] Pipeline 'ingress': start
[18:30:43.485] [bmv2] [T] [thread 7423] [0.0] [cxt 0] qos.p4(237) Condition "hdr.vlan.isValid()" (node_2) is false
[18:30:43.485] [bmv2] [T] [thread 7423] [0.0] [cxt 0] Applying table 'MyIngress.mac_exact'
[18:30:43.485] [bmv2] [D] [thread 7423] [0.0] [cxt 0] Looking up key:
* hdr.ethernet.dstAddr: 333300000002

[18:30:43.485] [bmv2] [D] [thread 7423] [0.0] [cxt 0] Table 'MyIngress.mac_exact': miss
[18:30:43.485] [bmv2] [D] [thread 7423] [0.0] [cxt 0] Action entry is NoAction - 
[18:30:43.486] [bmv2] [T] [thread 7423] [0.0] [cxt 0] Action NoAction
[18:30:43.487] [bmv2] [T] [thread 7423] [0.0] [cxt 0] qos.p4(243) Condition "hdr.ipv4.isValid()" (node_5) is false
[18:30:43.487] [bmv2] [D] [thread 7423] [0.0] [cxt 0] Pipeline 'ingress': end
[18:30:43.487] [bmv2] [D] [thread 7423] [0.0] [cxt 0] Egress port is 0
[18:30:43.490] [bmv2] [D] [thread 7424] [0.0] [cxt 0] Pipeline 'egress': start
[18:30:43.490] [bmv2] [D] [thread 7424] [0.0] [cxt 0] Pipeline 'egress': end
[18:30:43.490] [bmv2] [D] [thread 7424] [0.0] [cxt 0] Deparser 'deparser': start
[18:30:43.490] [bmv2] [T] [thread 7424] [0.0] [cxt 0] Skipping checksum 'cksum' update because condition not met
[18:30:43.490] [bmv2] [D] [thread 7424] [0.0] [cxt 0] Deparsing header 'ethernet'
[18:30:43.490] [bmv2] [D] [thread 7424] [0.0] [cxt 0] Deparser 'deparser': end
[18:30:43.490] [bmv2] [D] [thread 7428] [0.0] [cxt 0] Transmitting packet of size 70 out of port 0
[18:30:43.491] [bmv2] [D] [thread 7423] [1.0] [cxt 0] Processing packet received on port 2
[18:30:43.491] [bmv2] [D] [thread 7423] [1.0] [cxt 0] Parser 'parser': start
[18:30:43.491] [bmv2] [D] [thread 7423] [1.0] [cxt 0] Parser 'parser' entering state 'start'
[18:30:43.491] [bmv2] [D] [thread 7423] [1.0] [cxt 0] Extracting header 'ethernet'
[18:30:43.491] [bmv2] [D] [thread 7423] [1.0] [cxt 0] Parser state 'start': key is 86dd
[18:30:43.491] [bmv2] [T] [thread 7423] [1.0] [cxt 0] Bytes parsed: 14
[18:30:43.491] [bmv2] [D] [thread 7423] [1.0] [cxt 0] Parser 'parser': end
[18:30:43.491] [bmv2] [D] [thread 7423] [1.0] [cxt 0] Pipeline 'ingress': start
[18:30:43.491] [bmv2] [T] [thread 7423] [1.0] [cxt 0] qos.p4(237) Condition "hdr.vlan.isValid()" (node_2) is false
[18:30:43.491] [bmv2] [T] [thread 7423] [1.0] [cxt 0] Applying table 'MyIngress.mac_exact'
[18:30:43.492] [bmv2] [D] [thread 7423] [1.0] [cxt 0] Looking up key:
* hdr.ethernet.dstAddr: 333300000002

[18:30:43.492] [bmv2] [D] [thread 7423] [1.0] [cxt 0] Table 'MyIngress.mac_exact': miss
[18:30:43.492] [bmv2] [D] [thread 7423] [1.0] [cxt 0] Action entry is NoAction - 
[18:30:43.492] [bmv2] [T] [thread 7423] [1.0] [cxt 0] Action NoAction
[18:30:43.492] [bmv2] [T] [thread 7423] [1.0] [cxt 0] qos.p4(243) Condition "hdr.ipv4.isValid()" (node_5) is false
[18:30:43.492] [bmv2] [D] [thread 7423] [1.0] [cxt 0] Pipeline 'ingress': end
[18:30:43.492] [bmv2] [D] [thread 7423] [1.0] [cxt 0] Egress port is 0
[18:30:43.492] [bmv2] [D] [thread 7424] [1.0] [cxt 0] Pipeline 'egress': start
[18:30:43.492] [bmv2] [D] [thread 7424] [1.0] [cxt 0] Pipeline 'egress': end
[18:30:43.492] [bmv2] [D] [thread 7424] [1.0] [cxt 0] Deparser 'deparser': start
[18:30:43.492] [bmv2] [T] [thread 7424] [1.0] [cxt 0] Skipping checksum 'cksum' update because condition not met
[18:30:43.492] [bmv2] [D] [thread 7424] [1.0] [cxt 0] Deparsing header 'ethernet'
[18:30:43.492] [bmv2] [D] [thread 7424] [1.0] [cxt 0] Deparser 'deparser': end
[18:30:43.492] [bmv2] [D] [thread 7428] [1.0] [cxt 0] Transmitting packet of size 70 out of port 0
[18:30:43.987] [bmv2] [D] [thread 7423] [2.0] [cxt 0] Processing packet received on port 2
[18:30:43.988] [bmv2] [D] [thread 7423] [2.0] [cxt 0] Parser 'parser': start
[18:30:43.988] [bmv2] [D] [thread 7423] [2.0] [cxt 0] Parser 'parser' entering state 'start'
[18:30:43.988] [bmv2] [D] [thread 7423] [2.0] [cxt 0] Extracting header 'ethernet'
[18:30:43.988] [bmv2] [D] [thread 7423] [2.0] [cxt 0] Parser state 'start': key is 86dd
[18:30:43.989] [bmv2] [T] [thread 7423] [2.0] [cxt 0] Bytes parsed: 14
[18:30:43.989] [bmv2] [D] [thread 7423] [2.0] [cxt 0] Parser 'parser': end
[18:30:43.989] [bmv2] [D] [thread 7423] [2.0] [cxt 0] Pipeline 'ingress': start
[18:30:43.989] [bmv2] [T] [thread 7423] [2.0] [cxt 0] qos.p4(237) Condition "hdr.vlan.isValid()" (node_2) is false
[18:30:43.990] [bmv2] [T] [thread 7423] [2.0] [cxt 0] Applying table 'MyIngress.mac_exact'
[18:30:43.990] [bmv2] [D] [thread 7423] [2.0] [cxt 0] Looking up key:
* hdr.ethernet.dstAddr: 333300000002

[18:30:43.990] [bmv2] [D] [thread 7423] [2.0] [cxt 0] Table 'MyIngress.mac_exact': miss
[18:30:43.990] [bmv2] [D] [thread 7423] [2.0] [cxt 0] Action entry is NoAction - 
[18:30:43.990] [bmv2] [T] [thread 7423] [2.0] [cxt 0] Action NoAction
[18:30:43.990] [bmv2] [T] [thread 7423] [2.0] [cxt 0] qos.p4(243) Condition "hdr.ipv4.isValid()" (node_5) is false
[18:30:43.990] [bmv2] [D] [thread 7423] [2.0] [cxt 0] Pipeline 'ingress': end
[18:30:43.991] [bmv2] [D] [thread 7423] [2.0] [cxt 0] Egress port is 0
[18:30:43.999] [bmv2] [D] [thread 7424] [2.0] [cxt 0] Pipeline 'egress': start
[18:30:43.999] [bmv2] [D] [thread 7424] [2.0] [cxt 0] Pipeline 'egress': end
[18:30:43.999] [bmv2] [D] [thread 7424] [2.0] [cxt 0] Deparser 'deparser': start
[18:30:43.999] [bmv2] [T] [thread 7424] [2.0] [cxt 0] Skipping checksum 'cksum' update because condition not met
[18:30:43.999] [bmv2] [D] [thread 7424] [2.0] [cxt 0] Deparsing header 'ethernet'
[18:30:43.999] [bmv2] [D] [thread 7424] [2.0] [cxt 0] Deparser 'deparser': end
[18:30:43.999] [bmv2] [D] [thread 7428] [2.0] [cxt 0] Transmitting packet of size 70 out of port 0
[18:30:43.999] [bmv2] [D] [thread 7423] [3.0] [cxt 0] Processing packet received on port 3
[18:30:43.999] [bmv2] [D] [thread 7423] [3.0] [cxt 0] Parser 'parser': start
[18:30:43.999] [bmv2] [D] [thread 7423] [3.0] [cxt 0] Parser 'parser' entering state 'start'
[18:30:43.999] [bmv2] [D] [thread 7423] [3.0] [cxt 0] Extracting header 'ethernet'
[18:30:43.999] [bmv2] [D] [thread 7423] [3.0] [cxt 0] Parser state 'start': key is 86dd
[18:30:43.999] [bmv2] [T] [thread 7423] [3.0] [cxt 0] Bytes parsed: 14
[18:30:43.999] [bmv2] [D] [thread 7423] [3.0] [cxt 0] Parser 'parser': end
[18:30:44.000] [bmv2] [D] [thread 7423] [3.0] [cxt 0] Pipeline 'ingress': start
[18:30:44.000] [bmv2] [T] [thread 7423] [3.0] [cxt 0] qos.p4(237) Condition "hdr.vlan.isValid()" (node_2) is false
[18:30:44.000] [bmv2] [T] [thread 7423] [3.0] [cxt 0] Applying table 'MyIngress.mac_exact'
[18:30:44.000] [bmv2] [D] [thread 7423] [3.0] [cxt 0] Looking up key:
* hdr.ethernet.dstAddr: 333300000002

[18:30:44.000] [bmv2] [D] [thread 7423] [3.0] [cxt 0] Table 'MyIngress.mac_exact': miss
[18:30:44.000] [bmv2] [D] [thread 7423] [3.0] [cxt 0] Action entry is NoAction - 
[18:30:44.000] [bmv2] [T] [thread 7423] [3.0] [cxt 0] Action NoAction
[18:30:44.000] [bmv2] [T] [thread 7423] [3.0] [cxt 0] qos.p4(243) Condition "hdr.ipv4.isValid()" (node_5) is false
[18:30:44.000] [bmv2] [D] [thread 7423] [3.0] [cxt 0] Pipeline 'ingress': end
[18:30:44.000] [bmv2] [D] [thread 7423] [3.0] [cxt 0] Egress port is 0
[18:30:44.002] [bmv2] [D] [thread 7424] [3.0] [cxt 0] Pipeline 'egress': start
[18:30:44.003] [bmv2] [D] [thread 7424] [3.0] [cxt 0] Pipeline 'egress': end
[18:30:44.003] [bmv2] [D] [thread 7424] [3.0] [cxt 0] Deparser 'deparser': start
[18:30:44.003] [bmv2] [T] [thread 7424] [3.0] [cxt 0] Skipping checksum 'cksum' update because condition not met
[18:30:44.003] [bmv2] [D] [thread 7424] [3.0] [cxt 0] Deparsing header 'ethernet'
[18:30:44.003] [bmv2] [D] [thread 7424] [3.0] [cxt 0] Deparser 'deparser': end
[18:30:44.003] [bmv2] [D] [thread 7428] [3.0] [cxt 0] Transmitting packet of size 70 out of port 0
[18:30:44.003] [bmv2] [D] [thread 7423] [4.0] [cxt 0] Processing packet received on port 3
[18:30:44.003] [bmv2] [D] [thread 7423] [4.0] [cxt 0] Parser 'parser': start
[18:30:44.003] [bmv2] [D] [thread 7423] [4.0] [cxt 0] Parser 'parser' entering state 'start'
[18:30:44.003] [bmv2] [D] [thread 7423] [4.0] [cxt 0] Extracting header 'ethernet'
[18:30:44.004] [bmv2] [D] [thread 7423] [4.0] [cxt 0] Parser state 'start': key is 86dd
[18:30:44.004] [bmv2] [T] [thread 7423] [4.0] [cxt 0] Bytes parsed: 14
[18:30:44.004] [bmv2] [D] [thread 7423] [4.0] [cxt 0] Parser 'parser': end
[18:30:44.004] [bmv2] [D] [thread 7423] [4.0] [cxt 0] Pipeline 'ingress': start
[18:30:44.004] [bmv2] [T] [thread 7423] [4.0] [cxt 0] qos.p4(237) Condition "hdr.vlan.isValid()" (node_2) is false
[18:30:44.004] [bmv2] [T] [thread 7423] [4.0] [cxt 0] Applying table 'MyIngress.mac_exact'
[18:30:44.004] [bmv2] [D] [thread 7423] [4.0] [cxt 0] Looking up key:
* hdr.ethernet.dstAddr: 333300000002

[18:30:44.004] [bmv2] [D] [thread 7423] [4.0] [cxt 0] Table 'MyIngress.mac_exact': miss
[18:30:44.004] [bmv2] [D] [thread 7423] [4.0] [cxt 0] Action entry is NoAction - 
[18:30:44.005] [bmv2] [T] [thread 7423] [4.0] [cxt 0] Action NoAction
[18:30:44.005] [bmv2] [T] [thread 7423] [4.0] [cxt 0] qos.p4(243) Condition "hdr.ipv4.isValid()" (node_5) is false
[18:30:44.005] [bmv2] [D] [thread 7423] [4.0] [cxt 0] Pipeline 'ingress': end
[18:30:44.005] [bmv2] [D] [thread 7423] [4.0] [cxt 0] Egress port is 0
[18:30:44.005] [bmv2] [D] [thread 7424] [4.0] [cxt 0] Pipeline 'egress': start
[18:30:44.005] [bmv2] [D] [thread 7424] [4.0] [cxt 0] Pipeline 'egress': end
[18:30:44.005] [bmv2] [D] [thread 7424] [4.0] [cxt 0] Deparser 'deparser': start
[18:30:44.005] [bmv2] [T] [thread 7424] [4.0] [cxt 0] Skipping checksum 'cksum' update because condition not met
[18:30:44.005] [bmv2] [D] [thread 7424] [4.0] [cxt 0] Deparsing header 'ethernet'
[18:30:44.005] [bmv2] [D] [thread 7424] [4.0] [cxt 0] Deparser 'deparser': end
[18:30:44.005] [bmv2] [D] [thread 7428] [4.0] [cxt 0] Transmitting packet of size 70 out of port 0
[18:30:50.905] [bmv2] [D] [thread 7423] [5.0] [cxt 0] Processing packet received on port 1
[18:30:50.905] [bmv2] [D] [thread 7423] [5.0] [cxt 0] Parser 'parser': start
[18:30:50.905] [bmv2] [D] [thread 7423] [5.0] [cxt 0] Parser 'parser' entering state 'start'
[18:30:50.905] [bmv2] [D] [thread 7423] [5.0] [cxt 0] Extracting header 'ethernet'
[18:30:50.905] [bmv2] [D] [thread 7423] [5.0] [cxt 0] Parser state 'start': key is 86dd
[18:30:50.905] [bmv2] [T] [thread 7423] [5.0] [cxt 0] Bytes parsed: 14
[18:30:50.905] [bmv2] [D] [thread 7423] [5.0] [cxt 0] Parser 'parser': end
[18:30:50.905] [bmv2] [D] [thread 7423] [5.0] [cxt 0] Pipeline 'ingress': start
[18:30:50.906] [bmv2] [T] [thread 7423] [5.0] [cxt 0] qos.p4(237) Condition "hdr.vlan.isValid()" (node_2) is false
[18:30:50.906] [bmv2] [T] [thread 7423] [5.0] [cxt 0] Applying table 'MyIngress.mac_exact'
[18:30:50.908] [bmv2] [D] [thread 7423] [5.0] [cxt 0] Looking up key:
* hdr.ethernet.dstAddr: 333300000002

[18:30:50.908] [bmv2] [D] [thread 7423] [5.0] [cxt 0] Table 'MyIngress.mac_exact': miss
[18:30:50.908] [bmv2] [D] [thread 7423] [5.0] [cxt 0] Action entry is NoAction - 
[18:30:50.908] [bmv2] [T] [thread 7423] [5.0] [cxt 0] Action NoAction
[18:30:50.908] [bmv2] [T] [thread 7423] [5.0] [cxt 0] qos.p4(243) Condition "hdr.ipv4.isValid()" (node_5) is false
[18:30:50.909] [bmv2] [D] [thread 7423] [5.0] [cxt 0] Pipeline 'ingress': end
[18:30:50.909] [bmv2] [D] [thread 7423] [5.0] [cxt 0] Egress port is 0
[18:30:50.910] [bmv2] [D] [thread 7424] [5.0] [cxt 0] Pipeline 'egress': start
[18:30:50.911] [bmv2] [D] [thread 7424] [5.0] [cxt 0] Pipeline 'egress': end
[18:30:50.911] [bmv2] [D] [thread 7424] [5.0] [cxt 0] Deparser 'deparser': start
[18:30:50.911] [bmv2] [T] [thread 7424] [5.0] [cxt 0] Skipping checksum 'cksum' update because condition not met
[18:30:50.911] [bmv2] [D] [thread 7424] [5.0] [cxt 0] Deparsing header 'ethernet'
[18:30:50.911] [bmv2] [D] [thread 7424] [5.0] [cxt 0] Deparser 'deparser': end
[18:30:50.911] [bmv2] [D] [thread 7428] [5.0] [cxt 0] Transmitting packet of size 70 out of port 0
[18:30:51.412] [bmv2] [D] [thread 7423] [6.0] [cxt 0] Processing packet received on port 2
[18:30:51.412] [bmv2] [D] [thread 7423] [6.0] [cxt 0] Parser 'parser': start
[18:30:51.412] [bmv2] [D] [thread 7423] [6.0] [cxt 0] Parser 'parser' entering state 'start'
[18:30:51.412] [bmv2] [D] [thread 7423] [6.0] [cxt 0] Extracting header 'ethernet'
[18:30:51.413] [bmv2] [D] [thread 7423] [6.0] [cxt 0] Parser state 'start': key is 86dd
[18:30:51.413] [bmv2] [T] [thread 7423] [6.0] [cxt 0] Bytes parsed: 14
[18:30:51.413] [bmv2] [D] [thread 7423] [6.0] [cxt 0] Parser 'parser': end
[18:30:51.413] [bmv2] [D] [thread 7423] [6.0] [cxt 0] Pipeline 'ingress': start
[18:30:51.413] [bmv2] [T] [thread 7423] [6.0] [cxt 0] qos.p4(237) Condition "hdr.vlan.isValid()" (node_2) is false
[18:30:51.413] [bmv2] [T] [thread 7423] [6.0] [cxt 0] Applying table 'MyIngress.mac_exact'
[18:30:51.414] [bmv2] [D] [thread 7423] [6.0] [cxt 0] Looking up key:
* hdr.ethernet.dstAddr: 333300000002

[18:30:51.414] [bmv2] [D] [thread 7423] [6.0] [cxt 0] Table 'MyIngress.mac_exact': miss
[18:30:51.414] [bmv2] [D] [thread 7423] [6.0] [cxt 0] Action entry is NoAction - 
[18:30:51.414] [bmv2] [T] [thread 7423] [6.0] [cxt 0] Action NoAction
[18:30:51.414] [bmv2] [T] [thread 7423] [6.0] [cxt 0] qos.p4(243) Condition "hdr.ipv4.isValid()" (node_5) is false
[18:30:51.414] [bmv2] [D] [thread 7423] [6.0] [cxt 0] Pipeline 'ingress': end
[18:30:51.414] [bmv2] [D] [thread 7423] [6.0] [cxt 0] Egress port is 0
[18:30:51.419] [bmv2] [D] [thread 7424] [6.0] [cxt 0] Pipeline 'egress': start
[18:30:51.419] [bmv2] [D] [thread 7424] [6.0] [cxt 0] Pipeline 'egress': end
[18:30:51.419] [bmv2] [D] [thread 7424] [6.0] [cxt 0] Deparser 'deparser': start
[18:30:51.419] [bmv2] [T] [thread 7424] [6.0] [cxt 0] Skipping checksum 'cksum' update because condition not met
[18:30:51.419] [bmv2] [D] [thread 7424] [6.0] [cxt 0] Deparsing header 'ethernet'
[18:30:51.419] [bmv2] [D] [thread 7424] [6.0] [cxt 0] Deparser 'deparser': end
[18:30:51.419] [bmv2] [D] [thread 7428] [6.0] [cxt 0] Transmitting packet of size 70 out of port 0
[18:30:52.181] [bmv2] [D] [thread 7423] [7.0] [cxt 0] Processing packet received on port 2
[18:30:52.181] [bmv2] [D] [thread 7423] [7.0] [cxt 0] Parser 'parser': start
[18:30:52.182] [bmv2] [D] [thread 7423] [7.0] [cxt 0] Parser 'parser' entering state 'start'
[18:30:52.182] [bmv2] [D] [thread 7423] [7.0] [cxt 0] Extracting header 'ethernet'
[18:30:52.182] [bmv2] [D] [thread 7423] [7.0] [cxt 0] Parser state 'start': key is 86dd
[18:30:52.182] [bmv2] [T] [thread 7423] [7.0] [cxt 0] Bytes parsed: 14
[18:30:52.182] [bmv2] [D] [thread 7423] [7.0] [cxt 0] Parser 'parser': end
[18:30:52.182] [bmv2] [D] [thread 7423] [7.0] [cxt 0] Pipeline 'ingress': start
[18:30:52.182] [bmv2] [T] [thread 7423] [7.0] [cxt 0] qos.p4(237) Condition "hdr.vlan.isValid()" (node_2) is false
[18:30:52.183] [bmv2] [T] [thread 7423] [7.0] [cxt 0] Applying table 'MyIngress.mac_exact'
[18:30:52.183] [bmv2] [D] [thread 7423] [7.0] [cxt 0] Looking up key:
* hdr.ethernet.dstAddr: 333300000002

[18:30:52.183] [bmv2] [D] [thread 7423] [7.0] [cxt 0] Table 'MyIngress.mac_exact': miss
[18:30:52.183] [bmv2] [D] [thread 7423] [7.0] [cxt 0] Action entry is NoAction - 
[18:30:52.183] [bmv2] [T] [thread 7423] [7.0] [cxt 0] Action NoAction
[18:30:52.184] [bmv2] [T] [thread 7423] [7.0] [cxt 0] qos.p4(243) Condition "hdr.ipv4.isValid()" (node_5) is false
[18:30:52.184] [bmv2] [D] [thread 7423] [7.0] [cxt 0] Pipeline 'ingress': end
[18:30:52.184] [bmv2] [D] [thread 7423] [7.0] [cxt 0] Egress port is 0
[18:30:52.185] [bmv2] [D] [thread 7424] [7.0] [cxt 0] Pipeline 'egress': start
[18:30:52.185] [bmv2] [D] [thread 7424] [7.0] [cxt 0] Pipeline 'egress': end
[18:30:52.185] [bmv2] [D] [thread 7424] [7.0] [cxt 0] Deparser 'deparser': start
[18:30:52.185] [bmv2] [T] [thread 7424] [7.0] [cxt 0] Skipping checksum 'cksum' update because condition not met
[18:30:52.185] [bmv2] [D] [thread 7424] [7.0] [cxt 0] Deparsing header 'ethernet'
[18:30:52.185] [bmv2] [D] [thread 7424] [7.0] [cxt 0] Deparser 'deparser': end
[18:30:52.185] [bmv2] [D] [thread 7428] [7.0] [cxt 0] Transmitting packet of size 70 out of port 0
[18:30:52.435] [bmv2] [D] [thread 7423] [8.0] [cxt 0] Processing packet received on port 3
[18:30:52.435] [bmv2] [D] [thread 7423] [8.0] [cxt 0] Parser 'parser': start
[18:30:52.440] [bmv2] [D] [thread 7423] [8.0] [cxt 0] Parser 'parser' entering state 'start'
[18:30:52.441] [bmv2] [D] [thread 7423] [8.0] [cxt 0] Extracting header 'ethernet'
[18:30:52.441] [bmv2] [D] [thread 7423] [8.0] [cxt 0] Parser state 'start': key is 86dd
[18:30:52.441] [bmv2] [T] [thread 7423] [8.0] [cxt 0] Bytes parsed: 14
[18:30:52.441] [bmv2] [D] [thread 7423] [8.0] [cxt 0] Parser 'parser': end
[18:30:52.441] [bmv2] [D] [thread 7423] [8.0] [cxt 0] Pipeline 'ingress': start
[18:30:52.441] [bmv2] [T] [thread 7423] [8.0] [cxt 0] qos.p4(237) Condition "hdr.vlan.isValid()" (node_2) is false
[18:30:52.441] [bmv2] [T] [thread 7423] [8.0] [cxt 0] Applying table 'MyIngress.mac_exact'
[18:30:52.441] [bmv2] [D] [thread 7423] [8.0] [cxt 0] Looking up key:
* hdr.ethernet.dstAddr: 333300000002

[18:30:52.441] [bmv2] [D] [thread 7423] [8.0] [cxt 0] Table 'MyIngress.mac_exact': miss
[18:30:52.441] [bmv2] [D] [thread 7423] [8.0] [cxt 0] Action entry is NoAction - 
[18:30:52.442] [bmv2] [T] [thread 7423] [8.0] [cxt 0] Action NoAction
[18:30:52.442] [bmv2] [T] [thread 7423] [8.0] [cxt 0] qos.p4(243) Condition "hdr.ipv4.isValid()" (node_5) is false
[18:30:52.442] [bmv2] [D] [thread 7423] [8.0] [cxt 0] Pipeline 'ingress': end
[18:30:52.442] [bmv2] [D] [thread 7423] [8.0] [cxt 0] Egress port is 0
[18:30:52.447] [bmv2] [D] [thread 7424] [8.0] [cxt 0] Pipeline 'egress': start
[18:30:52.447] [bmv2] [D] [thread 7424] [8.0] [cxt 0] Pipeline 'egress': end
[18:30:52.447] [bmv2] [D] [thread 7424] [8.0] [cxt 0] Deparser 'deparser': start
[18:30:52.447] [bmv2] [T] [thread 7424] [8.0] [cxt 0] Skipping checksum 'cksum' update because condition not met
[18:30:52.447] [bmv2] [D] [thread 7424] [8.0] [cxt 0] Deparsing header 'ethernet'
[18:30:52.447] [bmv2] [D] [thread 7424] [8.0] [cxt 0] Deparser 'deparser': end
[18:30:52.447] [bmv2] [D] [thread 7428] [8.0] [cxt 0] Transmitting packet of size 70 out of port 0
[18:30:52.447] [bmv2] [D] [thread 7423] [9.0] [cxt 0] Processing packet received on port 3
[18:30:52.447] [bmv2] [D] [thread 7423] [9.0] [cxt 0] Parser 'parser': start
[18:30:52.447] [bmv2] [D] [thread 7423] [9.0] [cxt 0] Parser 'parser' entering state 'start'
[18:30:52.447] [bmv2] [D] [thread 7423] [9.0] [cxt 0] Extracting header 'ethernet'
[18:30:52.448] [bmv2] [D] [thread 7423] [9.0] [cxt 0] Parser state 'start': key is 86dd
[18:30:52.448] [bmv2] [T] [thread 7423] [9.0] [cxt 0] Bytes parsed: 14
[18:30:52.448] [bmv2] [D] [thread 7423] [9.0] [cxt 0] Parser 'parser': end
[18:30:52.448] [bmv2] [D] [thread 7423] [9.0] [cxt 0] Pipeline 'ingress': start
[18:30:52.448] [bmv2] [T] [thread 7423] [9.0] [cxt 0] qos.p4(237) Condition "hdr.vlan.isValid()" (node_2) is false
[18:30:52.448] [bmv2] [T] [thread 7423] [9.0] [cxt 0] Applying table 'MyIngress.mac_exact'
[18:30:52.448] [bmv2] [D] [thread 7423] [9.0] [cxt 0] Looking up key:
* hdr.ethernet.dstAddr: 333300000002

[18:30:52.448] [bmv2] [D] [thread 7423] [9.0] [cxt 0] Table 'MyIngress.mac_exact': miss
[18:30:52.448] [bmv2] [D] [thread 7423] [9.0] [cxt 0] Action entry is NoAction - 
[18:30:52.448] [bmv2] [T] [thread 7423] [9.0] [cxt 0] Action NoAction
[18:30:52.448] [bmv2] [T] [thread 7423] [9.0] [cxt 0] qos.p4(243) Condition "hdr.ipv4.isValid()" (node_5) is false
[18:30:52.448] [bmv2] [D] [thread 7423] [9.0] [cxt 0] Pipeline 'ingress': end
[18:30:52.448] [bmv2] [D] [thread 7423] [9.0] [cxt 0] Egress port is 0
[18:30:52.449] [bmv2] [D] [thread 7424] [9.0] [cxt 0] Pipeline 'egress': start
[18:30:52.449] [bmv2] [D] [thread 7424] [9.0] [cxt 0] Pipeline 'egress': end
[18:30:52.449] [bmv2] [D] [thread 7424] [9.0] [cxt 0] Deparser 'deparser': start
[18:30:52.449] [bmv2] [T] [thread 7424] [9.0] [cxt 0] Skipping checksum 'cksum' update because condition not met
[18:30:52.450] [bmv2] [D] [thread 7424] [9.0] [cxt 0] Deparsing header 'ethernet'
[18:30:52.450] [bmv2] [D] [thread 7424] [9.0] [cxt 0] Deparser 'deparser': end
[18:30:52.450] [bmv2] [D] [thread 7428] [9.0] [cxt 0] Transmitting packet of size 70 out of port 0
[18:31:06.005] [bmv2] [D] [thread 7423] [10.0] [cxt 0] Processing packet received on port 1
[18:31:06.005] [bmv2] [D] [thread 7423] [10.0] [cxt 0] Parser 'parser': start
[18:31:06.005] [bmv2] [D] [thread 7423] [10.0] [cxt 0] Parser 'parser' entering state 'start'
[18:31:06.005] [bmv2] [D] [thread 7423] [10.0] [cxt 0] Extracting header 'ethernet'
[18:31:06.006] [bmv2] [D] [thread 7423] [10.0] [cxt 0] Parser state 'start': key is 86dd
[18:31:06.006] [bmv2] [T] [thread 7423] [10.0] [cxt 0] Bytes parsed: 14
[18:31:06.006] [bmv2] [D] [thread 7423] [10.0] [cxt 0] Parser 'parser': end
[18:31:06.007] [bmv2] [D] [thread 7423] [10.0] [cxt 0] Pipeline 'ingress': start
[18:31:06.007] [bmv2] [T] [thread 7423] [10.0] [cxt 0] qos.p4(237) Condition "hdr.vlan.isValid()" (node_2) is false
[18:31:06.008] [bmv2] [T] [thread 7423] [10.0] [cxt 0] Applying table 'MyIngress.mac_exact'
[18:31:06.008] [bmv2] [D] [thread 7423] [10.0] [cxt 0] Looking up key:
* hdr.ethernet.dstAddr: 333300000002

[18:31:06.008] [bmv2] [D] [thread 7423] [10.0] [cxt 0] Table 'MyIngress.mac_exact': miss
[18:31:06.009] [bmv2] [D] [thread 7423] [10.0] [cxt 0] Action entry is NoAction - 
[18:31:06.009] [bmv2] [T] [thread 7423] [10.0] [cxt 0] Action NoAction
[18:31:06.009] [bmv2] [T] [thread 7423] [10.0] [cxt 0] qos.p4(243) Condition "hdr.ipv4.isValid()" (node_5) is false
[18:31:06.009] [bmv2] [D] [thread 7423] [10.0] [cxt 0] Pipeline 'ingress': end
[18:31:06.009] [bmv2] [D] [thread 7423] [10.0] [cxt 0] Egress port is 0
[18:31:06.010] [bmv2] [D] [thread 7424] [10.0] [cxt 0] Pipeline 'egress': start
[18:31:06.010] [bmv2] [D] [thread 7424] [10.0] [cxt 0] Pipeline 'egress': end
[18:31:06.010] [bmv2] [D] [thread 7424] [10.0] [cxt 0] Deparser 'deparser': start
[18:31:06.010] [bmv2] [T] [thread 7424] [10.0] [cxt 0] Skipping checksum 'cksum' update because condition not met
[18:31:06.010] [bmv2] [D] [thread 7424] [10.0] [cxt 0] Deparsing header 'ethernet'
[18:31:06.010] [bmv2] [D] [thread 7424] [10.0] [cxt 0] Deparser 'deparser': end
[18:31:06.010] [bmv2] [D] [thread 7428] [10.0] [cxt 0] Transmitting packet of size 70 out of port 0
[18:31:07.283] [bmv2] [D] [thread 7423] [11.0] [cxt 0] Processing packet received on port 2
[18:31:07.288] [bmv2] [D] [thread 7423] [11.0] [cxt 0] Parser 'parser': start
[18:31:07.288] [bmv2] [D] [thread 7423] [11.0] [cxt 0] Parser 'parser' entering state 'start'
[18:31:07.288] [bmv2] [D] [thread 7423] [11.0] [cxt 0] Extracting header 'ethernet'
[18:31:07.289] [bmv2] [D] [thread 7423] [11.0] [cxt 0] Parser state 'start': key is 86dd
[18:31:07.289] [bmv2] [T] [thread 7423] [11.0] [cxt 0] Bytes parsed: 14
[18:31:07.289] [bmv2] [D] [thread 7423] [11.0] [cxt 0] Parser 'parser': end
[18:31:07.289] [bmv2] [D] [thread 7423] [11.0] [cxt 0] Pipeline 'ingress': start
[18:31:07.289] [bmv2] [T] [thread 7423] [11.0] [cxt 0] qos.p4(237) Condition "hdr.vlan.isValid()" (node_2) is false
[18:31:07.289] [bmv2] [T] [thread 7423] [11.0] [cxt 0] Applying table 'MyIngress.mac_exact'
[18:31:07.289] [bmv2] [D] [thread 7423] [11.0] [cxt 0] Looking up key:
* hdr.ethernet.dstAddr: 333300000002

[18:31:07.289] [bmv2] [D] [thread 7423] [11.0] [cxt 0] Table 'MyIngress.mac_exact': miss
[18:31:07.289] [bmv2] [D] [thread 7423] [11.0] [cxt 0] Action entry is NoAction - 
[18:31:07.290] [bmv2] [T] [thread 7423] [11.0] [cxt 0] Action NoAction
[18:31:07.290] [bmv2] [T] [thread 7423] [11.0] [cxt 0] qos.p4(243) Condition "hdr.ipv4.isValid()" (node_5) is false
[18:31:07.290] [bmv2] [D] [thread 7423] [11.0] [cxt 0] Pipeline 'ingress': end
[18:31:07.290] [bmv2] [D] [thread 7423] [11.0] [cxt 0] Egress port is 0
[18:31:07.292] [bmv2] [D] [thread 7424] [11.0] [cxt 0] Pipeline 'egress': start
[18:31:07.292] [bmv2] [D] [thread 7424] [11.0] [cxt 0] Pipeline 'egress': end
[18:31:07.292] [bmv2] [D] [thread 7424] [11.0] [cxt 0] Deparser 'deparser': start
[18:31:07.292] [bmv2] [T] [thread 7424] [11.0] [cxt 0] Skipping checksum 'cksum' update because condition not met
[18:31:07.293] [bmv2] [D] [thread 7424] [11.0] [cxt 0] Deparsing header 'ethernet'
[18:31:07.293] [bmv2] [D] [thread 7424] [11.0] [cxt 0] Deparser 'deparser': end
[18:31:07.293] [bmv2] [D] [thread 7428] [11.0] [cxt 0] Transmitting packet of size 70 out of port 0
[18:31:07.541] [bmv2] [D] [thread 7423] [12.0] [cxt 0] Processing packet received on port 2
[18:31:07.541] [bmv2] [D] [thread 7423] [12.0] [cxt 0] Parser 'parser': start
[18:31:07.541] [bmv2] [D] [thread 7423] [12.0] [cxt 0] Parser 'parser' entering state 'start'
[18:31:07.541] [bmv2] [D] [thread 7423] [12.0] [cxt 0] Extracting header 'ethernet'
[18:31:07.541] [bmv2] [D] [thread 7423] [12.0] [cxt 0] Parser state 'start': key is 86dd
[18:31:07.541] [bmv2] [T] [thread 7423] [12.0] [cxt 0] Bytes parsed: 14
[18:31:07.541] [bmv2] [D] [thread 7423] [12.0] [cxt 0] Parser 'parser': end
[18:31:07.541] [bmv2] [D] [thread 7423] [12.0] [cxt 0] Pipeline 'ingress': start
[18:31:07.541] [bmv2] [T] [thread 7423] [12.0] [cxt 0] qos.p4(237) Condition "hdr.vlan.isValid()" (node_2) is false
[18:31:07.542] [bmv2] [T] [thread 7423] [12.0] [cxt 0] Applying table 'MyIngress.mac_exact'
[18:31:07.542] [bmv2] [D] [thread 7423] [12.0] [cxt 0] Looking up key:
* hdr.ethernet.dstAddr: 333300000002

[18:31:07.543] [bmv2] [D] [thread 7423] [12.0] [cxt 0] Table 'MyIngress.mac_exact': miss
[18:31:07.543] [bmv2] [D] [thread 7423] [12.0] [cxt 0] Action entry is NoAction - 
[18:31:07.543] [bmv2] [T] [thread 7423] [12.0] [cxt 0] Action NoAction
[18:31:07.545] [bmv2] [T] [thread 7423] [12.0] [cxt 0] qos.p4(243) Condition "hdr.ipv4.isValid()" (node_5) is false
[18:31:07.546] [bmv2] [D] [thread 7423] [12.0] [cxt 0] Pipeline 'ingress': end
[18:31:07.547] [bmv2] [D] [thread 7423] [12.0] [cxt 0] Egress port is 0
[18:31:07.548] [bmv2] [D] [thread 7424] [12.0] [cxt 0] Pipeline 'egress': start
[18:31:07.548] [bmv2] [D] [thread 7424] [12.0] [cxt 0] Pipeline 'egress': end
[18:31:07.548] [bmv2] [D] [thread 7424] [12.0] [cxt 0] Deparser 'deparser': start
[18:31:07.548] [bmv2] [T] [thread 7424] [12.0] [cxt 0] Skipping checksum 'cksum' update because condition not met
[18:31:07.548] [bmv2] [D] [thread 7424] [12.0] [cxt 0] Deparsing header 'ethernet'
[18:31:07.548] [bmv2] [D] [thread 7424] [12.0] [cxt 0] Deparser 'deparser': end
[18:31:07.548] [bmv2] [D] [thread 7428] [12.0] [cxt 0] Transmitting packet of size 70 out of port 0
[18:31:09.080] [bmv2] [D] [thread 7423] [13.0] [cxt 0] Processing packet received on port 3
[18:31:09.080] [bmv2] [D] [thread 7423] [13.0] [cxt 0] Parser 'parser': start
[18:31:09.080] [bmv2] [D] [thread 7423] [13.0] [cxt 0] Parser 'parser' entering state 'start'
[18:31:09.080] [bmv2] [D] [thread 7423] [13.0] [cxt 0] Extracting header 'ethernet'
[18:31:09.081] [bmv2] [D] [thread 7423] [13.0] [cxt 0] Parser state 'start': key is 86dd
[18:31:09.083] [bmv2] [T] [thread 7423] [13.0] [cxt 0] Bytes parsed: 14
[18:31:09.085] [bmv2] [D] [thread 7423] [13.0] [cxt 0] Parser 'parser': end
[18:31:09.085] [bmv2] [D] [thread 7423] [13.0] [cxt 0] Pipeline 'ingress': start
[18:31:09.085] [bmv2] [T] [thread 7423] [13.0] [cxt 0] qos.p4(237) Condition "hdr.vlan.isValid()" (node_2) is false
[18:31:09.085] [bmv2] [T] [thread 7423] [13.0] [cxt 0] Applying table 'MyIngress.mac_exact'
[18:31:09.085] [bmv2] [D] [thread 7423] [13.0] [cxt 0] Looking up key:
* hdr.ethernet.dstAddr: 333300000002

[18:31:09.085] [bmv2] [D] [thread 7423] [13.0] [cxt 0] Table 'MyIngress.mac_exact': miss
[18:31:09.085] [bmv2] [D] [thread 7423] [13.0] [cxt 0] Action entry is NoAction - 
[18:31:09.085] [bmv2] [T] [thread 7423] [13.0] [cxt 0] Action NoAction
[18:31:09.085] [bmv2] [T] [thread 7423] [13.0] [cxt 0] qos.p4(243) Condition "hdr.ipv4.isValid()" (node_5) is false
[18:31:09.085] [bmv2] [D] [thread 7423] [13.0] [cxt 0] Pipeline 'ingress': end
[18:31:09.085] [bmv2] [D] [thread 7423] [13.0] [cxt 0] Egress port is 0
[18:31:09.085] [bmv2] [D] [thread 7424] [13.0] [cxt 0] Pipeline 'egress': start
[18:31:09.085] [bmv2] [D] [thread 7424] [13.0] [cxt 0] Pipeline 'egress': end
[18:31:09.085] [bmv2] [D] [thread 7424] [13.0] [cxt 0] Deparser 'deparser': start
[18:31:09.085] [bmv2] [T] [thread 7424] [13.0] [cxt 0] Skipping checksum 'cksum' update because condition not met
[18:31:09.085] [bmv2] [D] [thread 7424] [13.0] [cxt 0] Deparsing header 'ethernet'
[18:31:09.085] [bmv2] [D] [thread 7424] [13.0] [cxt 0] Deparser 'deparser': end
[18:31:09.085] [bmv2] [D] [thread 7428] [13.0] [cxt 0] Transmitting packet of size 70 out of port 0
[18:31:11.124] [bmv2] [D] [thread 7423] [14.0] [cxt 0] Processing packet received on port 3
[18:31:11.124] [bmv2] [D] [thread 7423] [14.0] [cxt 0] Parser 'parser': start
[18:31:11.124] [bmv2] [D] [thread 7423] [14.0] [cxt 0] Parser 'parser' entering state 'start'
[18:31:11.124] [bmv2] [D] [thread 7423] [14.0] [cxt 0] Extracting header 'ethernet'
[18:31:11.124] [bmv2] [D] [thread 7423] [14.0] [cxt 0] Parser state 'start': key is 86dd
[18:31:11.124] [bmv2] [T] [thread 7423] [14.0] [cxt 0] Bytes parsed: 14
[18:31:11.124] [bmv2] [D] [thread 7423] [14.0] [cxt 0] Parser 'parser': end
[18:31:11.124] [bmv2] [D] [thread 7423] [14.0] [cxt 0] Pipeline 'ingress': start
[18:31:11.124] [bmv2] [T] [thread 7423] [14.0] [cxt 0] qos.p4(237) Condition "hdr.vlan.isValid()" (node_2) is false
[18:31:11.124] [bmv2] [T] [thread 7423] [14.0] [cxt 0] Applying table 'MyIngress.mac_exact'
[18:31:11.124] [bmv2] [D] [thread 7423] [14.0] [cxt 0] Looking up key:
* hdr.ethernet.dstAddr: 333300000002

[18:31:11.124] [bmv2] [D] [thread 7423] [14.0] [cxt 0] Table 'MyIngress.mac_exact': miss
[18:31:11.125] [bmv2] [D] [thread 7423] [14.0] [cxt 0] Action entry is NoAction - 
[18:31:11.125] [bmv2] [T] [thread 7423] [14.0] [cxt 0] Action NoAction
[18:31:11.125] [bmv2] [T] [thread 7423] [14.0] [cxt 0] qos.p4(243) Condition "hdr.ipv4.isValid()" (node_5) is false
[18:31:11.125] [bmv2] [D] [thread 7423] [14.0] [cxt 0] Pipeline 'ingress': end
[18:31:11.125] [bmv2] [D] [thread 7423] [14.0] [cxt 0] Egress port is 0
[18:31:11.125] [bmv2] [D] [thread 7424] [14.0] [cxt 0] Pipeline 'egress': start
[18:31:11.125] [bmv2] [D] [thread 7424] [14.0] [cxt 0] Pipeline 'egress': end
[18:31:11.125] [bmv2] [D] [thread 7424] [14.0] [cxt 0] Deparser 'deparser': start
[18:31:11.125] [bmv2] [T] [thread 7424] [14.0] [cxt 0] Skipping checksum 'cksum' update because condition not met
[18:31:11.125] [bmv2] [D] [thread 7424] [14.0] [cxt 0] Deparsing header 'ethernet'
[18:31:11.125] [bmv2] [D] [thread 7424] [14.0] [cxt 0] Deparser 'deparser': end
[18:31:11.125] [bmv2] [D] [thread 7428] [14.0] [cxt 0] Transmitting packet of size 70 out of port 0
[18:31:37.749] [bmv2] [D] [thread 7423] [15.0] [cxt 0] Processing packet received on port 1
[18:31:37.750] [bmv2] [D] [thread 7423] [15.0] [cxt 0] Parser 'parser': start
[18:31:37.750] [bmv2] [D] [thread 7423] [15.0] [cxt 0] Parser 'parser' entering state 'start'
[18:31:37.750] [bmv2] [D] [thread 7423] [15.0] [cxt 0] Extracting header 'ethernet'
[18:31:37.750] [bmv2] [D] [thread 7423] [15.0] [cxt 0] Parser state 'start': key is 86dd
[18:31:37.750] [bmv2] [T] [thread 7423] [15.0] [cxt 0] Bytes parsed: 14
[18:31:37.750] [bmv2] [D] [thread 7423] [15.0] [cxt 0] Parser 'parser': end
[18:31:37.750] [bmv2] [D] [thread 7423] [15.0] [cxt 0] Pipeline 'ingress': start
[18:31:37.750] [bmv2] [T] [thread 7423] [15.0] [cxt 0] qos.p4(237) Condition "hdr.vlan.isValid()" (node_2) is false
[18:31:37.751] [bmv2] [T] [thread 7423] [15.0] [cxt 0] Applying table 'MyIngress.mac_exact'
[18:31:37.751] [bmv2] [D] [thread 7423] [15.0] [cxt 0] Looking up key:
* hdr.ethernet.dstAddr: 333300000002

[18:31:37.751] [bmv2] [D] [thread 7423] [15.0] [cxt 0] Table 'MyIngress.mac_exact': miss
[18:31:37.751] [bmv2] [D] [thread 7423] [15.0] [cxt 0] Action entry is NoAction - 
[18:31:37.751] [bmv2] [T] [thread 7423] [15.0] [cxt 0] Action NoAction
[18:31:37.751] [bmv2] [T] [thread 7423] [15.0] [cxt 0] qos.p4(243) Condition "hdr.ipv4.isValid()" (node_5) is false
[18:31:37.758] [bmv2] [D] [thread 7423] [15.0] [cxt 0] Pipeline 'ingress': end
[18:31:37.758] [bmv2] [D] [thread 7423] [15.0] [cxt 0] Egress port is 0
[18:31:37.759] [bmv2] [D] [thread 7424] [15.0] [cxt 0] Pipeline 'egress': start
[18:31:37.759] [bmv2] [D] [thread 7424] [15.0] [cxt 0] Pipeline 'egress': end
[18:31:37.759] [bmv2] [D] [thread 7424] [15.0] [cxt 0] Deparser 'deparser': start
[18:31:37.759] [bmv2] [T] [thread 7424] [15.0] [cxt 0] Skipping checksum 'cksum' update because condition not met
[18:31:37.759] [bmv2] [D] [thread 7424] [15.0] [cxt 0] Deparsing header 'ethernet'
[18:31:37.759] [bmv2] [D] [thread 7424] [15.0] [cxt 0] Deparser 'deparser': end
[18:31:37.759] [bmv2] [D] [thread 7428] [15.0] [cxt 0] Transmitting packet of size 70 out of port 0
[18:31:39.804] [bmv2] [D] [thread 7423] [16.0] [cxt 0] Processing packet received on port 2
[18:31:39.804] [bmv2] [D] [thread 7423] [16.0] [cxt 0] Parser 'parser': start
[18:31:39.804] [bmv2] [D] [thread 7423] [16.0] [cxt 0] Parser 'parser' entering state 'start'
[18:31:39.804] [bmv2] [D] [thread 7423] [16.0] [cxt 0] Extracting header 'ethernet'
[18:31:39.805] [bmv2] [D] [thread 7423] [16.0] [cxt 0] Parser state 'start': key is 86dd
[18:31:39.805] [bmv2] [T] [thread 7423] [16.0] [cxt 0] Bytes parsed: 14
[18:31:39.805] [bmv2] [D] [thread 7423] [16.0] [cxt 0] Parser 'parser': end
[18:31:39.805] [bmv2] [D] [thread 7423] [16.0] [cxt 0] Pipeline 'ingress': start
[18:31:39.805] [bmv2] [T] [thread 7423] [16.0] [cxt 0] qos.p4(237) Condition "hdr.vlan.isValid()" (node_2) is false
[18:31:39.805] [bmv2] [T] [thread 7423] [16.0] [cxt 0] Applying table 'MyIngress.mac_exact'
[18:31:39.805] [bmv2] [D] [thread 7423] [16.0] [cxt 0] Looking up key:
* hdr.ethernet.dstAddr: 333300000002

[18:31:39.805] [bmv2] [D] [thread 7423] [16.0] [cxt 0] Table 'MyIngress.mac_exact': miss
[18:31:39.806] [bmv2] [D] [thread 7423] [16.0] [cxt 0] Action entry is NoAction - 
[18:31:39.806] [bmv2] [T] [thread 7423] [16.0] [cxt 0] Action NoAction
[18:31:39.806] [bmv2] [T] [thread 7423] [16.0] [cxt 0] qos.p4(243) Condition "hdr.ipv4.isValid()" (node_5) is false
[18:31:39.806] [bmv2] [D] [thread 7423] [16.0] [cxt 0] Pipeline 'ingress': end
[18:31:39.806] [bmv2] [D] [thread 7423] [16.0] [cxt 0] Egress port is 0
[18:31:39.808] [bmv2] [D] [thread 7424] [16.0] [cxt 0] Pipeline 'egress': start
[18:31:39.808] [bmv2] [D] [thread 7424] [16.0] [cxt 0] Pipeline 'egress': end
[18:31:39.808] [bmv2] [D] [thread 7424] [16.0] [cxt 0] Deparser 'deparser': start
[18:31:39.808] [bmv2] [T] [thread 7424] [16.0] [cxt 0] Skipping checksum 'cksum' update because condition not met
[18:31:39.808] [bmv2] [D] [thread 7424] [16.0] [cxt 0] Deparsing header 'ethernet'
[18:31:39.808] [bmv2] [D] [thread 7424] [16.0] [cxt 0] Deparser 'deparser': end
[18:31:39.809] [bmv2] [D] [thread 7428] [16.0] [cxt 0] Transmitting packet of size 70 out of port 0
[18:31:41.849] [bmv2] [D] [thread 7423] [17.0] [cxt 0] Processing packet received on port 2
[18:31:41.849] [bmv2] [D] [thread 7423] [17.0] [cxt 0] Parser 'parser': start
[18:31:41.849] [bmv2] [D] [thread 7423] [17.0] [cxt 0] Parser 'parser' entering state 'start'
[18:31:41.849] [bmv2] [D] [thread 7423] [17.0] [cxt 0] Extracting header 'ethernet'
[18:31:41.849] [bmv2] [D] [thread 7423] [17.0] [cxt 0] Parser state 'start': key is 86dd
[18:31:41.849] [bmv2] [T] [thread 7423] [17.0] [cxt 0] Bytes parsed: 14
[18:31:41.849] [bmv2] [D] [thread 7423] [17.0] [cxt 0] Parser 'parser': end
[18:31:41.849] [bmv2] [D] [thread 7423] [17.0] [cxt 0] Pipeline 'ingress': start
[18:31:41.850] [bmv2] [T] [thread 7423] [17.0] [cxt 0] qos.p4(237) Condition "hdr.vlan.isValid()" (node_2) is false
[18:31:41.850] [bmv2] [T] [thread 7423] [17.0] [cxt 0] Applying table 'MyIngress.mac_exact'
[18:31:41.850] [bmv2] [D] [thread 7423] [17.0] [cxt 0] Looking up key:
* hdr.ethernet.dstAddr: 333300000002

[18:31:41.850] [bmv2] [D] [thread 7423] [17.0] [cxt 0] Table 'MyIngress.mac_exact': miss
[18:31:41.850] [bmv2] [D] [thread 7423] [17.0] [cxt 0] Action entry is NoAction - 
[18:31:41.850] [bmv2] [T] [thread 7423] [17.0] [cxt 0] Action NoAction
[18:31:41.850] [bmv2] [T] [thread 7423] [17.0] [cxt 0] qos.p4(243) Condition "hdr.ipv4.isValid()" (node_5) is false
[18:31:41.850] [bmv2] [D] [thread 7423] [17.0] [cxt 0] Pipeline 'ingress': end
[18:31:41.850] [bmv2] [D] [thread 7423] [17.0] [cxt 0] Egress port is 0
[18:31:41.851] [bmv2] [D] [thread 7424] [17.0] [cxt 0] Pipeline 'egress': start
[18:31:41.851] [bmv2] [D] [thread 7424] [17.0] [cxt 0] Pipeline 'egress': end
[18:31:41.851] [bmv2] [D] [thread 7424] [17.0] [cxt 0] Deparser 'deparser': start
[18:31:41.851] [bmv2] [T] [thread 7424] [17.0] [cxt 0] Skipping checksum 'cksum' update because condition not met
[18:31:41.851] [bmv2] [D] [thread 7424] [17.0] [cxt 0] Deparsing header 'ethernet'
[18:31:41.851] [bmv2] [D] [thread 7424] [17.0] [cxt 0] Deparser 'deparser': end
[18:31:41.851] [bmv2] [D] [thread 7428] [17.0] [cxt 0] Transmitting packet of size 70 out of port 0
[18:31:43.892] [bmv2] [D] [thread 7423] [18.0] [cxt 0] Processing packet received on port 3
[18:31:43.892] [bmv2] [D] [thread 7423] [18.0] [cxt 0] Parser 'parser': start
[18:31:43.892] [bmv2] [D] [thread 7423] [18.0] [cxt 0] Parser 'parser' entering state 'start'
[18:31:43.892] [bmv2] [D] [thread 7423] [18.0] [cxt 0] Extracting header 'ethernet'
[18:31:43.893] [bmv2] [D] [thread 7423] [18.0] [cxt 0] Parser state 'start': key is 86dd
[18:31:43.893] [bmv2] [T] [thread 7423] [18.0] [cxt 0] Bytes parsed: 14
[18:31:43.893] [bmv2] [D] [thread 7423] [18.0] [cxt 0] Parser 'parser': end
[18:31:43.894] [bmv2] [D] [thread 7423] [18.0] [cxt 0] Pipeline 'ingress': start
[18:31:43.894] [bmv2] [T] [thread 7423] [18.0] [cxt 0] qos.p4(237) Condition "hdr.vlan.isValid()" (node_2) is false
[18:31:43.894] [bmv2] [T] [thread 7423] [18.0] [cxt 0] Applying table 'MyIngress.mac_exact'
[18:31:43.894] [bmv2] [D] [thread 7423] [18.0] [cxt 0] Looking up key:
* hdr.ethernet.dstAddr: 333300000002

[18:31:43.894] [bmv2] [D] [thread 7423] [18.0] [cxt 0] Table 'MyIngress.mac_exact': miss
[18:31:43.895] [bmv2] [D] [thread 7423] [18.0] [cxt 0] Action entry is NoAction - 
[18:31:43.895] [bmv2] [T] [thread 7423] [18.0] [cxt 0] Action NoAction
[18:31:43.895] [bmv2] [T] [thread 7423] [18.0] [cxt 0] qos.p4(243) Condition "hdr.ipv4.isValid()" (node_5) is false
[18:31:43.895] [bmv2] [D] [thread 7423] [18.0] [cxt 0] Pipeline 'ingress': end
[18:31:43.895] [bmv2] [D] [thread 7423] [18.0] [cxt 0] Egress port is 0
[18:31:43.902] [bmv2] [D] [thread 7424] [18.0] [cxt 0] Pipeline 'egress': start
[18:31:43.902] [bmv2] [D] [thread 7424] [18.0] [cxt 0] Pipeline 'egress': end
[18:31:43.902] [bmv2] [D] [thread 7424] [18.0] [cxt 0] Deparser 'deparser': start
[18:31:43.902] [bmv2] [T] [thread 7424] [18.0] [cxt 0] Skipping checksum 'cksum' update because condition not met
[18:31:43.902] [bmv2] [D] [thread 7424] [18.0] [cxt 0] Deparsing header 'ethernet'
[18:31:43.902] [bmv2] [D] [thread 7424] [18.0] [cxt 0] Deparser 'deparser': end
[18:31:43.902] [bmv2] [D] [thread 7428] [18.0] [cxt 0] Transmitting packet of size 70 out of port 0
[18:31:45.944] [bmv2] [D] [thread 7423] [19.0] [cxt 0] Processing packet received on port 3
[18:31:45.944] [bmv2] [D] [thread 7423] [19.0] [cxt 0] Parser 'parser': start
[18:31:45.944] [bmv2] [D] [thread 7423] [19.0] [cxt 0] Parser 'parser' entering state 'start'
[18:31:45.944] [bmv2] [D] [thread 7423] [19.0] [cxt 0] Extracting header 'ethernet'
[18:31:45.944] [bmv2] [D] [thread 7423] [19.0] [cxt 0] Parser state 'start': key is 86dd
[18:31:45.944] [bmv2] [T] [thread 7423] [19.0] [cxt 0] Bytes parsed: 14
[18:31:45.944] [bmv2] [D] [thread 7423] [19.0] [cxt 0] Parser 'parser': end
[18:31:45.944] [bmv2] [D] [thread 7423] [19.0] [cxt 0] Pipeline 'ingress': start
[18:31:45.945] [bmv2] [T] [thread 7423] [19.0] [cxt 0] qos.p4(237) Condition "hdr.vlan.isValid()" (node_2) is false
[18:31:45.945] [bmv2] [T] [thread 7423] [19.0] [cxt 0] Applying table 'MyIngress.mac_exact'
[18:31:45.945] [bmv2] [D] [thread 7423] [19.0] [cxt 0] Looking up key:
* hdr.ethernet.dstAddr: 333300000002

[18:31:45.945] [bmv2] [D] [thread 7423] [19.0] [cxt 0] Table 'MyIngress.mac_exact': miss
[18:31:45.945] [bmv2] [D] [thread 7423] [19.0] [cxt 0] Action entry is NoAction - 
[18:31:45.945] [bmv2] [T] [thread 7423] [19.0] [cxt 0] Action NoAction
[18:31:45.945] [bmv2] [T] [thread 7423] [19.0] [cxt 0] qos.p4(243) Condition "hdr.ipv4.isValid()" (node_5) is false
[18:31:45.945] [bmv2] [D] [thread 7423] [19.0] [cxt 0] Pipeline 'ingress': end
[18:31:45.945] [bmv2] [D] [thread 7423] [19.0] [cxt 0] Egress port is 0
[18:31:45.945] [bmv2] [D] [thread 7424] [19.0] [cxt 0] Pipeline 'egress': start
[18:31:45.946] [bmv2] [D] [thread 7424] [19.0] [cxt 0] Pipeline 'egress': end
[18:31:45.946] [bmv2] [D] [thread 7424] [19.0] [cxt 0] Deparser 'deparser': start
[18:31:45.946] [bmv2] [T] [thread 7424] [19.0] [cxt 0] Skipping checksum 'cksum' update because condition not met
[18:31:45.946] [bmv2] [D] [thread 7424] [19.0] [cxt 0] Deparsing header 'ethernet'
[18:31:45.946] [bmv2] [D] [thread 7424] [19.0] [cxt 0] Deparser 'deparser': end
[18:31:45.947] [bmv2] [D] [thread 7428] [19.0] [cxt 0] Transmitting packet of size 70 out of port 0
open: No such file or directory
open: No such file or directory
open: No such file or directory
open: No such file or directory
open: No such file or directory
open: No such file or directory
